2025-04-24 10:26:47,062[INFO][main.py][main]: 
	MAIN_PATH: /groups/pupko/elyawygoda/simulator_paper/bat_analysis/other_msas/64434_NT_AL_AA,
	SEED: 1745479607054498483, NUM_SIMS: 100000, NUM_SIMS_CORRECTION: 200, SEQUENCE_TYPE: AA
2025-04-24 10:26:57,058[INFO][simulate_data.py][main]: 
	MAIN_PATH: /groups/pupko/elyawygoda/simulator_paper/bat_analysis/other_msas/64434_NT_AL_AA,
	SEED: 1745479607054498485, NUM_SIMS: 100000,
	LENGTH_DISTRIBUTION: zipf, INDEL_MODEL rim
2025-04-24 10:26:57,104[INFO][simulate_data.py][main]: 
	MAIN_PATH: /groups/pupko/elyawygoda/simulator_paper/bat_analysis/other_msas/64434_NT_AL_AA,
	SEED: 1745479607054498483, NUM_SIMS: 100000,
	LENGTH_DISTRIBUTION: zipf, INDEL_MODEL sim
2025-04-24 10:26:57,218[INFO][simulate_data.py][simulate_data]: Starting msa simulation
2025-04-24 10:26:57,218[INFO][simulate_data.py][simulate_data]: Starting msa simulation
2025-04-24 10:26:58,792[INFO][correction.py][main]: 
	MAIN_PATH: /groups/pupko/elyawygoda/simulator_paper/bat_analysis/other_msas/64434_NT_AL_AA,
	SEED: 1745479607054498484, NUM_SIMS: 200, SEQUENCE_TYPE: AA,
	LENGTH_DISTRIBUTION: zipf, INDEL_MODEL sim
2025-04-24 10:26:58,792[INFO][correction.py][main]: 
	MAIN_PATH: /groups/pupko/elyawygoda/simulator_paper/bat_analysis/other_msas/64434_NT_AL_AA,
	SEED: 1745479607054498486, NUM_SIMS: 200, SEQUENCE_TYPE: AA,
	LENGTH_DISTRIBUTION: zipf, INDEL_MODEL rim
2025-04-24 10:26:58,964[INFO][correction.py][simulate_data]: Starting msa simulation
2025-04-24 10:26:58,978[INFO][correction.py][simulate_data]: Starting msa simulation
2025-04-24 10:31:55,512[INFO][correction.py][simulate_data]: Done with 200 msa simulations
2025-04-24 10:31:55,557[INFO][correction.py][compute_realigned_stats]: Realigning MSAs and recomputing stats
2025-04-24 10:32:13,608[INFO][correction.py][simulate_data]: Done with 200 msa simulations
2025-04-24 10:32:13,635[INFO][correction.py][compute_realigned_stats]: Realigning MSAs and recomputing stats
2025-04-24 13:57:56,246[INFO][simulate_data.py][simulate_data]: Done with 100000 msa simulations
2025-04-24 15:09:01,965[INFO][simulate_data.py][simulate_data]: Done with 100000 msa simulations
2025-04-24 15:13:46,336[INFO][correction.py][compute_realigned_stats]: Done recomputing stats
2025-04-24 15:13:46,337[INFO][correction.py][compute_regressors]: Performing regression on all realigned stats
2025-04-24 15:13:50,563[INFO][correction.py][compute_regressors]: Done with regression
2025-04-24 15:37:18,684[INFO][correction.py][compute_realigned_stats]: Done recomputing stats
2025-04-24 15:37:18,711[INFO][correction.py][compute_regressors]: Performing regression on all realigned stats
2025-04-24 15:37:22,889[INFO][correction.py][compute_regressors]: Done with regression
2025-04-24 15:37:59,543[INFO][abc_inference.py][main]: 
	MAIN_PATH: /groups/pupko/elyawygoda/simulator_paper/bat_analysis/other_msas/64434_NT_AL_AA
