2025-04-24 10:06:01,051[INFO][main.py][main]: 
	MAIN_PATH: /groups/pupko/elyawygoda/simulator_paper/bat_analysis/other_msas/151649_NT_AL_AA,
	SEED: 1745478361016009961, NUM_SIMS: 100000, NUM_SIMS_CORRECTION: 200, SEQUENCE_TYPE: AA
2025-04-24 10:06:47,443[INFO][simulate_data.py][main]: 
	MAIN_PATH: /groups/pupko/elyawygoda/simulator_paper/bat_analysis/other_msas/151649_NT_AL_AA,
	SEED: 1745478361016009961, NUM_SIMS: 100000,
	LENGTH_DISTRIBUTION: zipf, INDEL_MODEL sim
2025-04-24 10:06:47,718[INFO][simulate_data.py][simulate_data]: Starting msa simulation
2025-04-24 10:06:48,702[INFO][simulate_data.py][main]: 
	MAIN_PATH: /groups/pupko/elyawygoda/simulator_paper/bat_analysis/other_msas/151649_NT_AL_AA,
	SEED: 1745478361016009963, NUM_SIMS: 100000,
	LENGTH_DISTRIBUTION: zipf, INDEL_MODEL rim
2025-04-24 10:06:48,835[INFO][simulate_data.py][simulate_data]: Starting msa simulation
2025-04-24 10:06:49,991[INFO][correction.py][main]: 
	MAIN_PATH: /groups/pupko/elyawygoda/simulator_paper/bat_analysis/other_msas/151649_NT_AL_AA,
	SEED: 1745478361016009962, NUM_SIMS: 200, SEQUENCE_TYPE: AA,
	LENGTH_DISTRIBUTION: zipf, INDEL_MODEL sim
2025-04-24 10:06:50,139[INFO][correction.py][main]: 
	MAIN_PATH: /groups/pupko/elyawygoda/simulator_paper/bat_analysis/other_msas/151649_NT_AL_AA,
	SEED: 1745478361016009964, NUM_SIMS: 200, SEQUENCE_TYPE: AA,
	LENGTH_DISTRIBUTION: zipf, INDEL_MODEL rim
2025-04-24 10:06:50,315[INFO][correction.py][simulate_data]: Starting msa simulation
2025-04-24 10:06:50,378[INFO][correction.py][simulate_data]: Starting msa simulation
2025-04-24 10:13:10,071[INFO][correction.py][simulate_data]: Done with 200 msa simulations
2025-04-24 10:13:10,119[INFO][correction.py][compute_realigned_stats]: Realigning MSAs and recomputing stats
2025-04-24 10:13:40,573[INFO][correction.py][simulate_data]: Done with 200 msa simulations
2025-04-24 10:13:40,598[INFO][correction.py][compute_realigned_stats]: Realigning MSAs and recomputing stats
2025-04-24 13:03:39,092[INFO][correction.py][compute_realigned_stats]: Done recomputing stats
2025-04-24 13:03:39,109[INFO][correction.py][compute_regressors]: Performing regression on all realigned stats
2025-04-24 13:03:45,057[INFO][correction.py][compute_regressors]: Done with regression
2025-04-24 13:49:04,038[INFO][correction.py][compute_realigned_stats]: Done recomputing stats
2025-04-24 13:49:04,157[INFO][correction.py][compute_regressors]: Performing regression on all realigned stats
2025-04-24 13:49:08,480[INFO][correction.py][compute_regressors]: Done with regression
2025-04-25 07:14:34,857[INFO][simulate_data.py][simulate_data]: Done with 100000 msa simulations
2025-04-25 08:14:34,151[INFO][simulate_data.py][simulate_data]: Done with 100000 msa simulations
2025-04-25 08:15:00,149[INFO][abc_inference.py][main]: 
	MAIN_PATH: /groups/pupko/elyawygoda/simulator_paper/bat_analysis/other_msas/151649_NT_AL_AA
