2025-04-24 10:06:14,997[INFO][main.py][main]: 
	MAIN_PATH: /groups/pupko/elyawygoda/simulator_paper/bat_analysis/other_msas/100130274_NT_AL_AA,
	SEED: 1745478374979689855, NUM_SIMS: 100000, NUM_SIMS_CORRECTION: 200, SEQUENCE_TYPE: AA
2025-04-24 10:06:47,576[INFO][simulate_data.py][main]: 
	MAIN_PATH: /groups/pupko/elyawygoda/simulator_paper/bat_analysis/other_msas/100130274_NT_AL_AA,
	SEED: 1745478374979689857, NUM_SIMS: 100000,
	LENGTH_DISTRIBUTION: zipf, INDEL_MODEL rim
2025-04-24 10:06:47,815[INFO][simulate_data.py][simulate_data]: Starting msa simulation
2025-04-24 10:06:48,074[INFO][simulate_data.py][main]: 
	MAIN_PATH: /groups/pupko/elyawygoda/simulator_paper/bat_analysis/other_msas/100130274_NT_AL_AA,
	SEED: 1745478374979689855, NUM_SIMS: 100000,
	LENGTH_DISTRIBUTION: zipf, INDEL_MODEL sim
2025-04-24 10:06:48,241[INFO][simulate_data.py][simulate_data]: Starting msa simulation
2025-04-24 10:06:49,054[INFO][correction.py][main]: 
	MAIN_PATH: /groups/pupko/elyawygoda/simulator_paper/bat_analysis/other_msas/100130274_NT_AL_AA,
	SEED: 1745478374979689858, NUM_SIMS: 200, SEQUENCE_TYPE: AA,
	LENGTH_DISTRIBUTION: zipf, INDEL_MODEL rim
2025-04-24 10:06:49,416[INFO][correction.py][simulate_data]: Starting msa simulation
2025-04-24 10:06:49,494[INFO][correction.py][main]: 
	MAIN_PATH: /groups/pupko/elyawygoda/simulator_paper/bat_analysis/other_msas/100130274_NT_AL_AA,
	SEED: 1745478374979689856, NUM_SIMS: 200, SEQUENCE_TYPE: AA,
	LENGTH_DISTRIBUTION: zipf, INDEL_MODEL sim
2025-04-24 10:06:49,665[INFO][correction.py][simulate_data]: Starting msa simulation
2025-04-24 10:06:58,099[INFO][correction.py][simulate_data]: Done with 200 msa simulations
2025-04-24 10:06:58,186[INFO][correction.py][compute_realigned_stats]: Realigning MSAs and recomputing stats
2025-04-24 10:06:59,813[INFO][correction.py][simulate_data]: Done with 200 msa simulations
2025-04-24 10:06:59,947[INFO][correction.py][compute_realigned_stats]: Realigning MSAs and recomputing stats
2025-04-24 10:53:11,759[INFO][simulate_data.py][simulate_data]: Done with 100000 msa simulations
2025-04-24 11:02:10,303[INFO][simulate_data.py][simulate_data]: Done with 100000 msa simulations
2025-04-24 11:59:06,432[INFO][correction.py][compute_realigned_stats]: Done recomputing stats
2025-04-24 11:59:06,447[INFO][correction.py][compute_regressors]: Performing regression on all realigned stats
2025-04-24 11:59:11,524[INFO][correction.py][compute_regressors]: Done with regression
2025-04-24 12:35:35,430[INFO][correction.py][compute_realigned_stats]: Done recomputing stats
2025-04-24 12:35:35,499[INFO][correction.py][compute_regressors]: Performing regression on all realigned stats
2025-04-24 12:35:40,033[INFO][correction.py][compute_regressors]: Done with regression
2025-04-24 12:36:08,484[INFO][abc_inference.py][main]: 
	MAIN_PATH: /groups/pupko/elyawygoda/simulator_paper/bat_analysis/other_msas/100130274_NT_AL_AA
