2025-04-24 09:47:52,631[INFO][main.py][main]: 
	MAIN_PATH: /groups/pupko/elyawygoda/simulator_paper/bat_analysis/bat_msas/63901_NT_AL_AA,
	SEED: 1745477272546531580, NUM_SIMS: 100000, NUM_SIMS_CORRECTION: 200, SEQUENCE_TYPE: AA
2025-04-24 09:49:00,255[INFO][simulate_data.py][main]: 
	MAIN_PATH: /groups/pupko/elyawygoda/simulator_paper/bat_analysis/bat_msas/63901_NT_AL_AA,
	SEED: 1745477272546531580, NUM_SIMS: 100000,
	LENGTH_DISTRIBUTION: zipf, INDEL_MODEL sim
2025-04-24 09:49:00,336[INFO][simulate_data.py][main]: 
	MAIN_PATH: /groups/pupko/elyawygoda/simulator_paper/bat_analysis/bat_msas/63901_NT_AL_AA,
	SEED: 1745477272546531582, NUM_SIMS: 100000,
	LENGTH_DISTRIBUTION: zipf, INDEL_MODEL rim
2025-04-24 09:49:00,483[INFO][simulate_data.py][simulate_data]: Starting msa simulation
2025-04-24 09:49:00,483[INFO][simulate_data.py][simulate_data]: Starting msa simulation
2025-04-24 09:49:03,448[INFO][correction.py][main]: 
	MAIN_PATH: /groups/pupko/elyawygoda/simulator_paper/bat_analysis/bat_msas/63901_NT_AL_AA,
	SEED: 1745477272546531581, NUM_SIMS: 200, SEQUENCE_TYPE: AA,
	LENGTH_DISTRIBUTION: zipf, INDEL_MODEL sim
2025-04-24 09:49:03,475[INFO][correction.py][main]: 
	MAIN_PATH: /groups/pupko/elyawygoda/simulator_paper/bat_analysis/bat_msas/63901_NT_AL_AA,
	SEED: 1745477272546531583, NUM_SIMS: 200, SEQUENCE_TYPE: AA,
	LENGTH_DISTRIBUTION: zipf, INDEL_MODEL rim
2025-04-24 09:49:03,676[INFO][correction.py][simulate_data]: Starting msa simulation
2025-04-24 09:49:03,694[INFO][correction.py][simulate_data]: Starting msa simulation
2025-04-24 09:50:00,700[INFO][correction.py][simulate_data]: Done with 200 msa simulations
2025-04-24 09:50:00,758[INFO][correction.py][compute_realigned_stats]: Realigning MSAs and recomputing stats
2025-04-24 09:50:09,393[INFO][correction.py][simulate_data]: Done with 200 msa simulations
2025-04-24 09:50:09,397[INFO][correction.py][compute_realigned_stats]: Realigning MSAs and recomputing stats
2025-04-24 09:53:56,194[INFO][correction.py][compute_realigned_stats]: Done recomputing stats
2025-04-24 09:53:56,230[INFO][correction.py][compute_regressors]: Performing regression on all realigned stats
2025-04-24 09:54:00,755[INFO][correction.py][compute_regressors]: Done with regression
2025-04-24 09:54:05,649[INFO][correction.py][compute_realigned_stats]: Done recomputing stats
2025-04-24 09:54:05,649[INFO][correction.py][compute_regressors]: Performing regression on all realigned stats
2025-04-24 09:54:09,896[INFO][correction.py][compute_regressors]: Done with regression
2025-04-24 12:40:23,574[INFO][simulate_data.py][simulate_data]: Done with 100000 msa simulations
2025-04-24 12:41:51,758[INFO][simulate_data.py][simulate_data]: Done with 100000 msa simulations
2025-04-24 12:42:16,043[INFO][abc_inference.py][main]: 
	MAIN_PATH: /groups/pupko/elyawygoda/simulator_paper/bat_analysis/bat_msas/63901_NT_AL_AA
