2025-04-24 10:06:00,994[INFO][main.py][main]: 
	MAIN_PATH: /groups/pupko/elyawygoda/simulator_paper/bat_analysis/other_msas/2523_NT_AL_AA,
	SEED: 1745478360961069969, NUM_SIMS: 100000, NUM_SIMS_CORRECTION: 200, SEQUENCE_TYPE: AA
2025-04-24 10:06:44,940[INFO][simulate_data.py][main]: 
	MAIN_PATH: /groups/pupko/elyawygoda/simulator_paper/bat_analysis/other_msas/2523_NT_AL_AA,
	SEED: 1745478360961069971, NUM_SIMS: 100000,
	LENGTH_DISTRIBUTION: zipf, INDEL_MODEL rim
2025-04-24 10:06:45,180[INFO][simulate_data.py][simulate_data]: Starting msa simulation
2025-04-24 10:06:46,264[INFO][simulate_data.py][main]: 
	MAIN_PATH: /groups/pupko/elyawygoda/simulator_paper/bat_analysis/other_msas/2523_NT_AL_AA,
	SEED: 1745478360961069969, NUM_SIMS: 100000,
	LENGTH_DISTRIBUTION: zipf, INDEL_MODEL sim
2025-04-24 10:06:46,441[INFO][simulate_data.py][simulate_data]: Starting msa simulation
2025-04-24 10:06:49,528[INFO][correction.py][main]: 
	MAIN_PATH: /groups/pupko/elyawygoda/simulator_paper/bat_analysis/other_msas/2523_NT_AL_AA,
	SEED: 1745478360961069970, NUM_SIMS: 200, SEQUENCE_TYPE: AA,
	LENGTH_DISTRIBUTION: zipf, INDEL_MODEL sim
2025-04-24 10:06:49,528[INFO][correction.py][main]: 
	MAIN_PATH: /groups/pupko/elyawygoda/simulator_paper/bat_analysis/other_msas/2523_NT_AL_AA,
	SEED: 1745478360961069972, NUM_SIMS: 200, SEQUENCE_TYPE: AA,
	LENGTH_DISTRIBUTION: zipf, INDEL_MODEL rim
2025-04-24 10:06:49,702[INFO][correction.py][simulate_data]: Starting msa simulation
2025-04-24 10:06:49,709[INFO][correction.py][simulate_data]: Starting msa simulation
2025-04-24 10:14:07,362[INFO][correction.py][simulate_data]: Done with 200 msa simulations
2025-04-24 10:14:07,410[INFO][correction.py][compute_realigned_stats]: Realigning MSAs and recomputing stats
2025-04-24 10:14:42,836[INFO][correction.py][simulate_data]: Done with 200 msa simulations
2025-04-24 10:14:42,867[INFO][correction.py][compute_realigned_stats]: Realigning MSAs and recomputing stats
2025-04-24 11:11:35,966[INFO][correction.py][compute_realigned_stats]: Done recomputing stats
2025-04-24 11:11:35,989[INFO][correction.py][compute_regressors]: Performing regression on all realigned stats
2025-04-24 11:11:40,776[INFO][correction.py][compute_regressors]: Done with regression
2025-04-24 11:20:58,685[INFO][correction.py][compute_realigned_stats]: Done recomputing stats
2025-04-24 11:20:58,716[INFO][correction.py][compute_regressors]: Performing regression on all realigned stats
2025-04-24 11:21:03,356[INFO][correction.py][compute_regressors]: Done with regression
2025-04-25 13:46:43,919[INFO][simulate_data.py][simulate_data]: Done with 100000 msa simulations
2025-04-25 13:58:50,816[INFO][simulate_data.py][simulate_data]: Done with 100000 msa simulations
2025-04-25 13:59:10,083[INFO][abc_inference.py][main]: 
	MAIN_PATH: /groups/pupko/elyawygoda/simulator_paper/bat_analysis/other_msas/2523_NT_AL_AA
