2025-04-24 10:06:01,053[INFO][main.py][main]: 
	MAIN_PATH: /groups/pupko/elyawygoda/simulator_paper/bat_analysis/other_msas/1539_NT_AL_AA,
	SEED: 1745478361008984957, NUM_SIMS: 100000, NUM_SIMS_CORRECTION: 200, SEQUENCE_TYPE: AA
2025-04-24 10:06:47,468[INFO][simulate_data.py][main]: 
	MAIN_PATH: /groups/pupko/elyawygoda/simulator_paper/bat_analysis/other_msas/1539_NT_AL_AA,
	SEED: 1745478361008984957, NUM_SIMS: 100000,
	LENGTH_DISTRIBUTION: zipf, INDEL_MODEL sim
2025-04-24 10:06:47,638[INFO][simulate_data.py][main]: 
	MAIN_PATH: /groups/pupko/elyawygoda/simulator_paper/bat_analysis/other_msas/1539_NT_AL_AA,
	SEED: 1745478361008984959, NUM_SIMS: 100000,
	LENGTH_DISTRIBUTION: zipf, INDEL_MODEL rim
2025-04-24 10:06:47,818[INFO][simulate_data.py][simulate_data]: Starting msa simulation
2025-04-24 10:06:47,818[INFO][simulate_data.py][simulate_data]: Starting msa simulation
2025-04-24 10:06:49,521[INFO][correction.py][main]: 
	MAIN_PATH: /groups/pupko/elyawygoda/simulator_paper/bat_analysis/other_msas/1539_NT_AL_AA,
	SEED: 1745478361008984958, NUM_SIMS: 200, SEQUENCE_TYPE: AA,
	LENGTH_DISTRIBUTION: zipf, INDEL_MODEL sim
2025-04-24 10:06:49,741[INFO][correction.py][simulate_data]: Starting msa simulation
2025-04-24 10:06:50,716[INFO][correction.py][main]: 
	MAIN_PATH: /groups/pupko/elyawygoda/simulator_paper/bat_analysis/other_msas/1539_NT_AL_AA,
	SEED: 1745478361008984960, NUM_SIMS: 200, SEQUENCE_TYPE: AA,
	LENGTH_DISTRIBUTION: zipf, INDEL_MODEL rim
2025-04-24 10:06:50,894[INFO][correction.py][simulate_data]: Starting msa simulation
2025-04-24 10:12:44,055[INFO][correction.py][simulate_data]: Done with 200 msa simulations
2025-04-24 10:12:44,085[INFO][correction.py][compute_realigned_stats]: Realigning MSAs and recomputing stats
2025-04-24 10:12:46,220[INFO][correction.py][simulate_data]: Done with 200 msa simulations
2025-04-24 10:12:46,241[INFO][correction.py][compute_realigned_stats]: Realigning MSAs and recomputing stats
2025-04-24 12:54:59,324[INFO][correction.py][compute_realigned_stats]: Done recomputing stats
2025-04-24 12:54:59,336[INFO][correction.py][compute_regressors]: Performing regression on all realigned stats
2025-04-24 12:55:04,228[INFO][correction.py][compute_regressors]: Done with regression
2025-04-24 13:40:35,920[INFO][correction.py][compute_realigned_stats]: Done recomputing stats
2025-04-24 13:40:35,922[INFO][correction.py][compute_regressors]: Performing regression on all realigned stats
2025-04-24 13:40:40,341[INFO][correction.py][compute_regressors]: Done with regression
2025-04-25 07:13:08,651[INFO][simulate_data.py][simulate_data]: Done with 100000 msa simulations
2025-04-25 07:50:22,339[INFO][simulate_data.py][simulate_data]: Done with 100000 msa simulations
2025-04-25 07:50:45,062[INFO][abc_inference.py][main]: 
	MAIN_PATH: /groups/pupko/elyawygoda/simulator_paper/bat_analysis/other_msas/1539_NT_AL_AA
