2025-04-24 10:06:01,002[INFO][main.py][main]: 
	MAIN_PATH: /groups/pupko/elyawygoda/simulator_paper/bat_analysis/other_msas/22994_NT_AL_AA,
	SEED: 1745478360958658352, NUM_SIMS: 100000, NUM_SIMS_CORRECTION: 200, SEQUENCE_TYPE: AA
2025-04-24 10:06:43,521[INFO][simulate_data.py][main]: 
	MAIN_PATH: /groups/pupko/elyawygoda/simulator_paper/bat_analysis/other_msas/22994_NT_AL_AA,
	SEED: 1745478360958658354, NUM_SIMS: 100000,
	LENGTH_DISTRIBUTION: zipf, INDEL_MODEL rim
2025-04-24 10:06:44,008[INFO][simulate_data.py][simulate_data]: Starting msa simulation
2025-04-24 10:06:46,768[INFO][simulate_data.py][main]: 
	MAIN_PATH: /groups/pupko/elyawygoda/simulator_paper/bat_analysis/other_msas/22994_NT_AL_AA,
	SEED: 1745478360958658352, NUM_SIMS: 100000,
	LENGTH_DISTRIBUTION: zipf, INDEL_MODEL sim
2025-04-24 10:06:46,880[INFO][simulate_data.py][simulate_data]: Starting msa simulation
2025-04-24 10:06:49,519[INFO][correction.py][main]: 
	MAIN_PATH: /groups/pupko/elyawygoda/simulator_paper/bat_analysis/other_msas/22994_NT_AL_AA,
	SEED: 1745478360958658353, NUM_SIMS: 200, SEQUENCE_TYPE: AA,
	LENGTH_DISTRIBUTION: zipf, INDEL_MODEL sim
2025-04-24 10:06:49,519[INFO][correction.py][main]: 
	MAIN_PATH: /groups/pupko/elyawygoda/simulator_paper/bat_analysis/other_msas/22994_NT_AL_AA,
	SEED: 1745478360958658355, NUM_SIMS: 200, SEQUENCE_TYPE: AA,
	LENGTH_DISTRIBUTION: zipf, INDEL_MODEL rim
2025-04-24 10:06:49,753[INFO][correction.py][simulate_data]: Starting msa simulation
2025-04-24 10:06:49,766[INFO][correction.py][simulate_data]: Starting msa simulation
2025-04-24 10:11:59,871[INFO][correction.py][simulate_data]: Done with 200 msa simulations
2025-04-24 10:11:59,912[INFO][correction.py][compute_realigned_stats]: Realigning MSAs and recomputing stats
2025-04-24 10:12:39,941[INFO][correction.py][simulate_data]: Done with 200 msa simulations
2025-04-24 10:12:39,974[INFO][correction.py][compute_realigned_stats]: Realigning MSAs and recomputing stats
2025-04-24 17:29:39,367[INFO][correction.py][compute_realigned_stats]: Done recomputing stats
2025-04-24 17:29:39,388[INFO][correction.py][compute_regressors]: Performing regression on all realigned stats
2025-04-24 17:29:43,839[INFO][correction.py][compute_regressors]: Done with regression
2025-04-24 18:32:22,611[INFO][correction.py][compute_realigned_stats]: Done recomputing stats
2025-04-24 18:32:22,657[INFO][correction.py][compute_regressors]: Performing regression on all realigned stats
2025-04-24 18:32:26,981[INFO][correction.py][compute_regressors]: Done with regression
2025-04-25 07:28:57,197[INFO][simulate_data.py][simulate_data]: Done with 100000 msa simulations
2025-04-25 08:11:26,007[INFO][simulate_data.py][simulate_data]: Done with 100000 msa simulations
2025-04-25 08:11:55,847[INFO][abc_inference.py][main]: 
	MAIN_PATH: /groups/pupko/elyawygoda/simulator_paper/bat_analysis/other_msas/22994_NT_AL_AA
