2025-04-24 09:47:48,298[INFO][main.py][main]: 
	MAIN_PATH: /groups/pupko/elyawygoda/simulator_paper/bat_analysis/bat_msas/100130274_NT_AL_AA,
	SEED: 1745477268251977777, NUM_SIMS: 100000, NUM_SIMS_CORRECTION: 200, SEQUENCE_TYPE: AA
2025-04-24 09:48:42,098[INFO][simulate_data.py][main]: 
	MAIN_PATH: /groups/pupko/elyawygoda/simulator_paper/bat_analysis/bat_msas/100130274_NT_AL_AA,
	SEED: 1745477268251977777, NUM_SIMS: 100000,
	LENGTH_DISTRIBUTION: zipf, INDEL_MODEL sim
2025-04-24 09:48:42,377[INFO][simulate_data.py][simulate_data]: Starting msa simulation
2025-04-24 09:48:42,831[INFO][simulate_data.py][main]: 
	MAIN_PATH: /groups/pupko/elyawygoda/simulator_paper/bat_analysis/bat_msas/100130274_NT_AL_AA,
	SEED: 1745477268251977779, NUM_SIMS: 100000,
	LENGTH_DISTRIBUTION: zipf, INDEL_MODEL rim
2025-04-24 09:48:42,944[INFO][simulate_data.py][simulate_data]: Starting msa simulation
2025-04-24 09:48:45,673[INFO][correction.py][main]: 
	MAIN_PATH: /groups/pupko/elyawygoda/simulator_paper/bat_analysis/bat_msas/100130274_NT_AL_AA,
	SEED: 1745477268251977778, NUM_SIMS: 200, SEQUENCE_TYPE: AA,
	LENGTH_DISTRIBUTION: zipf, INDEL_MODEL sim
2025-04-24 09:48:45,845[INFO][correction.py][main]: 
	MAIN_PATH: /groups/pupko/elyawygoda/simulator_paper/bat_analysis/bat_msas/100130274_NT_AL_AA,
	SEED: 1745477268251977780, NUM_SIMS: 200, SEQUENCE_TYPE: AA,
	LENGTH_DISTRIBUTION: zipf, INDEL_MODEL rim
2025-04-24 09:48:46,013[INFO][correction.py][simulate_data]: Starting msa simulation
2025-04-24 09:48:46,264[INFO][correction.py][simulate_data]: Starting msa simulation
2025-04-24 09:49:34,504[INFO][correction.py][simulate_data]: Done with 200 msa simulations
2025-04-24 09:49:34,517[INFO][correction.py][compute_realigned_stats]: Realigning MSAs and recomputing stats
2025-04-24 09:49:37,113[INFO][correction.py][simulate_data]: Done with 200 msa simulations
2025-04-24 09:49:37,117[INFO][correction.py][compute_realigned_stats]: Realigning MSAs and recomputing stats
2025-04-24 09:52:40,114[INFO][correction.py][compute_realigned_stats]: Done recomputing stats
2025-04-24 09:52:40,172[INFO][correction.py][compute_regressors]: Performing regression on all realigned stats
2025-04-24 09:52:45,713[INFO][correction.py][compute_regressors]: Done with regression
2025-04-24 09:52:51,977[INFO][correction.py][compute_realigned_stats]: Done recomputing stats
2025-04-24 09:52:51,978[INFO][correction.py][compute_regressors]: Performing regression on all realigned stats
2025-04-24 09:53:17,107[INFO][correction.py][compute_regressors]: Done with regression
2025-04-24 10:30:25,301[INFO][simulate_data.py][simulate_data]: Done with 100000 msa simulations
2025-04-24 10:35:53,151[INFO][simulate_data.py][simulate_data]: Done with 100000 msa simulations
2025-04-24 10:36:22,380[INFO][abc_inference.py][main]: 
	MAIN_PATH: /groups/pupko/elyawygoda/simulator_paper/bat_analysis/bat_msas/100130274_NT_AL_AA
