2025-04-24 09:47:48,288[INFO][main.py][main]: 
	MAIN_PATH: /groups/pupko/elyawygoda/simulator_paper/bat_analysis/bat_msas/139378_NT_AL_AA,
	SEED: 1745477268251088884, NUM_SIMS: 100000, NUM_SIMS_CORRECTION: 200, SEQUENCE_TYPE: AA
2025-04-24 09:48:39,804[INFO][simulate_data.py][main]: 
	MAIN_PATH: /groups/pupko/elyawygoda/simulator_paper/bat_analysis/bat_msas/139378_NT_AL_AA,
	SEED: 1745477268251088886, NUM_SIMS: 100000,
	LENGTH_DISTRIBUTION: zipf, INDEL_MODEL rim
2025-04-24 09:48:39,986[INFO][simulate_data.py][main]: 
	MAIN_PATH: /groups/pupko/elyawygoda/simulator_paper/bat_analysis/bat_msas/139378_NT_AL_AA,
	SEED: 1745477268251088884, NUM_SIMS: 100000,
	LENGTH_DISTRIBUTION: zipf, INDEL_MODEL sim
2025-04-24 09:48:40,165[INFO][simulate_data.py][simulate_data]: Starting msa simulation
2025-04-24 09:48:40,184[INFO][simulate_data.py][simulate_data]: Starting msa simulation
2025-04-24 09:48:45,634[INFO][correction.py][main]: 
	MAIN_PATH: /groups/pupko/elyawygoda/simulator_paper/bat_analysis/bat_msas/139378_NT_AL_AA,
	SEED: 1745477268251088887, NUM_SIMS: 200, SEQUENCE_TYPE: AA,
	LENGTH_DISTRIBUTION: zipf, INDEL_MODEL rim
2025-04-24 09:48:45,634[INFO][correction.py][main]: 
	MAIN_PATH: /groups/pupko/elyawygoda/simulator_paper/bat_analysis/bat_msas/139378_NT_AL_AA,
	SEED: 1745477268251088885, NUM_SIMS: 200, SEQUENCE_TYPE: AA,
	LENGTH_DISTRIBUTION: zipf, INDEL_MODEL sim
2025-04-24 09:48:45,948[INFO][correction.py][simulate_data]: Starting msa simulation
2025-04-24 09:48:45,997[INFO][correction.py][simulate_data]: Starting msa simulation
2025-04-24 09:49:25,827[INFO][correction.py][simulate_data]: Done with 200 msa simulations
2025-04-24 09:49:25,831[INFO][correction.py][compute_realigned_stats]: Realigning MSAs and recomputing stats
2025-04-24 09:49:32,930[INFO][correction.py][simulate_data]: Done with 200 msa simulations
2025-04-24 09:49:32,933[INFO][correction.py][compute_realigned_stats]: Realigning MSAs and recomputing stats
2025-04-24 10:16:40,583[INFO][simulate_data.py][simulate_data]: Done with 100000 msa simulations
2025-04-24 10:29:34,551[INFO][correction.py][compute_realigned_stats]: Done recomputing stats
2025-04-24 10:29:34,571[INFO][correction.py][compute_regressors]: Performing regression on all realigned stats
2025-04-24 10:29:38,949[INFO][correction.py][compute_regressors]: Done with regression
2025-04-24 10:31:03,573[INFO][simulate_data.py][simulate_data]: Done with 100000 msa simulations
2025-04-24 10:31:03,635[INFO][correction.py][compute_realigned_stats]: Done recomputing stats
2025-04-24 10:31:03,635[INFO][correction.py][compute_regressors]: Performing regression on all realigned stats
2025-04-24 10:31:07,862[INFO][correction.py][compute_regressors]: Done with regression
2025-04-24 10:31:27,594[INFO][abc_inference.py][main]: 
	MAIN_PATH: /groups/pupko/elyawygoda/simulator_paper/bat_analysis/bat_msas/139378_NT_AL_AA
