2025-04-24 09:47:48,364[INFO][main.py][main]: 
	MAIN_PATH: /groups/pupko/elyawygoda/simulator_paper/bat_analysis/bat_msas/168090_NT_AL_AA,
	SEED: 1745477268268887236, NUM_SIMS: 100000, NUM_SIMS_CORRECTION: 200, SEQUENCE_TYPE: AA
2025-04-24 09:48:39,653[INFO][simulate_data.py][main]: 
	MAIN_PATH: /groups/pupko/elyawygoda/simulator_paper/bat_analysis/bat_msas/168090_NT_AL_AA,
	SEED: 1745477268268887236, NUM_SIMS: 100000,
	LENGTH_DISTRIBUTION: zipf, INDEL_MODEL sim
2025-04-24 09:48:39,871[INFO][simulate_data.py][simulate_data]: Starting msa simulation
2025-04-24 09:48:40,224[INFO][simulate_data.py][main]: 
	MAIN_PATH: /groups/pupko/elyawygoda/simulator_paper/bat_analysis/bat_msas/168090_NT_AL_AA,
	SEED: 1745477268268887238, NUM_SIMS: 100000,
	LENGTH_DISTRIBUTION: zipf, INDEL_MODEL rim
2025-04-24 09:48:40,499[INFO][simulate_data.py][simulate_data]: Starting msa simulation
2025-04-24 09:48:45,629[INFO][correction.py][main]: 
	MAIN_PATH: /groups/pupko/elyawygoda/simulator_paper/bat_analysis/bat_msas/168090_NT_AL_AA,
	SEED: 1745477268268887239, NUM_SIMS: 200, SEQUENCE_TYPE: AA,
	LENGTH_DISTRIBUTION: zipf, INDEL_MODEL rim
2025-04-24 09:48:45,652[INFO][correction.py][main]: 
	MAIN_PATH: /groups/pupko/elyawygoda/simulator_paper/bat_analysis/bat_msas/168090_NT_AL_AA,
	SEED: 1745477268268887237, NUM_SIMS: 200, SEQUENCE_TYPE: AA,
	LENGTH_DISTRIBUTION: zipf, INDEL_MODEL sim
2025-04-24 09:48:45,872[INFO][correction.py][simulate_data]: Starting msa simulation
2025-04-24 09:48:45,881[INFO][correction.py][simulate_data]: Starting msa simulation
2025-04-24 09:49:26,134[INFO][correction.py][simulate_data]: Done with 200 msa simulations
2025-04-24 09:49:26,138[INFO][correction.py][compute_realigned_stats]: Realigning MSAs and recomputing stats
2025-04-24 09:49:29,696[INFO][correction.py][simulate_data]: Done with 200 msa simulations
2025-04-24 09:49:29,700[INFO][correction.py][compute_realigned_stats]: Realigning MSAs and recomputing stats
2025-04-24 09:52:02,933[INFO][correction.py][compute_realigned_stats]: Done recomputing stats
2025-04-24 09:52:02,948[INFO][correction.py][compute_regressors]: Performing regression on all realigned stats
2025-04-24 09:52:08,243[INFO][correction.py][compute_regressors]: Done with regression
2025-04-24 09:52:15,348[INFO][correction.py][compute_realigned_stats]: Done recomputing stats
2025-04-24 09:52:15,349[INFO][correction.py][compute_regressors]: Performing regression on all realigned stats
2025-04-24 09:52:21,073[INFO][correction.py][compute_regressors]: Done with regression
2025-04-24 10:25:46,098[INFO][simulate_data.py][simulate_data]: Done with 100000 msa simulations
2025-04-24 10:29:02,164[INFO][simulate_data.py][simulate_data]: Done with 100000 msa simulations
2025-04-24 10:29:23,858[INFO][abc_inference.py][main]: 
	MAIN_PATH: /groups/pupko/elyawygoda/simulator_paper/bat_analysis/bat_msas/168090_NT_AL_AA
