2025-04-24 09:47:48,288[INFO][main.py][main]: 
	MAIN_PATH: /groups/pupko/elyawygoda/simulator_paper/bat_analysis/bat_msas/1816_NT_AL_AA,
	SEED: 1745477268221752371, NUM_SIMS: 100000, NUM_SIMS_CORRECTION: 200, SEQUENCE_TYPE: AA
2025-04-24 09:48:40,499[INFO][simulate_data.py][main]: 
	MAIN_PATH: /groups/pupko/elyawygoda/simulator_paper/bat_analysis/bat_msas/1816_NT_AL_AA,
	SEED: 1745477268221752373, NUM_SIMS: 100000,
	LENGTH_DISTRIBUTION: zipf, INDEL_MODEL rim
2025-04-24 09:48:40,779[INFO][simulate_data.py][simulate_data]: Starting msa simulation
2025-04-24 09:48:41,463[INFO][simulate_data.py][main]: 
	MAIN_PATH: /groups/pupko/elyawygoda/simulator_paper/bat_analysis/bat_msas/1816_NT_AL_AA,
	SEED: 1745477268221752371, NUM_SIMS: 100000,
	LENGTH_DISTRIBUTION: zipf, INDEL_MODEL sim
2025-04-24 09:48:41,647[INFO][simulate_data.py][simulate_data]: Starting msa simulation
2025-04-24 09:48:45,661[INFO][correction.py][main]: 
	MAIN_PATH: /groups/pupko/elyawygoda/simulator_paper/bat_analysis/bat_msas/1816_NT_AL_AA,
	SEED: 1745477268221752372, NUM_SIMS: 200, SEQUENCE_TYPE: AA,
	LENGTH_DISTRIBUTION: zipf, INDEL_MODEL sim
2025-04-24 09:48:45,701[INFO][correction.py][main]: 
	MAIN_PATH: /groups/pupko/elyawygoda/simulator_paper/bat_analysis/bat_msas/1816_NT_AL_AA,
	SEED: 1745477268221752374, NUM_SIMS: 200, SEQUENCE_TYPE: AA,
	LENGTH_DISTRIBUTION: zipf, INDEL_MODEL rim
2025-04-24 09:48:45,904[INFO][correction.py][simulate_data]: Starting msa simulation
2025-04-24 09:48:45,934[INFO][correction.py][simulate_data]: Starting msa simulation
2025-04-24 09:49:27,463[INFO][correction.py][simulate_data]: Done with 200 msa simulations
2025-04-24 09:49:27,481[INFO][correction.py][compute_realigned_stats]: Realigning MSAs and recomputing stats
2025-04-24 09:49:30,811[INFO][correction.py][simulate_data]: Done with 200 msa simulations
2025-04-24 09:49:30,814[INFO][correction.py][compute_realigned_stats]: Realigning MSAs and recomputing stats
2025-04-24 09:52:06,262[INFO][correction.py][compute_realigned_stats]: Done recomputing stats
2025-04-24 09:52:06,276[INFO][correction.py][compute_regressors]: Performing regression on all realigned stats
2025-04-24 09:52:11,519[INFO][correction.py][compute_regressors]: Done with regression
2025-04-24 09:52:12,770[INFO][correction.py][compute_realigned_stats]: Done recomputing stats
2025-04-24 09:52:12,770[INFO][correction.py][compute_regressors]: Performing regression on all realigned stats
2025-04-24 09:52:17,884[INFO][correction.py][compute_regressors]: Done with regression
2025-04-24 10:26:20,235[INFO][simulate_data.py][simulate_data]: Done with 100000 msa simulations
2025-04-24 10:28:21,632[INFO][simulate_data.py][simulate_data]: Done with 100000 msa simulations
2025-04-24 10:28:41,244[INFO][abc_inference.py][main]: 
	MAIN_PATH: /groups/pupko/elyawygoda/simulator_paper/bat_analysis/bat_msas/1816_NT_AL_AA
