2025-04-24 09:47:48,273[INFO][main.py][main]: 
	MAIN_PATH: /groups/pupko/elyawygoda/simulator_paper/bat_analysis/bat_msas/2515_NT_AL_AA,
	SEED: 1745477268197801536, NUM_SIMS: 100000, NUM_SIMS_CORRECTION: 200, SEQUENCE_TYPE: AA
2025-04-24 09:48:39,791[INFO][simulate_data.py][main]: 
	MAIN_PATH: /groups/pupko/elyawygoda/simulator_paper/bat_analysis/bat_msas/2515_NT_AL_AA,
	SEED: 1745477268197801538, NUM_SIMS: 100000,
	LENGTH_DISTRIBUTION: zipf, INDEL_MODEL rim
2025-04-24 09:48:40,144[INFO][simulate_data.py][simulate_data]: Starting msa simulation
2025-04-24 09:48:41,756[INFO][simulate_data.py][main]: 
	MAIN_PATH: /groups/pupko/elyawygoda/simulator_paper/bat_analysis/bat_msas/2515_NT_AL_AA,
	SEED: 1745477268197801536, NUM_SIMS: 100000,
	LENGTH_DISTRIBUTION: zipf, INDEL_MODEL sim
2025-04-24 09:48:41,881[INFO][simulate_data.py][simulate_data]: Starting msa simulation
2025-04-24 09:48:45,637[INFO][correction.py][main]: 
	MAIN_PATH: /groups/pupko/elyawygoda/simulator_paper/bat_analysis/bat_msas/2515_NT_AL_AA,
	SEED: 1745477268197801537, NUM_SIMS: 200, SEQUENCE_TYPE: AA,
	LENGTH_DISTRIBUTION: zipf, INDEL_MODEL sim
2025-04-24 09:48:45,637[INFO][correction.py][main]: 
	MAIN_PATH: /groups/pupko/elyawygoda/simulator_paper/bat_analysis/bat_msas/2515_NT_AL_AA,
	SEED: 1745477268197801539, NUM_SIMS: 200, SEQUENCE_TYPE: AA,
	LENGTH_DISTRIBUTION: zipf, INDEL_MODEL rim
2025-04-24 09:48:45,919[INFO][correction.py][simulate_data]: Starting msa simulation
2025-04-24 09:48:45,928[INFO][correction.py][simulate_data]: Starting msa simulation
2025-04-24 09:49:23,324[INFO][correction.py][simulate_data]: Done with 200 msa simulations
2025-04-24 09:49:23,327[INFO][correction.py][compute_realigned_stats]: Realigning MSAs and recomputing stats
2025-04-24 09:49:27,946[INFO][correction.py][simulate_data]: Done with 200 msa simulations
2025-04-24 09:49:27,950[INFO][correction.py][compute_realigned_stats]: Realigning MSAs and recomputing stats
2025-04-24 09:53:35,262[INFO][correction.py][compute_realigned_stats]: Done recomputing stats
2025-04-24 09:53:35,291[INFO][correction.py][compute_regressors]: Performing regression on all realigned stats
2025-04-24 09:53:39,176[INFO][correction.py][compute_realigned_stats]: Done recomputing stats
2025-04-24 09:53:39,177[INFO][correction.py][compute_regressors]: Performing regression on all realigned stats
2025-04-24 09:53:40,287[INFO][correction.py][compute_regressors]: Done with regression
2025-04-24 09:53:44,367[INFO][correction.py][compute_regressors]: Done with regression
2025-04-24 10:20:09,382[INFO][simulate_data.py][simulate_data]: Done with 100000 msa simulations
2025-04-24 10:25:48,575[INFO][simulate_data.py][simulate_data]: Done with 100000 msa simulations
2025-04-24 10:26:06,900[INFO][abc_inference.py][main]: 
	MAIN_PATH: /groups/pupko/elyawygoda/simulator_paper/bat_analysis/bat_msas/2515_NT_AL_AA
