2025-04-24 09:47:48,213[INFO][main.py][main]: 
	MAIN_PATH: /groups/pupko/elyawygoda/simulator_paper/bat_analysis/bat_msas/26153_NT_AL_AA,
	SEED: 1745477268196847734, NUM_SIMS: 100000, NUM_SIMS_CORRECTION: 200, SEQUENCE_TYPE: AA
2025-04-24 09:48:39,761[INFO][simulate_data.py][main]: 
	MAIN_PATH: /groups/pupko/elyawygoda/simulator_paper/bat_analysis/bat_msas/26153_NT_AL_AA,
	SEED: 1745477268196847734, NUM_SIMS: 100000,
	LENGTH_DISTRIBUTION: zipf, INDEL_MODEL sim
2025-04-24 09:48:39,851[INFO][simulate_data.py][main]: 
	MAIN_PATH: /groups/pupko/elyawygoda/simulator_paper/bat_analysis/bat_msas/26153_NT_AL_AA,
	SEED: 1745477268196847736, NUM_SIMS: 100000,
	LENGTH_DISTRIBUTION: zipf, INDEL_MODEL rim
2025-04-24 09:48:40,164[INFO][simulate_data.py][simulate_data]: Starting msa simulation
2025-04-24 09:48:40,164[INFO][simulate_data.py][simulate_data]: Starting msa simulation
2025-04-24 09:48:45,641[INFO][correction.py][main]: 
	MAIN_PATH: /groups/pupko/elyawygoda/simulator_paper/bat_analysis/bat_msas/26153_NT_AL_AA,
	SEED: 1745477268196847735, NUM_SIMS: 200, SEQUENCE_TYPE: AA,
	LENGTH_DISTRIBUTION: zipf, INDEL_MODEL sim
2025-04-24 09:48:45,641[INFO][correction.py][main]: 
	MAIN_PATH: /groups/pupko/elyawygoda/simulator_paper/bat_analysis/bat_msas/26153_NT_AL_AA,
	SEED: 1745477268196847737, NUM_SIMS: 200, SEQUENCE_TYPE: AA,
	LENGTH_DISTRIBUTION: zipf, INDEL_MODEL rim
2025-04-24 09:48:45,885[INFO][correction.py][simulate_data]: Starting msa simulation
2025-04-24 09:48:45,891[INFO][correction.py][simulate_data]: Starting msa simulation
2025-04-24 09:49:32,056[INFO][correction.py][simulate_data]: Done with 200 msa simulations
2025-04-24 09:49:32,059[INFO][correction.py][compute_realigned_stats]: Realigning MSAs and recomputing stats
2025-04-24 09:49:32,065[INFO][correction.py][simulate_data]: Done with 200 msa simulations
2025-04-24 09:49:32,085[INFO][correction.py][compute_realigned_stats]: Realigning MSAs and recomputing stats
2025-04-24 10:03:54,245[INFO][correction.py][compute_realigned_stats]: Done recomputing stats
2025-04-24 10:03:54,277[INFO][correction.py][compute_regressors]: Performing regression on all realigned stats
2025-04-24 10:04:00,323[INFO][correction.py][compute_regressors]: Done with regression
2025-04-24 10:05:04,628[INFO][correction.py][compute_realigned_stats]: Done recomputing stats
2025-04-24 10:05:04,641[INFO][correction.py][compute_regressors]: Performing regression on all realigned stats
2025-04-24 10:05:10,576[INFO][correction.py][compute_regressors]: Done with regression
2025-04-24 10:33:49,446[INFO][simulate_data.py][simulate_data]: Done with 100000 msa simulations
2025-04-24 10:36:50,221[INFO][simulate_data.py][simulate_data]: Done with 100000 msa simulations
2025-04-24 10:37:04,423[INFO][abc_inference.py][main]: 
	MAIN_PATH: /groups/pupko/elyawygoda/simulator_paper/bat_analysis/bat_msas/26153_NT_AL_AA
