2025-04-24 09:47:52,335[INFO][main.py][main]: 
	MAIN_PATH: /groups/pupko/elyawygoda/simulator_paper/bat_analysis/bat_msas/51252_NT_AL_AA,
	SEED: 1745477272302004589, NUM_SIMS: 100000, NUM_SIMS_CORRECTION: 200, SEQUENCE_TYPE: AA
2025-04-24 09:49:00,320[INFO][simulate_data.py][main]: 
	MAIN_PATH: /groups/pupko/elyawygoda/simulator_paper/bat_analysis/bat_msas/51252_NT_AL_AA,
	SEED: 1745477272302004591, NUM_SIMS: 100000,
	LENGTH_DISTRIBUTION: zipf, INDEL_MODEL rim
2025-04-24 09:49:00,346[INFO][simulate_data.py][main]: 
	MAIN_PATH: /groups/pupko/elyawygoda/simulator_paper/bat_analysis/bat_msas/51252_NT_AL_AA,
	SEED: 1745477272302004589, NUM_SIMS: 100000,
	LENGTH_DISTRIBUTION: zipf, INDEL_MODEL sim
2025-04-24 09:49:00,477[INFO][simulate_data.py][simulate_data]: Starting msa simulation
2025-04-24 09:49:00,537[INFO][simulate_data.py][simulate_data]: Starting msa simulation
2025-04-24 09:49:03,450[INFO][correction.py][main]: 
	MAIN_PATH: /groups/pupko/elyawygoda/simulator_paper/bat_analysis/bat_msas/51252_NT_AL_AA,
	SEED: 1745477272302004590, NUM_SIMS: 200, SEQUENCE_TYPE: AA,
	LENGTH_DISTRIBUTION: zipf, INDEL_MODEL sim
2025-04-24 09:49:03,507[INFO][correction.py][main]: 
	MAIN_PATH: /groups/pupko/elyawygoda/simulator_paper/bat_analysis/bat_msas/51252_NT_AL_AA,
	SEED: 1745477272302004592, NUM_SIMS: 200, SEQUENCE_TYPE: AA,
	LENGTH_DISTRIBUTION: zipf, INDEL_MODEL rim
2025-04-24 09:49:03,730[INFO][correction.py][simulate_data]: Starting msa simulation
2025-04-24 09:49:03,755[INFO][correction.py][simulate_data]: Starting msa simulation
2025-04-24 09:49:04,152[INFO][correction.py][simulate_data]: Done with 200 msa simulations
2025-04-24 09:49:04,157[INFO][correction.py][compute_realigned_stats]: Realigning MSAs and recomputing stats
2025-04-24 09:49:04,299[INFO][correction.py][simulate_data]: Done with 200 msa simulations
2025-04-24 09:49:04,306[INFO][correction.py][compute_realigned_stats]: Realigning MSAs and recomputing stats
2025-04-24 09:51:45,721[INFO][simulate_data.py][simulate_data]: Done with 100000 msa simulations
2025-04-24 09:51:48,749[INFO][simulate_data.py][simulate_data]: Done with 100000 msa simulations
2025-04-24 09:54:00,511[INFO][correction.py][compute_realigned_stats]: Done recomputing stats
2025-04-24 09:54:00,530[INFO][correction.py][compute_regressors]: Performing regression on all realigned stats
2025-04-24 09:54:07,337[INFO][correction.py][compute_regressors]: Done with regression
2025-04-24 09:54:12,800[INFO][correction.py][compute_realigned_stats]: Done recomputing stats
2025-04-24 09:54:12,801[INFO][correction.py][compute_regressors]: Performing regression on all realigned stats
2025-04-24 09:54:19,723[INFO][correction.py][compute_regressors]: Done with regression
2025-04-24 09:54:38,837[INFO][abc_inference.py][main]: 
	MAIN_PATH: /groups/pupko/elyawygoda/simulator_paper/bat_analysis/bat_msas/51252_NT_AL_AA
