2025-04-24 09:47:52,465[INFO][main.py][main]: 
	MAIN_PATH: /groups/pupko/elyawygoda/simulator_paper/bat_analysis/bat_msas/84074_NT_AL_AA,
	SEED: 1745477272312207569, NUM_SIMS: 100000, NUM_SIMS_CORRECTION: 200, SEQUENCE_TYPE: AA
2025-04-24 09:49:00,260[INFO][simulate_data.py][main]: 
	MAIN_PATH: /groups/pupko/elyawygoda/simulator_paper/bat_analysis/bat_msas/84074_NT_AL_AA,
	SEED: 1745477272312207571, NUM_SIMS: 100000,
	LENGTH_DISTRIBUTION: zipf, INDEL_MODEL rim
2025-04-24 09:49:00,356[INFO][simulate_data.py][main]: 
	MAIN_PATH: /groups/pupko/elyawygoda/simulator_paper/bat_analysis/bat_msas/84074_NT_AL_AA,
	SEED: 1745477272312207569, NUM_SIMS: 100000,
	LENGTH_DISTRIBUTION: zipf, INDEL_MODEL sim
2025-04-24 09:49:00,487[INFO][simulate_data.py][simulate_data]: Starting msa simulation
2025-04-24 09:49:00,488[INFO][simulate_data.py][simulate_data]: Starting msa simulation
2025-04-24 09:49:03,448[INFO][correction.py][main]: 
	MAIN_PATH: /groups/pupko/elyawygoda/simulator_paper/bat_analysis/bat_msas/84074_NT_AL_AA,
	SEED: 1745477272312207570, NUM_SIMS: 200, SEQUENCE_TYPE: AA,
	LENGTH_DISTRIBUTION: zipf, INDEL_MODEL sim
2025-04-24 09:49:03,475[INFO][correction.py][main]: 
	MAIN_PATH: /groups/pupko/elyawygoda/simulator_paper/bat_analysis/bat_msas/84074_NT_AL_AA,
	SEED: 1745477272312207572, NUM_SIMS: 200, SEQUENCE_TYPE: AA,
	LENGTH_DISTRIBUTION: zipf, INDEL_MODEL rim
2025-04-24 09:49:03,652[INFO][correction.py][simulate_data]: Starting msa simulation
2025-04-24 09:49:03,676[INFO][correction.py][simulate_data]: Starting msa simulation
2025-04-24 09:49:44,087[INFO][correction.py][simulate_data]: Done with 200 msa simulations
2025-04-24 09:49:44,093[INFO][correction.py][compute_realigned_stats]: Realigning MSAs and recomputing stats
2025-04-24 09:49:48,988[INFO][correction.py][simulate_data]: Done with 200 msa simulations
2025-04-24 09:49:48,991[INFO][correction.py][compute_realigned_stats]: Realigning MSAs and recomputing stats
2025-04-24 10:07:35,685[INFO][correction.py][compute_realigned_stats]: Done recomputing stats
2025-04-24 10:07:35,748[INFO][correction.py][compute_regressors]: Performing regression on all realigned stats
2025-04-24 10:07:41,289[INFO][correction.py][compute_regressors]: Done with regression
2025-04-24 10:09:53,510[INFO][correction.py][compute_realigned_stats]: Done recomputing stats
2025-04-24 10:09:53,555[INFO][correction.py][compute_regressors]: Performing regression on all realigned stats
2025-04-24 10:09:58,478[INFO][correction.py][compute_regressors]: Done with regression
2025-04-24 12:31:45,084[INFO][simulate_data.py][simulate_data]: Done with 100000 msa simulations
2025-04-24 12:33:51,347[INFO][simulate_data.py][simulate_data]: Done with 100000 msa simulations
2025-04-24 12:34:25,907[INFO][abc_inference.py][main]: 
	MAIN_PATH: /groups/pupko/elyawygoda/simulator_paper/bat_analysis/bat_msas/84074_NT_AL_AA
