2025-04-24 10:06:00,987[INFO][main.py][main]: 
	MAIN_PATH: /groups/pupko/elyawygoda/simulator_paper/bat_analysis/other_msas/164592_NT_AL_AA,
	SEED: 1745478360962921235, NUM_SIMS: 100000, NUM_SIMS_CORRECTION: 200, SEQUENCE_TYPE: AA
2025-04-24 10:06:44,684[INFO][simulate_data.py][main]: 
	MAIN_PATH: /groups/pupko/elyawygoda/simulator_paper/bat_analysis/other_msas/164592_NT_AL_AA,
	SEED: 1745478360962921237, NUM_SIMS: 100000,
	LENGTH_DISTRIBUTION: zipf, INDEL_MODEL rim
2025-04-24 10:06:44,807[INFO][simulate_data.py][main]: 
	MAIN_PATH: /groups/pupko/elyawygoda/simulator_paper/bat_analysis/other_msas/164592_NT_AL_AA,
	SEED: 1745478360962921235, NUM_SIMS: 100000,
	LENGTH_DISTRIBUTION: zipf, INDEL_MODEL sim
2025-04-24 10:06:44,916[INFO][simulate_data.py][simulate_data]: Starting msa simulation
2025-04-24 10:06:45,034[INFO][simulate_data.py][simulate_data]: Starting msa simulation
2025-04-24 10:06:49,584[INFO][correction.py][main]: 
	MAIN_PATH: /groups/pupko/elyawygoda/simulator_paper/bat_analysis/other_msas/164592_NT_AL_AA,
	SEED: 1745478360962921238, NUM_SIMS: 200, SEQUENCE_TYPE: AA,
	LENGTH_DISTRIBUTION: zipf, INDEL_MODEL rim
2025-04-24 10:06:49,584[INFO][correction.py][main]: 
	MAIN_PATH: /groups/pupko/elyawygoda/simulator_paper/bat_analysis/other_msas/164592_NT_AL_AA,
	SEED: 1745478360962921236, NUM_SIMS: 200, SEQUENCE_TYPE: AA,
	LENGTH_DISTRIBUTION: zipf, INDEL_MODEL sim
2025-04-24 10:06:49,764[INFO][correction.py][simulate_data]: Starting msa simulation
2025-04-24 10:06:49,924[INFO][correction.py][simulate_data]: Starting msa simulation
2025-04-24 10:14:08,118[INFO][correction.py][simulate_data]: Done with 200 msa simulations
2025-04-24 10:14:08,197[INFO][correction.py][compute_realigned_stats]: Realigning MSAs and recomputing stats
2025-04-24 10:14:55,927[INFO][correction.py][simulate_data]: Done with 200 msa simulations
2025-04-24 10:14:55,956[INFO][correction.py][compute_realigned_stats]: Realigning MSAs and recomputing stats
2025-04-24 12:33:01,024[INFO][correction.py][compute_realigned_stats]: Done recomputing stats
2025-04-24 12:33:01,047[INFO][correction.py][compute_regressors]: Performing regression on all realigned stats
2025-04-24 12:33:08,229[INFO][correction.py][compute_regressors]: Done with regression
2025-04-24 13:06:18,802[INFO][correction.py][compute_realigned_stats]: Done recomputing stats
2025-04-24 13:06:18,816[INFO][correction.py][compute_regressors]: Performing regression on all realigned stats
2025-04-24 13:06:28,172[INFO][correction.py][compute_regressors]: Done with regression
2025-04-25 00:37:38,126[INFO][simulate_data.py][simulate_data]: Done with 100000 msa simulations
2025-04-25 00:44:32,222[INFO][simulate_data.py][simulate_data]: Done with 100000 msa simulations
2025-04-25 00:44:54,642[INFO][abc_inference.py][main]: 
	MAIN_PATH: /groups/pupko/elyawygoda/simulator_paper/bat_analysis/other_msas/164592_NT_AL_AA
