2025-04-24 09:47:53,625[INFO][main.py][main]: 
	MAIN_PATH: /groups/pupko/elyawygoda/simulator_paper/bat_analysis/bat_msas/3454_NT_AL_AA,
	SEED: 1745477273352209010, NUM_SIMS: 100000, NUM_SIMS_CORRECTION: 200, SEQUENCE_TYPE: AA
2025-04-24 09:49:00,321[INFO][simulate_data.py][main]: 
	MAIN_PATH: /groups/pupko/elyawygoda/simulator_paper/bat_analysis/bat_msas/3454_NT_AL_AA,
	SEED: 1745477273352209012, NUM_SIMS: 100000,
	LENGTH_DISTRIBUTION: zipf, INDEL_MODEL rim
2025-04-24 09:49:00,387[INFO][simulate_data.py][main]: 
	MAIN_PATH: /groups/pupko/elyawygoda/simulator_paper/bat_analysis/bat_msas/3454_NT_AL_AA,
	SEED: 1745477273352209010, NUM_SIMS: 100000,
	LENGTH_DISTRIBUTION: zipf, INDEL_MODEL sim
2025-04-24 09:49:00,477[INFO][simulate_data.py][simulate_data]: Starting msa simulation
2025-04-24 09:49:00,486[INFO][simulate_data.py][simulate_data]: Starting msa simulation
2025-04-24 09:49:03,537[INFO][correction.py][main]: 
	MAIN_PATH: /groups/pupko/elyawygoda/simulator_paper/bat_analysis/bat_msas/3454_NT_AL_AA,
	SEED: 1745477273352209013, NUM_SIMS: 200, SEQUENCE_TYPE: AA,
	LENGTH_DISTRIBUTION: zipf, INDEL_MODEL rim
2025-04-24 09:49:03,575[INFO][correction.py][main]: 
	MAIN_PATH: /groups/pupko/elyawygoda/simulator_paper/bat_analysis/bat_msas/3454_NT_AL_AA,
	SEED: 1745477273352209011, NUM_SIMS: 200, SEQUENCE_TYPE: AA,
	LENGTH_DISTRIBUTION: zipf, INDEL_MODEL sim
2025-04-24 09:49:03,777[INFO][correction.py][simulate_data]: Starting msa simulation
2025-04-24 09:49:03,779[INFO][correction.py][simulate_data]: Starting msa simulation
2025-04-24 09:49:04,402[INFO][correction.py][simulate_data]: Done with 200 msa simulations
2025-04-24 09:49:04,413[INFO][correction.py][compute_realigned_stats]: Realigning MSAs and recomputing stats
2025-04-24 09:49:04,438[INFO][correction.py][simulate_data]: Done with 200 msa simulations
2025-04-24 09:49:04,450[INFO][correction.py][compute_realigned_stats]: Realigning MSAs and recomputing stats
2025-04-24 09:52:00,597[INFO][simulate_data.py][simulate_data]: Done with 100000 msa simulations
2025-04-24 09:52:32,108[INFO][simulate_data.py][simulate_data]: Done with 100000 msa simulations
2025-04-24 09:53:36,261[INFO][correction.py][compute_realigned_stats]: Done recomputing stats
2025-04-24 09:53:36,285[INFO][correction.py][compute_regressors]: Performing regression on all realigned stats
2025-04-24 09:53:42,354[INFO][correction.py][compute_regressors]: Done with regression
2025-04-24 09:54:05,245[INFO][correction.py][compute_realigned_stats]: Done recomputing stats
2025-04-24 09:54:05,246[INFO][correction.py][compute_regressors]: Performing regression on all realigned stats
2025-04-24 09:54:10,569[INFO][correction.py][compute_regressors]: Done with regression
2025-04-24 09:54:30,272[INFO][abc_inference.py][main]: 
	MAIN_PATH: /groups/pupko/elyawygoda/simulator_paper/bat_analysis/bat_msas/3454_NT_AL_AA
