2025-04-24 10:29:39,775[INFO][main.py][main]: 
	MAIN_PATH: /groups/pupko/elyawygoda/simulator_paper/bat_analysis/other_msas/83987_NT_AL_AA,
	SEED: 1745479779748752850, NUM_SIMS: 100000, NUM_SIMS_CORRECTION: 200, SEQUENCE_TYPE: AA
2025-04-24 10:29:52,094[INFO][simulate_data.py][main]: 
	MAIN_PATH: /groups/pupko/elyawygoda/simulator_paper/bat_analysis/other_msas/83987_NT_AL_AA,
	SEED: 1745479779748752850, NUM_SIMS: 100000,
	LENGTH_DISTRIBUTION: zipf, INDEL_MODEL sim
2025-04-24 10:29:52,167[INFO][simulate_data.py][simulate_data]: Starting msa simulation
2025-04-24 10:29:52,324[INFO][simulate_data.py][main]: 
	MAIN_PATH: /groups/pupko/elyawygoda/simulator_paper/bat_analysis/other_msas/83987_NT_AL_AA,
	SEED: 1745479779748752852, NUM_SIMS: 100000,
	LENGTH_DISTRIBUTION: zipf, INDEL_MODEL rim
2025-04-24 10:29:52,358[INFO][simulate_data.py][simulate_data]: Starting msa simulation
2025-04-24 10:29:54,170[INFO][correction.py][main]: 
	MAIN_PATH: /groups/pupko/elyawygoda/simulator_paper/bat_analysis/other_msas/83987_NT_AL_AA,
	SEED: 1745479779748752851, NUM_SIMS: 200, SEQUENCE_TYPE: AA,
	LENGTH_DISTRIBUTION: zipf, INDEL_MODEL sim
2025-04-24 10:29:54,185[INFO][correction.py][main]: 
	MAIN_PATH: /groups/pupko/elyawygoda/simulator_paper/bat_analysis/other_msas/83987_NT_AL_AA,
	SEED: 1745479779748752853, NUM_SIMS: 200, SEQUENCE_TYPE: AA,
	LENGTH_DISTRIBUTION: zipf, INDEL_MODEL rim
2025-04-24 10:29:54,369[INFO][correction.py][simulate_data]: Starting msa simulation
2025-04-24 10:29:54,383[INFO][correction.py][simulate_data]: Starting msa simulation
2025-04-24 10:37:14,377[INFO][correction.py][simulate_data]: Done with 200 msa simulations
2025-04-24 10:37:14,452[INFO][correction.py][compute_realigned_stats]: Realigning MSAs and recomputing stats
2025-04-24 10:37:44,706[INFO][correction.py][simulate_data]: Done with 200 msa simulations
2025-04-24 10:37:44,734[INFO][correction.py][compute_realigned_stats]: Realigning MSAs and recomputing stats
2025-04-24 14:01:13,344[INFO][correction.py][compute_realigned_stats]: Done recomputing stats
2025-04-24 14:01:13,392[INFO][correction.py][compute_regressors]: Performing regression on all realigned stats
2025-04-24 14:01:19,400[INFO][correction.py][compute_regressors]: Done with regression
2025-04-24 14:45:02,513[INFO][correction.py][compute_realigned_stats]: Done recomputing stats
2025-04-24 14:45:02,546[INFO][correction.py][compute_regressors]: Performing regression on all realigned stats
2025-04-24 14:45:06,847[INFO][correction.py][compute_regressors]: Done with regression
2025-04-25 08:04:46,078[INFO][simulate_data.py][simulate_data]: Done with 100000 msa simulations
2025-04-25 08:09:40,282[INFO][simulate_data.py][simulate_data]: Done with 100000 msa simulations
2025-04-25 08:09:55,316[INFO][abc_inference.py][main]: 
	MAIN_PATH: /groups/pupko/elyawygoda/simulator_paper/bat_analysis/other_msas/83987_NT_AL_AA
