2025-04-24 09:47:48,252[INFO][main.py][main]: 
	MAIN_PATH: /groups/pupko/elyawygoda/simulator_paper/bat_analysis/bat_msas/22994_NT_AL_AA,
	SEED: 1745477268216372632, NUM_SIMS: 100000, NUM_SIMS_CORRECTION: 200, SEQUENCE_TYPE: AA
2025-04-24 09:48:39,026[INFO][simulate_data.py][main]: 
	MAIN_PATH: /groups/pupko/elyawygoda/simulator_paper/bat_analysis/bat_msas/22994_NT_AL_AA,
	SEED: 1745477268216372632, NUM_SIMS: 100000,
	LENGTH_DISTRIBUTION: zipf, INDEL_MODEL sim
2025-04-24 09:48:39,652[INFO][simulate_data.py][simulate_data]: Starting msa simulation
2025-04-24 09:48:41,073[INFO][simulate_data.py][main]: 
	MAIN_PATH: /groups/pupko/elyawygoda/simulator_paper/bat_analysis/bat_msas/22994_NT_AL_AA,
	SEED: 1745477268216372634, NUM_SIMS: 100000,
	LENGTH_DISTRIBUTION: zipf, INDEL_MODEL rim
2025-04-24 09:48:41,166[INFO][simulate_data.py][simulate_data]: Starting msa simulation
2025-04-24 09:48:45,651[INFO][correction.py][main]: 
	MAIN_PATH: /groups/pupko/elyawygoda/simulator_paper/bat_analysis/bat_msas/22994_NT_AL_AA,
	SEED: 1745477268216372635, NUM_SIMS: 200, SEQUENCE_TYPE: AA,
	LENGTH_DISTRIBUTION: zipf, INDEL_MODEL rim
2025-04-24 09:48:45,711[INFO][correction.py][main]: 
	MAIN_PATH: /groups/pupko/elyawygoda/simulator_paper/bat_analysis/bat_msas/22994_NT_AL_AA,
	SEED: 1745477268216372633, NUM_SIMS: 200, SEQUENCE_TYPE: AA,
	LENGTH_DISTRIBUTION: zipf, INDEL_MODEL sim
2025-04-24 09:48:45,902[INFO][correction.py][simulate_data]: Starting msa simulation
2025-04-24 09:48:45,926[INFO][correction.py][simulate_data]: Starting msa simulation
2025-04-24 09:49:26,146[INFO][correction.py][simulate_data]: Done with 200 msa simulations
2025-04-24 09:49:26,149[INFO][correction.py][compute_realigned_stats]: Realigning MSAs and recomputing stats
2025-04-24 09:49:26,656[INFO][correction.py][simulate_data]: Done with 200 msa simulations
2025-04-24 09:49:26,660[INFO][correction.py][compute_realigned_stats]: Realigning MSAs and recomputing stats
2025-04-24 09:53:58,613[INFO][correction.py][compute_realigned_stats]: Done recomputing stats
2025-04-24 09:53:58,649[INFO][correction.py][compute_regressors]: Performing regression on all realigned stats
2025-04-24 09:54:04,710[INFO][correction.py][compute_regressors]: Done with regression
2025-04-24 09:54:29,249[INFO][correction.py][compute_realigned_stats]: Done recomputing stats
2025-04-24 09:54:29,249[INFO][correction.py][compute_regressors]: Performing regression on all realigned stats
2025-04-24 09:54:35,150[INFO][correction.py][compute_regressors]: Done with regression
2025-04-24 10:31:53,542[INFO][simulate_data.py][simulate_data]: Done with 100000 msa simulations
2025-04-24 10:33:12,409[INFO][simulate_data.py][simulate_data]: Done with 100000 msa simulations
2025-04-24 10:33:25,258[INFO][abc_inference.py][main]: 
	MAIN_PATH: /groups/pupko/elyawygoda/simulator_paper/bat_analysis/bat_msas/22994_NT_AL_AA
