2025-04-24 09:47:48,288[INFO][main.py][main]: 
	MAIN_PATH: /groups/pupko/elyawygoda/simulator_paper/bat_analysis/bat_msas/256815_NT_AL_AA,
	SEED: 1745477268211847877, NUM_SIMS: 100000, NUM_SIMS_CORRECTION: 200, SEQUENCE_TYPE: AA
2025-04-24 09:48:40,175[INFO][simulate_data.py][main]: 
	MAIN_PATH: /groups/pupko/elyawygoda/simulator_paper/bat_analysis/bat_msas/256815_NT_AL_AA,
	SEED: 1745477268211847877, NUM_SIMS: 100000,
	LENGTH_DISTRIBUTION: zipf, INDEL_MODEL sim
2025-04-24 09:48:40,234[INFO][simulate_data.py][main]: 
	MAIN_PATH: /groups/pupko/elyawygoda/simulator_paper/bat_analysis/bat_msas/256815_NT_AL_AA,
	SEED: 1745477268211847879, NUM_SIMS: 100000,
	LENGTH_DISTRIBUTION: zipf, INDEL_MODEL rim
2025-04-24 09:48:40,610[INFO][simulate_data.py][simulate_data]: Starting msa simulation
2025-04-24 09:48:40,610[INFO][simulate_data.py][simulate_data]: Starting msa simulation
2025-04-24 09:48:45,629[INFO][correction.py][main]: 
	MAIN_PATH: /groups/pupko/elyawygoda/simulator_paper/bat_analysis/bat_msas/256815_NT_AL_AA,
	SEED: 1745477268211847880, NUM_SIMS: 200, SEQUENCE_TYPE: AA,
	LENGTH_DISTRIBUTION: zipf, INDEL_MODEL rim
2025-04-24 09:48:45,652[INFO][correction.py][main]: 
	MAIN_PATH: /groups/pupko/elyawygoda/simulator_paper/bat_analysis/bat_msas/256815_NT_AL_AA,
	SEED: 1745477268211847878, NUM_SIMS: 200, SEQUENCE_TYPE: AA,
	LENGTH_DISTRIBUTION: zipf, INDEL_MODEL sim
2025-04-24 09:48:45,878[INFO][correction.py][simulate_data]: Starting msa simulation
2025-04-24 09:48:45,885[INFO][correction.py][simulate_data]: Starting msa simulation
2025-04-24 09:49:26,279[INFO][correction.py][simulate_data]: Done with 200 msa simulations
2025-04-24 09:49:26,296[INFO][correction.py][compute_realigned_stats]: Realigning MSAs and recomputing stats
2025-04-24 09:49:28,373[INFO][correction.py][simulate_data]: Done with 200 msa simulations
2025-04-24 09:49:28,376[INFO][correction.py][compute_realigned_stats]: Realigning MSAs and recomputing stats
2025-04-24 09:51:37,729[INFO][correction.py][compute_realigned_stats]: Done recomputing stats
2025-04-24 09:51:37,744[INFO][correction.py][compute_regressors]: Performing regression on all realigned stats
2025-04-24 09:51:38,445[INFO][correction.py][compute_realigned_stats]: Done recomputing stats
2025-04-24 09:51:38,446[INFO][correction.py][compute_regressors]: Performing regression on all realigned stats
2025-04-24 09:51:42,965[INFO][correction.py][compute_regressors]: Done with regression
2025-04-24 09:51:43,822[INFO][correction.py][compute_regressors]: Done with regression
2025-04-24 10:27:34,828[INFO][simulate_data.py][simulate_data]: Done with 100000 msa simulations
2025-04-24 10:28:07,517[INFO][simulate_data.py][simulate_data]: Done with 100000 msa simulations
2025-04-24 10:28:18,295[INFO][abc_inference.py][main]: 
	MAIN_PATH: /groups/pupko/elyawygoda/simulator_paper/bat_analysis/bat_msas/256815_NT_AL_AA
