2025-04-24 10:28:57,622[INFO][main.py][main]: 
	MAIN_PATH: /groups/pupko/elyawygoda/simulator_paper/bat_analysis/other_msas/79925_NT_AL_AA,
	SEED: 1745479737603817592, NUM_SIMS: 100000, NUM_SIMS_CORRECTION: 200, SEQUENCE_TYPE: AA
2025-04-24 10:29:19,932[INFO][simulate_data.py][main]: 
	MAIN_PATH: /groups/pupko/elyawygoda/simulator_paper/bat_analysis/other_msas/79925_NT_AL_AA,
	SEED: 1745479737603817592, NUM_SIMS: 100000,
	LENGTH_DISTRIBUTION: zipf, INDEL_MODEL sim
2025-04-24 10:29:19,940[INFO][simulate_data.py][main]: 
	MAIN_PATH: /groups/pupko/elyawygoda/simulator_paper/bat_analysis/other_msas/79925_NT_AL_AA,
	SEED: 1745479737603817594, NUM_SIMS: 100000,
	LENGTH_DISTRIBUTION: zipf, INDEL_MODEL rim
2025-04-24 10:29:20,031[INFO][simulate_data.py][simulate_data]: Starting msa simulation
2025-04-24 10:29:20,031[INFO][simulate_data.py][simulate_data]: Starting msa simulation
2025-04-24 10:29:23,213[INFO][correction.py][main]: 
	MAIN_PATH: /groups/pupko/elyawygoda/simulator_paper/bat_analysis/other_msas/79925_NT_AL_AA,
	SEED: 1745479737603817593, NUM_SIMS: 200, SEQUENCE_TYPE: AA,
	LENGTH_DISTRIBUTION: zipf, INDEL_MODEL sim
2025-04-24 10:29:23,213[INFO][correction.py][main]: 
	MAIN_PATH: /groups/pupko/elyawygoda/simulator_paper/bat_analysis/other_msas/79925_NT_AL_AA,
	SEED: 1745479737603817595, NUM_SIMS: 200, SEQUENCE_TYPE: AA,
	LENGTH_DISTRIBUTION: zipf, INDEL_MODEL rim
2025-04-24 10:29:23,338[INFO][correction.py][simulate_data]: Starting msa simulation
2025-04-24 10:29:23,355[INFO][correction.py][simulate_data]: Starting msa simulation
2025-04-24 10:30:08,335[INFO][correction.py][simulate_data]: Done with 200 msa simulations
2025-04-24 10:30:08,366[INFO][correction.py][compute_realigned_stats]: Realigning MSAs and recomputing stats
2025-04-24 10:34:24,705[INFO][correction.py][simulate_data]: Done with 200 msa simulations
2025-04-24 10:34:24,769[INFO][correction.py][compute_realigned_stats]: Realigning MSAs and recomputing stats
2025-04-24 16:41:25,047[INFO][simulate_data.py][simulate_data]: Done with 100000 msa simulations
2025-04-24 18:26:07,393[INFO][simulate_data.py][simulate_data]: Done with 100000 msa simulations
2025-04-25 00:09:17,593[INFO][correction.py][compute_realigned_stats]: Done recomputing stats
2025-04-25 00:09:17,608[INFO][correction.py][compute_regressors]: Performing regression on all realigned stats
2025-04-25 00:09:21,960[INFO][correction.py][compute_regressors]: Done with regression
2025-04-25 01:02:40,813[INFO][correction.py][compute_realigned_stats]: Done recomputing stats
2025-04-25 01:02:40,814[INFO][correction.py][compute_regressors]: Performing regression on all realigned stats
2025-04-25 01:02:45,183[INFO][correction.py][compute_regressors]: Done with regression
2025-04-25 01:02:52,408[INFO][abc_inference.py][main]: 
	MAIN_PATH: /groups/pupko/elyawygoda/simulator_paper/bat_analysis/other_msas/79925_NT_AL_AA
