2025-04-24 10:09:51,755[INFO][main.py][main]: 
	MAIN_PATH: /groups/pupko/elyawygoda/simulator_paper/bat_analysis/other_msas/57188_NT_AL_AA,
	SEED: 1745478591754139469, NUM_SIMS: 100000, NUM_SIMS_CORRECTION: 200, SEQUENCE_TYPE: AA
2025-04-24 10:10:10,523[INFO][simulate_data.py][main]: 
	MAIN_PATH: /groups/pupko/elyawygoda/simulator_paper/bat_analysis/other_msas/57188_NT_AL_AA,
	SEED: 1745478591754139469, NUM_SIMS: 100000,
	LENGTH_DISTRIBUTION: zipf, INDEL_MODEL sim
2025-04-24 10:10:10,683[INFO][simulate_data.py][simulate_data]: Starting msa simulation
2025-04-24 10:10:10,693[INFO][simulate_data.py][main]: 
	MAIN_PATH: /groups/pupko/elyawygoda/simulator_paper/bat_analysis/other_msas/57188_NT_AL_AA,
	SEED: 1745478591754139471, NUM_SIMS: 100000,
	LENGTH_DISTRIBUTION: zipf, INDEL_MODEL rim
2025-04-24 10:10:10,739[INFO][simulate_data.py][simulate_data]: Starting msa simulation
2025-04-24 10:10:12,744[INFO][correction.py][main]: 
	MAIN_PATH: /groups/pupko/elyawygoda/simulator_paper/bat_analysis/other_msas/57188_NT_AL_AA,
	SEED: 1745478591754139470, NUM_SIMS: 200, SEQUENCE_TYPE: AA,
	LENGTH_DISTRIBUTION: zipf, INDEL_MODEL sim
2025-04-24 10:10:12,744[INFO][correction.py][main]: 
	MAIN_PATH: /groups/pupko/elyawygoda/simulator_paper/bat_analysis/other_msas/57188_NT_AL_AA,
	SEED: 1745478591754139472, NUM_SIMS: 200, SEQUENCE_TYPE: AA,
	LENGTH_DISTRIBUTION: zipf, INDEL_MODEL rim
2025-04-24 10:10:12,989[INFO][correction.py][simulate_data]: Starting msa simulation
2025-04-24 10:10:13,005[INFO][correction.py][simulate_data]: Starting msa simulation
2025-04-24 10:17:04,839[INFO][correction.py][simulate_data]: Done with 200 msa simulations
2025-04-24 10:17:04,901[INFO][correction.py][compute_realigned_stats]: Realigning MSAs and recomputing stats
2025-04-24 10:17:11,293[INFO][correction.py][simulate_data]: Done with 200 msa simulations
2025-04-24 10:17:11,316[INFO][correction.py][compute_realigned_stats]: Realigning MSAs and recomputing stats
2025-04-24 15:11:21,907[INFO][simulate_data.py][simulate_data]: Done with 100000 msa simulations
2025-04-24 15:32:52,306[INFO][simulate_data.py][simulate_data]: Done with 100000 msa simulations
2025-04-24 21:58:55,711[INFO][correction.py][compute_realigned_stats]: Done recomputing stats
2025-04-24 21:58:55,747[INFO][correction.py][compute_regressors]: Performing regression on all realigned stats
2025-04-24 21:59:00,096[INFO][correction.py][compute_regressors]: Done with regression
2025-04-24 23:34:01,641[INFO][correction.py][compute_realigned_stats]: Done recomputing stats
2025-04-24 23:34:01,660[INFO][correction.py][compute_regressors]: Performing regression on all realigned stats
2025-04-24 23:34:05,981[INFO][correction.py][compute_regressors]: Done with regression
2025-04-24 23:34:35,840[INFO][abc_inference.py][main]: 
	MAIN_PATH: /groups/pupko/elyawygoda/simulator_paper/bat_analysis/other_msas/57188_NT_AL_AA
