2025-09-01 13:18:07,899[INFO][main.py][main]: 
	MAIN_PATH: /groups/pupko/elyawygoda/simulator_paper/bat_analysis/bat_msas/91752_NT_AL_AA,
	SEED: 1756721887898445818, NUM_SIMS: 100000, NUM_SIMS_CORRECTION: 200, SEQUENCE_TYPE: AA, PRIOR: /groups/pupko/elyawygoda/simulator_paper/.venv/lib/python3.11/site-packages/spartaabc/default_prior.json
2025-09-01 13:18:07,900[INFO][main.py][main]: {'fasta_file': PosixPath('/groups/pupko/elyawygoda/simulator_paper/bat_analysis/bat_msas/91752_NT_AL_AA/alignment.fasta'), 'tree_file': PosixPath('/groups/pupko/elyawygoda/simulator_paper/bat_analysis/bat_msas/91752_NT_AL_AA/alignment.tree'), 'model_file': PosixPath('/groups/pupko/elyawygoda/simulator_paper/bat_analysis/bat_msas/91752_NT_AL_AA/alignment.fasta.raxml.bestModel'), 'correction_recommended': True}
2025-09-01 13:18:09,921[INFO][simulate_data.py][main]: 
	MAIN_PATH: /groups/pupko/elyawygoda/simulator_paper/bat_analysis/bat_msas/91752_NT_AL_AA,
	SEED: 1756721887898445818, NUM_SIMS: 100000,
	INDEL_MODEL sim
2025-09-01 13:18:09,941[INFO][simulate_data.py][main]: 
Loaded prior configuration from file /groups/pupko/elyawygoda/simulator_paper/.venv/lib/python3.11/site-packages/spartaabc/default_prior.json is:
	PriorSampler(seed=1756721887898445818)
  Indel Model: sim
  Sequence Length: [784, 1328]
  Indel Rates:
    Sum Rates: method=uniform, range=[0.0, 0.05]
    Ratio Rates: method=log_uniform, range=[-1.0, 1.0]
  Length Distribution Parameters:
    Length Distribution: zipf
    Truncation: 50
    Length Parameter: method=uniform, range=[1.01, 2.0]
2025-09-01 13:18:09,955[INFO][simulate_data.py][main]: 
	MAIN_PATH: /groups/pupko/elyawygoda/simulator_paper/bat_analysis/bat_msas/91752_NT_AL_AA,
	SEED: 1756721887898445820, NUM_SIMS: 100000,
	INDEL_MODEL rim
2025-09-01 13:18:09,956[INFO][simulate_data.py][simulate_data]: Starting msa simulation
2025-09-01 13:18:09,959[INFO][simulate_data.py][main]: 
Loaded prior configuration from file /groups/pupko/elyawygoda/simulator_paper/.venv/lib/python3.11/site-packages/spartaabc/default_prior.json is:
	PriorSampler(seed=1756721887898445820)
  Indel Model: rim
  Sequence Length: [784, 1328]
  Indel Rates:
    Sum Rates: method=uniform, range=[0.0, 0.05]
    Ratio Rates: method=log_uniform, range=[-1.0, 1.0]
  Length Distribution Parameters:
    Length Distribution: zipf
    Truncation: 50
    Length Parameter: method=uniform, range=[1.01, 2.0]
2025-09-01 13:18:09,961[INFO][simulate_data.py][simulate_data]: Starting msa simulation
2025-09-01 13:18:10,179[INFO][correction.py][main]: 
	MAIN_PATH: /groups/pupko/elyawygoda/simulator_paper/bat_analysis/bat_msas/91752_NT_AL_AA,
	SEED: 1756721887898445819, NUM_SIMS: 200, SEQUENCE_TYPE: AA,
	INDEL_MODEL: sim,
	ALIGNER: MAFFT
2025-09-01 13:18:10,179[INFO][correction.py][main]: 
	MAIN_PATH: /groups/pupko/elyawygoda/simulator_paper/bat_analysis/bat_msas/91752_NT_AL_AA,
	SEED: 1756721887898445821, NUM_SIMS: 200, SEQUENCE_TYPE: AA,
	INDEL_MODEL: rim,
	ALIGNER: MAFFT
2025-09-01 13:18:10,182[INFO][correction.py][main]: 
Loaded prior configuration from file /groups/pupko/elyawygoda/simulator_paper/.venv/lib/python3.11/site-packages/spartaabc/default_prior.json is:
	PriorSampler(seed=1756721887898445819)
  Indel Model: sim
  Sequence Length: [784, 1328]
  Indel Rates:
    Sum Rates: method=uniform, range=[0.0, 0.05]
    Ratio Rates: method=log_uniform, range=[-1.0, 1.0]
  Length Distribution Parameters:
    Length Distribution: zipf
    Truncation: 50
    Length Parameter: method=uniform, range=[1.01, 2.0]
2025-09-01 13:18:10,183[INFO][correction.py][main]: 
Loaded prior configuration from file /groups/pupko/elyawygoda/simulator_paper/.venv/lib/python3.11/site-packages/spartaabc/default_prior.json is:
	PriorSampler(seed=1756721887898445821)
  Indel Model: rim
  Sequence Length: [784, 1328]
  Indel Rates:
    Sum Rates: method=uniform, range=[0.0, 0.05]
    Ratio Rates: method=log_uniform, range=[-1.0, 1.0]
  Length Distribution Parameters:
    Length Distribution: zipf
    Truncation: 50
    Length Parameter: method=uniform, range=[1.01, 2.0]
2025-09-01 13:18:10,186[INFO][correction.py][main]: Loaded substitution model:
('submodel', <modelCode.WAG: 10>)
('empirical_frequencies', False)
('gamma_cats', 4)
('gamma_shape', 1.050232)
('partition', 'noname = 1-1214')
('mode', 'PROTEIN')
2025-09-01 13:18:10,186[INFO][correction.py][main]: Loaded substitution model:
('submodel', <modelCode.WAG: 10>)
('empirical_frequencies', False)
('gamma_cats', 4)
('gamma_shape', 1.050232)
('partition', 'noname = 1-1214')
('mode', 'PROTEIN')
2025-09-01 13:18:10,231[INFO][correction.py][simulate_data]: Starting msa simulation
2025-09-01 13:18:10,237[INFO][correction.py][simulate_data]: Starting msa simulation
2025-09-01 13:18:32,594[INFO][correction.py][simulate_data]: Done with 200 msa simulations
2025-09-01 13:18:32,600[INFO][correction.py][compute_realigned_stats]: Realigning MSAs and recomputing stats
2025-09-01 13:18:35,123[INFO][correction.py][simulate_data]: Done with 200 msa simulations
2025-09-01 13:18:35,126[INFO][correction.py][compute_realigned_stats]: Realigning MSAs and recomputing stats
2025-09-01 13:19:16,082[INFO][correction.py][compute_realigned_stats]: Realignment progress (rim): 20/200 (10.0%)
2025-09-01 13:19:18,034[INFO][correction.py][compute_realigned_stats]: Realignment progress (sim): 20/200 (10.0%)
2025-09-01 13:19:57,616[INFO][correction.py][compute_realigned_stats]: Realignment progress (rim): 40/200 (20.0%)
2025-09-01 13:19:58,362[INFO][correction.py][compute_realigned_stats]: Realignment progress (sim): 40/200 (20.0%)
2025-09-01 13:20:36,219[INFO][correction.py][compute_realigned_stats]: Realignment progress (sim): 60/200 (30.0%)
2025-09-01 13:20:39,482[INFO][correction.py][compute_realigned_stats]: Realignment progress (rim): 60/200 (30.0%)
2025-09-01 13:21:15,671[INFO][correction.py][compute_realigned_stats]: Realignment progress (sim): 80/200 (40.0%)
2025-09-01 13:21:21,321[INFO][correction.py][compute_realigned_stats]: Realignment progress (rim): 80/200 (40.0%)
2025-09-01 13:21:34,605[INFO][simulate_data.py][simulate_data]: Simulation progress (sim): 5000/100000 (5.0%)
2025-09-01 13:21:41,090[INFO][simulate_data.py][simulate_data]: Simulation progress (rim): 5000/100000 (5.0%)
2025-09-01 13:21:57,801[INFO][correction.py][compute_realigned_stats]: Realignment progress (sim): 100/200 (50.0%)
2025-09-01 13:22:02,391[INFO][correction.py][compute_realigned_stats]: Realignment progress (rim): 100/200 (50.0%)
2025-09-01 13:22:41,080[INFO][correction.py][compute_realigned_stats]: Realignment progress (sim): 120/200 (60.0%)
2025-09-01 13:22:44,683[INFO][correction.py][compute_realigned_stats]: Realignment progress (rim): 120/200 (60.0%)
2025-09-01 13:23:25,967[INFO][correction.py][compute_realigned_stats]: Realignment progress (rim): 140/200 (70.0%)
2025-09-01 13:23:27,768[INFO][correction.py][compute_realigned_stats]: Realignment progress (sim): 140/200 (70.0%)
2025-09-01 13:24:06,258[INFO][correction.py][compute_realigned_stats]: Realignment progress (rim): 160/200 (80.0%)
2025-09-01 13:24:10,475[INFO][correction.py][compute_realigned_stats]: Realignment progress (sim): 160/200 (80.0%)
2025-09-01 13:24:46,576[INFO][simulate_data.py][simulate_data]: Simulation progress (sim): 10000/100000 (10.0%)
2025-09-01 13:24:50,109[INFO][correction.py][compute_realigned_stats]: Realignment progress (sim): 180/200 (90.0%)
2025-09-01 13:24:50,603[INFO][correction.py][compute_realigned_stats]: Realignment progress (rim): 180/200 (90.0%)
2025-09-01 13:25:06,317[INFO][simulate_data.py][simulate_data]: Simulation progress (rim): 10000/100000 (10.0%)
2025-09-01 13:25:28,968[INFO][correction.py][compute_realigned_stats]: Realignment progress (sim): 199/200 (99.5%)
2025-09-01 13:25:29,210[INFO][correction.py][compute_realigned_stats]: Realignment progress (rim): 199/200 (99.5%)
2025-09-01 13:25:30,966[INFO][correction.py][compute_realigned_stats]: Done recomputing stats
2025-09-01 13:25:30,967[INFO][correction.py][compute_regressors]: Performing regression on all realigned stats
2025-09-01 13:25:31,257[INFO][correction.py][compute_realigned_stats]: Done recomputing stats
2025-09-01 13:25:31,258[INFO][correction.py][compute_regressors]: Performing regression on all realigned stats
2025-09-01 13:25:36,293[INFO][correction.py][compute_regressors]: Done with regression
2025-09-01 13:25:36,500[INFO][correction.py][compute_regressors]: Done with regression
2025-09-01 13:26:58,003[INFO][simulate_data.py][simulate_data]: Simulation progress (sim): 15000/100000 (15.0%)
2025-09-01 13:27:17,633[INFO][simulate_data.py][simulate_data]: Simulation progress (rim): 15000/100000 (15.0%)
2025-09-01 13:29:03,404[INFO][simulate_data.py][simulate_data]: Simulation progress (sim): 20000/100000 (20.0%)
2025-09-01 13:29:21,206[INFO][simulate_data.py][simulate_data]: Simulation progress (rim): 20000/100000 (20.0%)
2025-09-01 13:31:02,447[INFO][simulate_data.py][simulate_data]: Simulation progress (sim): 25000/100000 (25.0%)
2025-09-01 13:31:25,197[INFO][simulate_data.py][simulate_data]: Simulation progress (rim): 25000/100000 (25.0%)
2025-09-01 13:33:00,674[INFO][simulate_data.py][simulate_data]: Simulation progress (sim): 30000/100000 (30.0%)
2025-09-01 13:33:27,361[INFO][simulate_data.py][simulate_data]: Simulation progress (rim): 30000/100000 (30.0%)
2025-09-01 13:34:55,412[INFO][simulate_data.py][simulate_data]: Simulation progress (sim): 35000/100000 (35.0%)
2025-09-01 13:35:19,260[INFO][simulate_data.py][simulate_data]: Simulation progress (rim): 35000/100000 (35.0%)
2025-09-01 13:36:35,683[INFO][simulate_data.py][simulate_data]: Simulation progress (sim): 40000/100000 (40.0%)
2025-09-01 13:37:03,925[INFO][simulate_data.py][simulate_data]: Simulation progress (rim): 40000/100000 (40.0%)
2025-09-01 13:38:27,286[INFO][simulate_data.py][simulate_data]: Simulation progress (sim): 45000/100000 (45.0%)
2025-09-01 13:39:07,390[INFO][simulate_data.py][simulate_data]: Simulation progress (rim): 45000/100000 (45.0%)
2025-09-01 13:40:17,145[INFO][simulate_data.py][simulate_data]: Simulation progress (sim): 50000/100000 (50.0%)
2025-09-01 13:41:00,097[INFO][simulate_data.py][simulate_data]: Simulation progress (rim): 50000/100000 (50.0%)
2025-09-01 13:42:00,996[INFO][simulate_data.py][simulate_data]: Simulation progress (sim): 55000/100000 (55.0%)
2025-09-01 13:42:40,972[INFO][simulate_data.py][simulate_data]: Simulation progress (rim): 55000/100000 (55.0%)
2025-09-01 13:43:52,459[INFO][simulate_data.py][simulate_data]: Simulation progress (sim): 60000/100000 (60.0%)
2025-09-01 13:44:39,901[INFO][simulate_data.py][simulate_data]: Simulation progress (rim): 60000/100000 (60.0%)
2025-09-01 13:45:45,998[INFO][simulate_data.py][simulate_data]: Simulation progress (sim): 65000/100000 (65.0%)
2025-09-01 13:46:30,736[INFO][simulate_data.py][simulate_data]: Simulation progress (rim): 65000/100000 (65.0%)
2025-09-01 13:47:21,750[INFO][simulate_data.py][simulate_data]: Simulation progress (sim): 70000/100000 (70.0%)
2025-09-01 13:48:05,761[INFO][simulate_data.py][simulate_data]: Simulation progress (rim): 70000/100000 (70.0%)
2025-09-01 13:49:04,703[INFO][simulate_data.py][simulate_data]: Simulation progress (sim): 75000/100000 (75.0%)
2025-09-01 13:49:52,554[INFO][simulate_data.py][simulate_data]: Simulation progress (rim): 75000/100000 (75.0%)
2025-09-01 13:50:44,851[INFO][simulate_data.py][simulate_data]: Simulation progress (sim): 80000/100000 (80.0%)
2025-09-01 13:51:44,925[INFO][simulate_data.py][simulate_data]: Simulation progress (rim): 80000/100000 (80.0%)
2025-09-01 13:52:22,998[INFO][simulate_data.py][simulate_data]: Simulation progress (sim): 85000/100000 (85.0%)
2025-09-01 13:53:20,190[INFO][simulate_data.py][simulate_data]: Simulation progress (rim): 85000/100000 (85.0%)
2025-09-01 13:53:59,132[INFO][simulate_data.py][simulate_data]: Simulation progress (sim): 90000/100000 (90.0%)
2025-09-01 13:55:01,571[INFO][simulate_data.py][simulate_data]: Simulation progress (rim): 90000/100000 (90.0%)
2025-09-01 13:55:44,174[INFO][simulate_data.py][simulate_data]: Simulation progress (sim): 95000/100000 (95.0%)
2025-09-01 13:56:51,525[INFO][simulate_data.py][simulate_data]: Simulation progress (rim): 95000/100000 (95.0%)
2025-09-01 13:57:36,338[INFO][simulate_data.py][simulate_data]: Simulation progress (sim): 99999/100000 (100.0%)
2025-09-01 13:57:36,373[INFO][simulate_data.py][simulate_data]: Done with 100000 msa simulations
2025-09-01 13:58:02,905[INFO][simulate_data.py][simulate_data]: Simulation progress (rim): 99999/100000 (100.0%)
2025-09-01 13:58:02,914[INFO][simulate_data.py][simulate_data]: Done with 100000 msa simulations
2025-09-01 13:58:20,835[INFO][abc_inference.py][main]: 
	MAIN_PATH: /groups/pupko/elyawygoda/simulator_paper/bat_analysis/bat_msas/91752_NT_AL_AA
