2025-04-24 09:47:48,215[INFO][main.py][main]: 
	MAIN_PATH: /groups/pupko/elyawygoda/simulator_paper/bat_analysis/bat_msas/100131017_NT_AL_AA,
	SEED: 1745477268198636290, NUM_SIMS: 100000, NUM_SIMS_CORRECTION: 200, SEQUENCE_TYPE: AA
2025-04-24 09:48:41,541[INFO][simulate_data.py][main]: 
	MAIN_PATH: /groups/pupko/elyawygoda/simulator_paper/bat_analysis/bat_msas/100131017_NT_AL_AA,
	SEED: 1745477268198636292, NUM_SIMS: 100000,
	LENGTH_DISTRIBUTION: zipf, INDEL_MODEL rim
2025-04-24 09:48:41,829[INFO][simulate_data.py][simulate_data]: Starting msa simulation
2025-04-24 09:48:41,849[INFO][simulate_data.py][main]: 
	MAIN_PATH: /groups/pupko/elyawygoda/simulator_paper/bat_analysis/bat_msas/100131017_NT_AL_AA,
	SEED: 1745477268198636290, NUM_SIMS: 100000,
	LENGTH_DISTRIBUTION: zipf, INDEL_MODEL sim
2025-04-24 09:48:41,967[INFO][simulate_data.py][simulate_data]: Starting msa simulation
2025-04-24 09:48:45,652[INFO][correction.py][main]: 
	MAIN_PATH: /groups/pupko/elyawygoda/simulator_paper/bat_analysis/bat_msas/100131017_NT_AL_AA,
	SEED: 1745477268198636293, NUM_SIMS: 200, SEQUENCE_TYPE: AA,
	LENGTH_DISTRIBUTION: zipf, INDEL_MODEL rim
2025-04-24 09:48:45,700[INFO][correction.py][main]: 
	MAIN_PATH: /groups/pupko/elyawygoda/simulator_paper/bat_analysis/bat_msas/100131017_NT_AL_AA,
	SEED: 1745477268198636291, NUM_SIMS: 200, SEQUENCE_TYPE: AA,
	LENGTH_DISTRIBUTION: zipf, INDEL_MODEL sim
2025-04-24 09:48:45,947[INFO][correction.py][simulate_data]: Starting msa simulation
2025-04-24 09:48:45,964[INFO][correction.py][simulate_data]: Starting msa simulation
2025-04-24 09:49:30,726[INFO][correction.py][simulate_data]: Done with 200 msa simulations
2025-04-24 09:49:30,729[INFO][correction.py][compute_realigned_stats]: Realigning MSAs and recomputing stats
2025-04-24 09:49:32,105[INFO][correction.py][simulate_data]: Done with 200 msa simulations
2025-04-24 09:49:32,109[INFO][correction.py][compute_realigned_stats]: Realigning MSAs and recomputing stats
2025-04-24 09:54:54,836[INFO][correction.py][compute_realigned_stats]: Done recomputing stats
2025-04-24 09:54:54,856[INFO][correction.py][compute_regressors]: Performing regression on all realigned stats
2025-04-24 09:55:00,803[INFO][correction.py][compute_regressors]: Done with regression
2025-04-24 09:55:47,691[INFO][correction.py][compute_realigned_stats]: Done recomputing stats
2025-04-24 09:55:47,692[INFO][correction.py][compute_regressors]: Performing regression on all realigned stats
2025-04-24 09:55:53,787[INFO][correction.py][compute_regressors]: Done with regression
2025-04-24 10:51:41,385[INFO][simulate_data.py][simulate_data]: Done with 100000 msa simulations
2025-04-24 11:20:27,079[INFO][simulate_data.py][simulate_data]: Done with 100000 msa simulations
2025-04-24 11:21:00,599[INFO][abc_inference.py][main]: 
	MAIN_PATH: /groups/pupko/elyawygoda/simulator_paper/bat_analysis/bat_msas/100131017_NT_AL_AA
