2025-04-24 09:47:53,062[INFO][main.py][main]: 
	MAIN_PATH: /groups/pupko/elyawygoda/simulator_paper/bat_analysis/bat_msas/7984_NT_AL_AA,
	SEED: 1745477273025955687, NUM_SIMS: 100000, NUM_SIMS_CORRECTION: 200, SEQUENCE_TYPE: AA
2025-04-24 09:49:00,269[INFO][simulate_data.py][main]: 
	MAIN_PATH: /groups/pupko/elyawygoda/simulator_paper/bat_analysis/bat_msas/7984_NT_AL_AA,
	SEED: 1745477273025955689, NUM_SIMS: 100000,
	LENGTH_DISTRIBUTION: zipf, INDEL_MODEL rim
2025-04-24 09:49:00,386[INFO][simulate_data.py][main]: 
	MAIN_PATH: /groups/pupko/elyawygoda/simulator_paper/bat_analysis/bat_msas/7984_NT_AL_AA,
	SEED: 1745477273025955687, NUM_SIMS: 100000,
	LENGTH_DISTRIBUTION: zipf, INDEL_MODEL sim
2025-04-24 09:49:00,626[INFO][simulate_data.py][simulate_data]: Starting msa simulation
2025-04-24 09:49:00,626[INFO][simulate_data.py][simulate_data]: Starting msa simulation
2025-04-24 09:49:03,450[INFO][correction.py][main]: 
	MAIN_PATH: /groups/pupko/elyawygoda/simulator_paper/bat_analysis/bat_msas/7984_NT_AL_AA,
	SEED: 1745477273025955690, NUM_SIMS: 200, SEQUENCE_TYPE: AA,
	LENGTH_DISTRIBUTION: zipf, INDEL_MODEL rim
2025-04-24 09:49:03,538[INFO][correction.py][main]: 
	MAIN_PATH: /groups/pupko/elyawygoda/simulator_paper/bat_analysis/bat_msas/7984_NT_AL_AA,
	SEED: 1745477273025955688, NUM_SIMS: 200, SEQUENCE_TYPE: AA,
	LENGTH_DISTRIBUTION: zipf, INDEL_MODEL sim
2025-04-24 09:49:03,622[INFO][correction.py][simulate_data]: Starting msa simulation
2025-04-24 09:49:03,726[INFO][correction.py][simulate_data]: Starting msa simulation
2025-04-24 09:49:53,758[INFO][correction.py][simulate_data]: Done with 200 msa simulations
2025-04-24 09:49:53,777[INFO][correction.py][compute_realigned_stats]: Realigning MSAs and recomputing stats
2025-04-24 09:50:02,332[INFO][correction.py][simulate_data]: Done with 200 msa simulations
2025-04-24 09:50:02,336[INFO][correction.py][compute_realigned_stats]: Realigning MSAs and recomputing stats
2025-04-24 10:09:12,320[INFO][correction.py][compute_realigned_stats]: Done recomputing stats
2025-04-24 10:09:12,425[INFO][correction.py][compute_regressors]: Performing regression on all realigned stats
2025-04-24 10:09:16,247[INFO][correction.py][compute_realigned_stats]: Done recomputing stats
2025-04-24 10:09:16,248[INFO][correction.py][compute_regressors]: Performing regression on all realigned stats
2025-04-24 10:09:18,953[INFO][correction.py][compute_regressors]: Done with regression
2025-04-24 10:09:20,801[INFO][correction.py][compute_regressors]: Done with regression
2025-04-24 12:39:57,161[INFO][simulate_data.py][simulate_data]: Done with 100000 msa simulations
2025-04-24 12:48:27,829[INFO][simulate_data.py][simulate_data]: Done with 100000 msa simulations
2025-04-24 12:48:42,165[INFO][abc_inference.py][main]: 
	MAIN_PATH: /groups/pupko/elyawygoda/simulator_paper/bat_analysis/bat_msas/7984_NT_AL_AA
