2025-04-24 10:06:00,999[INFO][main.py][main]: 
	MAIN_PATH: /groups/pupko/elyawygoda/simulator_paper/bat_analysis/other_msas/1609_NT_AL_AA,
	SEED: 1745478360974516317, NUM_SIMS: 100000, NUM_SIMS_CORRECTION: 200, SEQUENCE_TYPE: AA
2025-04-24 10:06:45,154[INFO][simulate_data.py][main]: 
	MAIN_PATH: /groups/pupko/elyawygoda/simulator_paper/bat_analysis/other_msas/1609_NT_AL_AA,
	SEED: 1745478360974516317, NUM_SIMS: 100000,
	LENGTH_DISTRIBUTION: zipf, INDEL_MODEL sim
2025-04-24 10:06:45,320[INFO][simulate_data.py][main]: 
	MAIN_PATH: /groups/pupko/elyawygoda/simulator_paper/bat_analysis/other_msas/1609_NT_AL_AA,
	SEED: 1745478360974516319, NUM_SIMS: 100000,
	LENGTH_DISTRIBUTION: zipf, INDEL_MODEL rim
2025-04-24 10:06:45,415[INFO][simulate_data.py][simulate_data]: Starting msa simulation
2025-04-24 10:06:45,441[INFO][simulate_data.py][simulate_data]: Starting msa simulation
2025-04-24 10:06:49,563[INFO][correction.py][main]: 
	MAIN_PATH: /groups/pupko/elyawygoda/simulator_paper/bat_analysis/other_msas/1609_NT_AL_AA,
	SEED: 1745478360974516320, NUM_SIMS: 200, SEQUENCE_TYPE: AA,
	LENGTH_DISTRIBUTION: zipf, INDEL_MODEL rim
2025-04-24 10:06:49,721[INFO][correction.py][main]: 
	MAIN_PATH: /groups/pupko/elyawygoda/simulator_paper/bat_analysis/other_msas/1609_NT_AL_AA,
	SEED: 1745478360974516318, NUM_SIMS: 200, SEQUENCE_TYPE: AA,
	LENGTH_DISTRIBUTION: zipf, INDEL_MODEL sim
2025-04-24 10:06:49,751[INFO][correction.py][simulate_data]: Starting msa simulation
2025-04-24 10:06:49,917[INFO][correction.py][simulate_data]: Starting msa simulation
2025-04-24 10:13:50,313[INFO][correction.py][simulate_data]: Done with 200 msa simulations
2025-04-24 10:13:50,356[INFO][correction.py][compute_realigned_stats]: Realigning MSAs and recomputing stats
2025-04-24 10:15:06,521[INFO][correction.py][simulate_data]: Done with 200 msa simulations
2025-04-24 10:15:06,548[INFO][correction.py][compute_realigned_stats]: Realigning MSAs and recomputing stats
2025-04-24 20:47:57,984[INFO][correction.py][compute_realigned_stats]: Done recomputing stats
2025-04-24 20:47:58,023[INFO][correction.py][compute_regressors]: Performing regression on all realigned stats
2025-04-24 20:48:02,275[INFO][correction.py][compute_regressors]: Done with regression
2025-04-24 22:15:13,627[INFO][correction.py][compute_realigned_stats]: Done recomputing stats
2025-04-24 22:15:13,653[INFO][correction.py][compute_regressors]: Performing regression on all realigned stats
2025-04-24 22:15:17,931[INFO][correction.py][compute_regressors]: Done with regression
2025-04-25 04:19:00,764[INFO][simulate_data.py][simulate_data]: Done with 100000 msa simulations
2025-04-25 04:30:22,472[INFO][simulate_data.py][simulate_data]: Done with 100000 msa simulations
2025-04-25 04:30:41,431[INFO][abc_inference.py][main]: 
	MAIN_PATH: /groups/pupko/elyawygoda/simulator_paper/bat_analysis/other_msas/1609_NT_AL_AA
