2025-04-24 09:47:52,334[INFO][main.py][main]: 
	MAIN_PATH: /groups/pupko/elyawygoda/simulator_paper/bat_analysis/bat_msas/90381_NT_AL_AA,
	SEED: 1745477272300450390, NUM_SIMS: 100000, NUM_SIMS_CORRECTION: 200, SEQUENCE_TYPE: AA
2025-04-24 09:49:00,294[INFO][simulate_data.py][main]: 
	MAIN_PATH: /groups/pupko/elyawygoda/simulator_paper/bat_analysis/bat_msas/90381_NT_AL_AA,
	SEED: 1745477272300450390, NUM_SIMS: 100000,
	LENGTH_DISTRIBUTION: zipf, INDEL_MODEL sim
2025-04-24 09:49:00,331[INFO][simulate_data.py][main]: 
	MAIN_PATH: /groups/pupko/elyawygoda/simulator_paper/bat_analysis/bat_msas/90381_NT_AL_AA,
	SEED: 1745477272300450392, NUM_SIMS: 100000,
	LENGTH_DISTRIBUTION: zipf, INDEL_MODEL rim
2025-04-24 09:49:00,485[INFO][simulate_data.py][simulate_data]: Starting msa simulation
2025-04-24 09:49:00,485[INFO][simulate_data.py][simulate_data]: Starting msa simulation
2025-04-24 09:49:03,450[INFO][correction.py][main]: 
	MAIN_PATH: /groups/pupko/elyawygoda/simulator_paper/bat_analysis/bat_msas/90381_NT_AL_AA,
	SEED: 1745477272300450393, NUM_SIMS: 200, SEQUENCE_TYPE: AA,
	LENGTH_DISTRIBUTION: zipf, INDEL_MODEL rim
2025-04-24 09:49:03,477[INFO][correction.py][main]: 
	MAIN_PATH: /groups/pupko/elyawygoda/simulator_paper/bat_analysis/bat_msas/90381_NT_AL_AA,
	SEED: 1745477272300450391, NUM_SIMS: 200, SEQUENCE_TYPE: AA,
	LENGTH_DISTRIBUTION: zipf, INDEL_MODEL sim
2025-04-24 09:49:03,624[INFO][correction.py][simulate_data]: Starting msa simulation
2025-04-24 09:49:03,708[INFO][correction.py][simulate_data]: Starting msa simulation
2025-04-24 09:49:51,224[INFO][correction.py][simulate_data]: Done with 200 msa simulations
2025-04-24 09:49:51,236[INFO][correction.py][compute_realigned_stats]: Realigning MSAs and recomputing stats
2025-04-24 09:49:54,202[INFO][correction.py][simulate_data]: Done with 200 msa simulations
2025-04-24 09:49:54,205[INFO][correction.py][compute_realigned_stats]: Realigning MSAs and recomputing stats
2025-04-24 10:17:35,793[INFO][correction.py][compute_realigned_stats]: Done recomputing stats
2025-04-24 10:17:35,815[INFO][correction.py][compute_regressors]: Performing regression on all realigned stats
2025-04-24 10:17:44,189[INFO][correction.py][compute_regressors]: Done with regression
2025-04-24 10:19:12,631[INFO][correction.py][compute_realigned_stats]: Done recomputing stats
2025-04-24 10:19:12,649[INFO][correction.py][compute_regressors]: Performing regression on all realigned stats
2025-04-24 10:19:17,850[INFO][correction.py][compute_regressors]: Done with regression
2025-04-24 11:37:59,596[INFO][simulate_data.py][simulate_data]: Done with 100000 msa simulations
2025-04-24 11:58:11,702[INFO][simulate_data.py][simulate_data]: Done with 100000 msa simulations
2025-04-24 11:58:51,446[INFO][abc_inference.py][main]: 
	MAIN_PATH: /groups/pupko/elyawygoda/simulator_paper/bat_analysis/bat_msas/90381_NT_AL_AA
