2025-04-24 09:47:52,351[INFO][main.py][main]: 
	MAIN_PATH: /groups/pupko/elyawygoda/simulator_paper/bat_analysis/bat_msas/3665_NT_AL_AA,
	SEED: 1745477272308276476, NUM_SIMS: 100000, NUM_SIMS_CORRECTION: 200, SEQUENCE_TYPE: AA
2025-04-24 09:49:00,359[INFO][simulate_data.py][main]: 
	MAIN_PATH: /groups/pupko/elyawygoda/simulator_paper/bat_analysis/bat_msas/3665_NT_AL_AA,
	SEED: 1745477272308276476, NUM_SIMS: 100000,
	LENGTH_DISTRIBUTION: zipf, INDEL_MODEL sim
2025-04-24 09:49:00,436[INFO][simulate_data.py][main]: 
	MAIN_PATH: /groups/pupko/elyawygoda/simulator_paper/bat_analysis/bat_msas/3665_NT_AL_AA,
	SEED: 1745477272308276478, NUM_SIMS: 100000,
	LENGTH_DISTRIBUTION: zipf, INDEL_MODEL rim
2025-04-24 09:49:00,572[INFO][simulate_data.py][simulate_data]: Starting msa simulation
2025-04-24 09:49:00,577[INFO][simulate_data.py][simulate_data]: Starting msa simulation
2025-04-24 09:49:03,466[INFO][correction.py][main]: 
	MAIN_PATH: /groups/pupko/elyawygoda/simulator_paper/bat_analysis/bat_msas/3665_NT_AL_AA,
	SEED: 1745477272308276477, NUM_SIMS: 200, SEQUENCE_TYPE: AA,
	LENGTH_DISTRIBUTION: zipf, INDEL_MODEL sim
2025-04-24 09:49:03,493[INFO][correction.py][main]: 
	MAIN_PATH: /groups/pupko/elyawygoda/simulator_paper/bat_analysis/bat_msas/3665_NT_AL_AA,
	SEED: 1745477272308276479, NUM_SIMS: 200, SEQUENCE_TYPE: AA,
	LENGTH_DISTRIBUTION: zipf, INDEL_MODEL rim
2025-04-24 09:49:03,674[INFO][correction.py][simulate_data]: Starting msa simulation
2025-04-24 09:49:03,678[INFO][correction.py][simulate_data]: Starting msa simulation
2025-04-24 09:49:04,150[INFO][correction.py][simulate_data]: Done with 200 msa simulations
2025-04-24 09:49:04,157[INFO][correction.py][compute_realigned_stats]: Realigning MSAs and recomputing stats
2025-04-24 09:49:04,196[INFO][correction.py][simulate_data]: Done with 200 msa simulations
2025-04-24 09:49:04,202[INFO][correction.py][compute_realigned_stats]: Realigning MSAs and recomputing stats
2025-04-24 09:51:56,466[INFO][simulate_data.py][simulate_data]: Done with 100000 msa simulations
2025-04-24 09:52:04,583[INFO][simulate_data.py][simulate_data]: Done with 100000 msa simulations
2025-04-24 09:53:12,574[INFO][correction.py][compute_realigned_stats]: Done recomputing stats
2025-04-24 09:53:12,607[INFO][correction.py][compute_regressors]: Performing regression on all realigned stats
2025-04-24 09:53:16,685[INFO][correction.py][compute_regressors]: Done with regression
2025-04-24 09:53:25,438[INFO][correction.py][compute_realigned_stats]: Done recomputing stats
2025-04-24 09:53:25,440[INFO][correction.py][compute_regressors]: Performing regression on all realigned stats
2025-04-24 09:53:29,582[INFO][correction.py][compute_regressors]: Done with regression
2025-04-24 09:54:12,033[INFO][abc_inference.py][main]: 
	MAIN_PATH: /groups/pupko/elyawygoda/simulator_paper/bat_analysis/bat_msas/3665_NT_AL_AA
