2025-04-24 09:47:48,213[INFO][main.py][main]: 
	MAIN_PATH: /groups/pupko/elyawygoda/simulator_paper/bat_analysis/bat_msas/121006_NT_AL_AA,
	SEED: 1745477268196554026, NUM_SIMS: 100000, NUM_SIMS_CORRECTION: 200, SEQUENCE_TYPE: AA
2025-04-24 09:48:41,337[INFO][simulate_data.py][main]: 
	MAIN_PATH: /groups/pupko/elyawygoda/simulator_paper/bat_analysis/bat_msas/121006_NT_AL_AA,
	SEED: 1745477268196554028, NUM_SIMS: 100000,
	LENGTH_DISTRIBUTION: zipf, INDEL_MODEL rim
2025-04-24 09:48:41,776[INFO][simulate_data.py][main]: 
	MAIN_PATH: /groups/pupko/elyawygoda/simulator_paper/bat_analysis/bat_msas/121006_NT_AL_AA,
	SEED: 1745477268196554026, NUM_SIMS: 100000,
	LENGTH_DISTRIBUTION: zipf, INDEL_MODEL sim
2025-04-24 09:48:41,782[INFO][simulate_data.py][simulate_data]: Starting msa simulation
2025-04-24 09:48:41,948[INFO][simulate_data.py][simulate_data]: Starting msa simulation
2025-04-24 09:48:45,625[INFO][correction.py][main]: 
	MAIN_PATH: /groups/pupko/elyawygoda/simulator_paper/bat_analysis/bat_msas/121006_NT_AL_AA,
	SEED: 1745477268196554029, NUM_SIMS: 200, SEQUENCE_TYPE: AA,
	LENGTH_DISTRIBUTION: zipf, INDEL_MODEL rim
2025-04-24 09:48:45,649[INFO][correction.py][main]: 
	MAIN_PATH: /groups/pupko/elyawygoda/simulator_paper/bat_analysis/bat_msas/121006_NT_AL_AA,
	SEED: 1745477268196554027, NUM_SIMS: 200, SEQUENCE_TYPE: AA,
	LENGTH_DISTRIBUTION: zipf, INDEL_MODEL sim
2025-04-24 09:48:45,982[INFO][correction.py][simulate_data]: Starting msa simulation
2025-04-24 09:48:45,988[INFO][correction.py][simulate_data]: Starting msa simulation
2025-04-24 09:48:51,629[INFO][correction.py][simulate_data]: Done with 200 msa simulations
2025-04-24 09:48:51,632[INFO][correction.py][compute_realigned_stats]: Realigning MSAs and recomputing stats
2025-04-24 09:49:36,315[INFO][correction.py][simulate_data]: Done with 200 msa simulations
2025-04-24 09:49:36,319[INFO][correction.py][compute_realigned_stats]: Realigning MSAs and recomputing stats
2025-04-24 10:19:38,894[INFO][correction.py][compute_realigned_stats]: Done recomputing stats
2025-04-24 10:19:38,901[INFO][correction.py][compute_regressors]: Performing regression on all realigned stats
2025-04-24 10:19:45,031[INFO][correction.py][compute_regressors]: Done with regression
2025-04-24 10:23:57,139[INFO][correction.py][compute_realigned_stats]: Done recomputing stats
2025-04-24 10:23:57,143[INFO][correction.py][compute_regressors]: Performing regression on all realigned stats
2025-04-24 10:24:04,178[INFO][correction.py][compute_regressors]: Done with regression
2025-04-24 10:35:17,133[INFO][simulate_data.py][simulate_data]: Done with 100000 msa simulations
2025-04-24 10:52:41,590[INFO][simulate_data.py][simulate_data]: Done with 100000 msa simulations
2025-04-24 10:53:20,534[INFO][abc_inference.py][main]: 
	MAIN_PATH: /groups/pupko/elyawygoda/simulator_paper/bat_analysis/bat_msas/121006_NT_AL_AA
