2025-04-24 09:47:52,475[INFO][main.py][main]: 
	MAIN_PATH: /groups/pupko/elyawygoda/simulator_paper/bat_analysis/bat_msas/84886_NT_AL_AA,
	SEED: 1745477272332355592, NUM_SIMS: 100000, NUM_SIMS_CORRECTION: 200, SEQUENCE_TYPE: AA
2025-04-24 09:49:00,270[INFO][simulate_data.py][main]: 
	MAIN_PATH: /groups/pupko/elyawygoda/simulator_paper/bat_analysis/bat_msas/84886_NT_AL_AA,
	SEED: 1745477272332355592, NUM_SIMS: 100000,
	LENGTH_DISTRIBUTION: zipf, INDEL_MODEL sim
2025-04-24 09:49:00,376[INFO][simulate_data.py][main]: 
	MAIN_PATH: /groups/pupko/elyawygoda/simulator_paper/bat_analysis/bat_msas/84886_NT_AL_AA,
	SEED: 1745477272332355594, NUM_SIMS: 100000,
	LENGTH_DISTRIBUTION: zipf, INDEL_MODEL rim
2025-04-24 09:49:00,570[INFO][simulate_data.py][simulate_data]: Starting msa simulation
2025-04-24 09:49:00,571[INFO][simulate_data.py][simulate_data]: Starting msa simulation
2025-04-24 09:49:03,468[INFO][correction.py][main]: 
	MAIN_PATH: /groups/pupko/elyawygoda/simulator_paper/bat_analysis/bat_msas/84886_NT_AL_AA,
	SEED: 1745477272332355595, NUM_SIMS: 200, SEQUENCE_TYPE: AA,
	LENGTH_DISTRIBUTION: zipf, INDEL_MODEL rim
2025-04-24 09:49:03,494[INFO][correction.py][main]: 
	MAIN_PATH: /groups/pupko/elyawygoda/simulator_paper/bat_analysis/bat_msas/84886_NT_AL_AA,
	SEED: 1745477272332355593, NUM_SIMS: 200, SEQUENCE_TYPE: AA,
	LENGTH_DISTRIBUTION: zipf, INDEL_MODEL sim
2025-04-24 09:49:03,734[INFO][correction.py][simulate_data]: Starting msa simulation
2025-04-24 09:49:03,742[INFO][correction.py][simulate_data]: Starting msa simulation
2025-04-24 09:49:49,267[INFO][correction.py][simulate_data]: Done with 200 msa simulations
2025-04-24 09:49:49,275[INFO][correction.py][compute_realigned_stats]: Realigning MSAs and recomputing stats
2025-04-24 09:49:49,539[INFO][correction.py][simulate_data]: Done with 200 msa simulations
2025-04-24 09:49:49,543[INFO][correction.py][compute_realigned_stats]: Realigning MSAs and recomputing stats
2025-04-24 09:51:54,871[INFO][correction.py][compute_realigned_stats]: Done recomputing stats
2025-04-24 09:51:56,242[INFO][correction.py][compute_regressors]: Performing regression on all realigned stats
2025-04-24 09:51:57,246[INFO][correction.py][compute_realigned_stats]: Done recomputing stats
2025-04-24 09:51:57,246[INFO][correction.py][compute_regressors]: Performing regression on all realigned stats
2025-04-24 09:52:01,999[INFO][correction.py][compute_regressors]: Done with regression
2025-04-24 09:52:02,078[INFO][correction.py][compute_regressors]: Done with regression
2025-04-24 11:55:21,665[INFO][simulate_data.py][simulate_data]: Done with 100000 msa simulations
2025-04-24 11:59:44,306[INFO][simulate_data.py][simulate_data]: Done with 100000 msa simulations
2025-04-24 12:00:19,463[INFO][abc_inference.py][main]: 
	MAIN_PATH: /groups/pupko/elyawygoda/simulator_paper/bat_analysis/bat_msas/84886_NT_AL_AA
