2025-04-24 10:32:42,447[INFO][main.py][main]: 
	MAIN_PATH: /groups/pupko/elyawygoda/simulator_paper/bat_analysis/other_msas/91752_NT_AL_AA,
	SEED: 1745479962420358576, NUM_SIMS: 100000, NUM_SIMS_CORRECTION: 200, SEQUENCE_TYPE: AA
2025-04-24 10:32:53,677[INFO][simulate_data.py][main]: 
	MAIN_PATH: /groups/pupko/elyawygoda/simulator_paper/bat_analysis/other_msas/91752_NT_AL_AA,
	SEED: 1745479962420358578, NUM_SIMS: 100000,
	LENGTH_DISTRIBUTION: zipf, INDEL_MODEL rim
2025-04-24 10:32:53,927[INFO][simulate_data.py][simulate_data]: Starting msa simulation
2025-04-24 10:32:54,571[INFO][simulate_data.py][main]: 
	MAIN_PATH: /groups/pupko/elyawygoda/simulator_paper/bat_analysis/other_msas/91752_NT_AL_AA,
	SEED: 1745479962420358576, NUM_SIMS: 100000,
	LENGTH_DISTRIBUTION: zipf, INDEL_MODEL sim
2025-04-24 10:32:54,616[INFO][simulate_data.py][simulate_data]: Starting msa simulation
2025-04-24 10:32:55,036[INFO][correction.py][main]: 
	MAIN_PATH: /groups/pupko/elyawygoda/simulator_paper/bat_analysis/other_msas/91752_NT_AL_AA,
	SEED: 1745479962420358577, NUM_SIMS: 200, SEQUENCE_TYPE: AA,
	LENGTH_DISTRIBUTION: zipf, INDEL_MODEL sim
2025-04-24 10:32:55,145[INFO][correction.py][simulate_data]: Starting msa simulation
2025-04-24 10:32:55,365[INFO][correction.py][main]: 
	MAIN_PATH: /groups/pupko/elyawygoda/simulator_paper/bat_analysis/other_msas/91752_NT_AL_AA,
	SEED: 1745479962420358579, NUM_SIMS: 200, SEQUENCE_TYPE: AA,
	LENGTH_DISTRIBUTION: zipf, INDEL_MODEL rim
2025-04-24 10:32:55,637[INFO][correction.py][simulate_data]: Starting msa simulation
2025-04-24 10:38:05,424[INFO][correction.py][simulate_data]: Done with 200 msa simulations
2025-04-24 10:38:05,496[INFO][correction.py][compute_realigned_stats]: Realigning MSAs and recomputing stats
2025-04-24 10:38:13,153[INFO][correction.py][simulate_data]: Done with 200 msa simulations
2025-04-24 10:38:13,173[INFO][correction.py][compute_realigned_stats]: Realigning MSAs and recomputing stats
2025-04-24 18:26:33,709[INFO][simulate_data.py][simulate_data]: Done with 100000 msa simulations
2025-04-24 18:35:13,956[INFO][simulate_data.py][simulate_data]: Done with 100000 msa simulations
2025-04-24 19:28:42,224[INFO][correction.py][compute_realigned_stats]: Done recomputing stats
2025-04-24 19:28:42,293[INFO][correction.py][compute_regressors]: Performing regression on all realigned stats
2025-04-24 19:28:46,587[INFO][correction.py][compute_regressors]: Done with regression
2025-04-24 21:43:17,130[INFO][correction.py][compute_realigned_stats]: Done recomputing stats
2025-04-24 21:43:17,167[INFO][correction.py][compute_regressors]: Performing regression on all realigned stats
2025-04-24 21:43:21,423[INFO][correction.py][compute_regressors]: Done with regression
2025-04-24 21:43:56,369[INFO][abc_inference.py][main]: 
	MAIN_PATH: /groups/pupko/elyawygoda/simulator_paper/bat_analysis/other_msas/91752_NT_AL_AA
