2025-09-01 12:35:39,813[INFO][main.py][main]: 
	MAIN_PATH: /groups/pupko/elyawygoda/simulator_paper/bat_analysis/other_msas/148870_NT_AL_AA,
	SEED: 1756719339731193110, NUM_SIMS: 100000, NUM_SIMS_CORRECTION: 200, SEQUENCE_TYPE: AA, PRIOR: /groups/pupko/elyawygoda/simulator_paper/.venv/lib/python3.11/site-packages/spartaabc/default_prior.json
2025-09-01 12:35:39,854[INFO][main.py][main]: {'fasta_file': PosixPath('/groups/pupko/elyawygoda/simulator_paper/bat_analysis/other_msas/148870_NT_AL_AA/alignment.fasta'), 'tree_file': PosixPath('/groups/pupko/elyawygoda/simulator_paper/bat_analysis/other_msas/148870_NT_AL_AA/alignment.tree'), 'model_file': PosixPath('/groups/pupko/elyawygoda/simulator_paper/bat_analysis/other_msas/148870_NT_AL_AA/alignment.fasta.raxml.bestModel'), 'correction_recommended': True}
2025-09-01 12:36:56,052[INFO][simulate_data.py][main]: 
	MAIN_PATH: /groups/pupko/elyawygoda/simulator_paper/bat_analysis/other_msas/148870_NT_AL_AA,
	SEED: 1756719339731193112, NUM_SIMS: 100000,
	INDEL_MODEL rim
2025-09-01 12:36:56,133[INFO][simulate_data.py][main]: 
	MAIN_PATH: /groups/pupko/elyawygoda/simulator_paper/bat_analysis/other_msas/148870_NT_AL_AA,
	SEED: 1756719339731193110, NUM_SIMS: 100000,
	INDEL_MODEL sim
2025-09-01 12:36:56,366[INFO][simulate_data.py][main]: 
Loaded prior configuration from file /groups/pupko/elyawygoda/simulator_paper/.venv/lib/python3.11/site-packages/spartaabc/default_prior.json is:
	PriorSampler(seed=1756719339731193112)
  Indel Model: rim
  Sequence Length: [171, 655]
  Indel Rates:
    Sum Rates: method=uniform, range=[0.0, 0.05]
    Ratio Rates: method=log_uniform, range=[-1.0, 1.0]
  Length Distribution Parameters:
    Length Distribution: zipf
    Truncation: 50
    Length Parameter: method=uniform, range=[1.01, 2.0]
2025-09-01 12:36:56,366[INFO][simulate_data.py][main]: 
Loaded prior configuration from file /groups/pupko/elyawygoda/simulator_paper/.venv/lib/python3.11/site-packages/spartaabc/default_prior.json is:
	PriorSampler(seed=1756719339731193110)
  Indel Model: sim
  Sequence Length: [171, 655]
  Indel Rates:
    Sum Rates: method=uniform, range=[0.0, 0.05]
    Ratio Rates: method=log_uniform, range=[-1.0, 1.0]
  Length Distribution Parameters:
    Length Distribution: zipf
    Truncation: 50
    Length Parameter: method=uniform, range=[1.01, 2.0]
2025-09-01 12:36:56,469[INFO][simulate_data.py][simulate_data]: Starting msa simulation
2025-09-01 12:36:56,469[INFO][simulate_data.py][simulate_data]: Starting msa simulation
2025-09-01 12:37:06,903[INFO][correction.py][main]: 
	MAIN_PATH: /groups/pupko/elyawygoda/simulator_paper/bat_analysis/other_msas/148870_NT_AL_AA,
	SEED: 1756719339731193113, NUM_SIMS: 200, SEQUENCE_TYPE: AA,
	INDEL_MODEL: rim,
	ALIGNER: MAFFT
2025-09-01 12:37:06,951[INFO][correction.py][main]: 
Loaded prior configuration from file /groups/pupko/elyawygoda/simulator_paper/.venv/lib/python3.11/site-packages/spartaabc/default_prior.json is:
	PriorSampler(seed=1756719339731193113)
  Indel Model: rim
  Sequence Length: [171, 655]
  Indel Rates:
    Sum Rates: method=uniform, range=[0.0, 0.05]
    Ratio Rates: method=log_uniform, range=[-1.0, 1.0]
  Length Distribution Parameters:
    Length Distribution: zipf
    Truncation: 50
    Length Parameter: method=uniform, range=[1.01, 2.0]
2025-09-01 12:37:06,975[INFO][correction.py][main]: Loaded substitution model:
('submodel', <modelCode.WAG: 10>)
('empirical_frequencies', False)
('gamma_cats', 4)
('gamma_shape', 1.156163)
('partition', 'noname = 1-629')
('mode', 'PROTEIN')
2025-09-01 12:37:06,986[INFO][correction.py][main]: 
	MAIN_PATH: /groups/pupko/elyawygoda/simulator_paper/bat_analysis/other_msas/148870_NT_AL_AA,
	SEED: 1756719339731193111, NUM_SIMS: 200, SEQUENCE_TYPE: AA,
	INDEL_MODEL: sim,
	ALIGNER: MAFFT
2025-09-01 12:37:07,001[INFO][correction.py][main]: 
Loaded prior configuration from file /groups/pupko/elyawygoda/simulator_paper/.venv/lib/python3.11/site-packages/spartaabc/default_prior.json is:
	PriorSampler(seed=1756719339731193111)
  Indel Model: sim
  Sequence Length: [171, 655]
  Indel Rates:
    Sum Rates: method=uniform, range=[0.0, 0.05]
    Ratio Rates: method=log_uniform, range=[-1.0, 1.0]
  Length Distribution Parameters:
    Length Distribution: zipf
    Truncation: 50
    Length Parameter: method=uniform, range=[1.01, 2.0]
2025-09-01 12:37:07,052[INFO][correction.py][main]: Loaded substitution model:
('submodel', <modelCode.WAG: 10>)
('empirical_frequencies', False)
('gamma_cats', 4)
('gamma_shape', 1.156163)
('partition', 'noname = 1-629')
('mode', 'PROTEIN')
2025-09-01 12:37:07,108[INFO][correction.py][simulate_data]: Starting msa simulation
2025-09-01 12:37:07,177[INFO][correction.py][simulate_data]: Starting msa simulation
2025-09-01 12:37:46,846[INFO][correction.py][simulate_data]: Done with 200 msa simulations
2025-09-01 12:37:46,870[INFO][correction.py][compute_realigned_stats]: Realigning MSAs and recomputing stats
2025-09-01 12:38:01,439[INFO][correction.py][simulate_data]: Done with 200 msa simulations
2025-09-01 12:38:01,459[INFO][correction.py][compute_realigned_stats]: Realigning MSAs and recomputing stats
2025-09-01 12:51:13,915[INFO][simulate_data.py][simulate_data]: Simulation progress (sim): 5000/100000 (5.0%)
2025-09-01 12:53:04,011[INFO][simulate_data.py][simulate_data]: Simulation progress (rim): 5000/100000 (5.0%)
2025-09-01 12:57:57,644[INFO][correction.py][compute_realigned_stats]: Realignment progress (sim): 20/200 (10.0%)
2025-09-01 12:59:09,228[INFO][correction.py][compute_realigned_stats]: Realignment progress (rim): 20/200 (10.0%)
2025-09-01 13:06:00,383[INFO][simulate_data.py][simulate_data]: Simulation progress (sim): 10000/100000 (10.0%)
2025-09-01 13:08:07,167[INFO][simulate_data.py][simulate_data]: Simulation progress (rim): 10000/100000 (10.0%)
2025-09-01 13:13:32,555[INFO][correction.py][compute_realigned_stats]: Realignment progress (sim): 40/200 (20.0%)
2025-09-01 13:20:49,051[INFO][simulate_data.py][simulate_data]: Simulation progress (sim): 15000/100000 (15.0%)
2025-09-01 13:21:10,078[INFO][correction.py][compute_realigned_stats]: Realignment progress (rim): 40/200 (20.0%)
2025-09-01 13:22:55,354[INFO][simulate_data.py][simulate_data]: Simulation progress (rim): 15000/100000 (15.0%)
2025-09-01 13:31:24,659[INFO][correction.py][compute_realigned_stats]: Realignment progress (sim): 60/200 (30.0%)
2025-09-01 13:35:25,485[INFO][simulate_data.py][simulate_data]: Simulation progress (sim): 20000/100000 (20.0%)
2025-09-01 13:35:37,221[INFO][correction.py][compute_realigned_stats]: Realignment progress (rim): 60/200 (30.0%)
2025-09-01 13:37:59,332[INFO][simulate_data.py][simulate_data]: Simulation progress (rim): 20000/100000 (20.0%)
2025-09-01 13:48:36,865[INFO][correction.py][compute_realigned_stats]: Realignment progress (sim): 80/200 (40.0%)
2025-09-01 13:49:44,338[INFO][simulate_data.py][simulate_data]: Simulation progress (sim): 25000/100000 (25.0%)
2025-09-01 13:52:04,885[INFO][correction.py][compute_realigned_stats]: Realignment progress (rim): 80/200 (40.0%)
2025-09-01 13:52:44,132[INFO][simulate_data.py][simulate_data]: Simulation progress (rim): 25000/100000 (25.0%)
2025-09-01 14:02:18,761[INFO][simulate_data.py][simulate_data]: Simulation progress (sim): 30000/100000 (30.0%)
2025-09-01 14:06:59,242[INFO][correction.py][compute_realigned_stats]: Realignment progress (rim): 100/200 (50.0%)
2025-09-01 14:07:22,549[INFO][simulate_data.py][simulate_data]: Simulation progress (rim): 30000/100000 (30.0%)
2025-09-01 14:07:51,404[INFO][correction.py][compute_realigned_stats]: Realignment progress (sim): 100/200 (50.0%)
2025-09-01 14:16:25,626[INFO][simulate_data.py][simulate_data]: Simulation progress (sim): 35000/100000 (35.0%)
2025-09-01 14:21:58,045[INFO][correction.py][compute_realigned_stats]: Realignment progress (rim): 120/200 (60.0%)
2025-09-01 14:22:12,304[INFO][correction.py][compute_realigned_stats]: Realignment progress (sim): 120/200 (60.0%)
2025-09-01 14:22:26,876[INFO][simulate_data.py][simulate_data]: Simulation progress (rim): 35000/100000 (35.0%)
2025-09-01 14:30:44,166[INFO][simulate_data.py][simulate_data]: Simulation progress (sim): 40000/100000 (40.0%)
2025-09-01 14:37:08,913[INFO][simulate_data.py][simulate_data]: Simulation progress (rim): 40000/100000 (40.0%)
2025-09-01 14:39:51,339[INFO][correction.py][compute_realigned_stats]: Realignment progress (sim): 140/200 (70.0%)
2025-09-01 14:42:41,100[INFO][correction.py][compute_realigned_stats]: Realignment progress (rim): 140/200 (70.0%)
2025-09-01 14:44:55,681[INFO][simulate_data.py][simulate_data]: Simulation progress (sim): 45000/100000 (45.0%)
2025-09-01 14:51:53,717[INFO][simulate_data.py][simulate_data]: Simulation progress (rim): 45000/100000 (45.0%)
2025-09-01 14:55:03,963[INFO][correction.py][compute_realigned_stats]: Realignment progress (rim): 160/200 (80.0%)
2025-09-01 14:59:40,432[INFO][correction.py][compute_realigned_stats]: Realignment progress (sim): 160/200 (80.0%)
2025-09-01 14:59:40,532[INFO][simulate_data.py][simulate_data]: Simulation progress (sim): 50000/100000 (50.0%)
2025-09-01 15:06:47,352[INFO][simulate_data.py][simulate_data]: Simulation progress (rim): 50000/100000 (50.0%)
2025-09-01 15:11:55,539[INFO][correction.py][compute_realigned_stats]: Realignment progress (rim): 180/200 (90.0%)
2025-09-01 15:14:27,211[INFO][simulate_data.py][simulate_data]: Simulation progress (sim): 55000/100000 (55.0%)
2025-09-01 15:16:44,178[INFO][correction.py][compute_realigned_stats]: Realignment progress (sim): 180/200 (90.0%)
2025-09-01 15:21:29,365[INFO][simulate_data.py][simulate_data]: Simulation progress (rim): 55000/100000 (55.0%)
2025-09-01 15:24:19,143[INFO][simulate_data.py][simulate_data]: Simulation progress (sim): 60000/100000 (60.0%)
2025-09-01 15:31:36,225[INFO][correction.py][compute_realigned_stats]: Realignment progress (rim): 199/200 (99.5%)
2025-09-01 15:32:04,392[INFO][correction.py][compute_realigned_stats]: Realignment progress (sim): 199/200 (99.5%)
2025-09-01 15:32:46,950[INFO][correction.py][compute_realigned_stats]: Done recomputing stats
2025-09-01 15:32:46,951[INFO][correction.py][compute_regressors]: Performing regression on all realigned stats
2025-09-01 15:32:52,358[INFO][correction.py][compute_regressors]: Done with regression
2025-09-01 15:32:52,751[INFO][correction.py][compute_realigned_stats]: Done recomputing stats
2025-09-01 15:32:52,751[INFO][correction.py][compute_regressors]: Performing regression on all realigned stats
2025-09-01 15:32:56,827[INFO][correction.py][compute_regressors]: Done with regression
2025-09-01 15:34:32,678[INFO][simulate_data.py][simulate_data]: Simulation progress (sim): 65000/100000 (65.0%)
2025-09-01 15:34:41,043[INFO][simulate_data.py][simulate_data]: Simulation progress (rim): 60000/100000 (60.0%)
2025-09-01 15:42:31,036[INFO][simulate_data.py][simulate_data]: Simulation progress (sim): 70000/100000 (70.0%)
2025-09-01 15:42:35,694[INFO][simulate_data.py][simulate_data]: Simulation progress (rim): 65000/100000 (65.0%)
2025-09-01 15:50:28,776[INFO][simulate_data.py][simulate_data]: Simulation progress (rim): 70000/100000 (70.0%)
2025-09-01 15:50:29,033[INFO][simulate_data.py][simulate_data]: Simulation progress (sim): 75000/100000 (75.0%)
2025-09-01 15:58:27,940[INFO][simulate_data.py][simulate_data]: Simulation progress (sim): 80000/100000 (80.0%)
2025-09-01 15:58:28,220[INFO][simulate_data.py][simulate_data]: Simulation progress (rim): 75000/100000 (75.0%)
2025-09-01 16:06:21,100[INFO][simulate_data.py][simulate_data]: Simulation progress (sim): 85000/100000 (85.0%)
2025-09-01 16:06:29,052[INFO][simulate_data.py][simulate_data]: Simulation progress (rim): 80000/100000 (80.0%)
2025-09-01 16:14:13,786[INFO][simulate_data.py][simulate_data]: Simulation progress (sim): 90000/100000 (90.0%)
2025-09-01 16:14:26,032[INFO][simulate_data.py][simulate_data]: Simulation progress (rim): 85000/100000 (85.0%)
2025-09-01 16:22:06,354[INFO][simulate_data.py][simulate_data]: Simulation progress (sim): 95000/100000 (95.0%)
2025-09-01 16:22:20,034[INFO][simulate_data.py][simulate_data]: Simulation progress (rim): 90000/100000 (90.0%)
2025-09-01 16:30:04,713[INFO][simulate_data.py][simulate_data]: Simulation progress (sim): 99999/100000 (100.0%)
2025-09-01 16:30:04,824[INFO][simulate_data.py][simulate_data]: Done with 100000 msa simulations
2025-09-01 16:30:14,930[INFO][simulate_data.py][simulate_data]: Simulation progress (rim): 95000/100000 (95.0%)
2025-09-01 16:38:13,036[INFO][simulate_data.py][simulate_data]: Simulation progress (rim): 99999/100000 (100.0%)
2025-09-01 16:38:13,138[INFO][simulate_data.py][simulate_data]: Done with 100000 msa simulations
2025-09-01 16:38:31,025[INFO][abc_inference.py][main]: 
	MAIN_PATH: /groups/pupko/elyawygoda/simulator_paper/bat_analysis/other_msas/148870_NT_AL_AA
