2025-04-24 10:06:01,026[INFO][main.py][main]: 
	MAIN_PATH: /groups/pupko/elyawygoda/simulator_paper/bat_analysis/other_msas/283643_NT_AL_AA,
	SEED: 1745478361001635689, NUM_SIMS: 100000, NUM_SIMS_CORRECTION: 200, SEQUENCE_TYPE: AA
2025-04-24 10:06:44,643[INFO][simulate_data.py][main]: 
	MAIN_PATH: /groups/pupko/elyawygoda/simulator_paper/bat_analysis/other_msas/283643_NT_AL_AA,
	SEED: 1745478361001635691, NUM_SIMS: 100000,
	LENGTH_DISTRIBUTION: zipf, INDEL_MODEL rim
2025-04-24 10:06:44,672[INFO][simulate_data.py][main]: 
	MAIN_PATH: /groups/pupko/elyawygoda/simulator_paper/bat_analysis/other_msas/283643_NT_AL_AA,
	SEED: 1745478361001635689, NUM_SIMS: 100000,
	LENGTH_DISTRIBUTION: zipf, INDEL_MODEL sim
2025-04-24 10:06:44,910[INFO][simulate_data.py][simulate_data]: Starting msa simulation
2025-04-24 10:06:44,937[INFO][simulate_data.py][simulate_data]: Starting msa simulation
2025-04-24 10:06:49,520[INFO][correction.py][main]: 
	MAIN_PATH: /groups/pupko/elyawygoda/simulator_paper/bat_analysis/other_msas/283643_NT_AL_AA,
	SEED: 1745478361001635692, NUM_SIMS: 200, SEQUENCE_TYPE: AA,
	LENGTH_DISTRIBUTION: zipf, INDEL_MODEL rim
2025-04-24 10:06:49,645[INFO][correction.py][main]: 
	MAIN_PATH: /groups/pupko/elyawygoda/simulator_paper/bat_analysis/other_msas/283643_NT_AL_AA,
	SEED: 1745478361001635690, NUM_SIMS: 200, SEQUENCE_TYPE: AA,
	LENGTH_DISTRIBUTION: zipf, INDEL_MODEL sim
2025-04-24 10:06:49,700[INFO][correction.py][simulate_data]: Starting msa simulation
2025-04-24 10:06:49,909[INFO][correction.py][simulate_data]: Starting msa simulation
2025-04-24 10:14:51,382[INFO][correction.py][simulate_data]: Done with 200 msa simulations
2025-04-24 10:14:51,435[INFO][correction.py][compute_realigned_stats]: Realigning MSAs and recomputing stats
2025-04-24 10:15:06,385[INFO][correction.py][simulate_data]: Done with 200 msa simulations
2025-04-24 10:15:06,404[INFO][correction.py][compute_realigned_stats]: Realigning MSAs and recomputing stats
2025-04-24 11:34:24,885[INFO][correction.py][compute_realigned_stats]: Done recomputing stats
2025-04-24 11:34:24,914[INFO][correction.py][compute_regressors]: Performing regression on all realigned stats
2025-04-24 11:34:30,126[INFO][correction.py][compute_regressors]: Done with regression
2025-04-24 11:43:05,827[INFO][correction.py][compute_realigned_stats]: Done recomputing stats
2025-04-24 11:43:05,875[INFO][correction.py][compute_regressors]: Performing regression on all realigned stats
2025-04-24 11:43:10,583[INFO][correction.py][compute_regressors]: Done with regression
2025-04-25 12:10:52,086[INFO][simulate_data.py][simulate_data]: Done with 100000 msa simulations
2025-04-25 14:22:22,764[INFO][simulate_data.py][simulate_data]: Done with 100000 msa simulations
2025-04-25 14:22:44,602[INFO][abc_inference.py][main]: 
	MAIN_PATH: /groups/pupko/elyawygoda/simulator_paper/bat_analysis/other_msas/283643_NT_AL_AA
