2025-04-24 09:47:52,559[INFO][main.py][main]: 
	MAIN_PATH: /groups/pupko/elyawygoda/simulator_paper/bat_analysis/bat_msas/399693_NT_AL_AA,
	SEED: 1745477272464604249, NUM_SIMS: 100000, NUM_SIMS_CORRECTION: 200, SEQUENCE_TYPE: AA
2025-04-24 09:49:00,335[INFO][simulate_data.py][main]: 
	MAIN_PATH: /groups/pupko/elyawygoda/simulator_paper/bat_analysis/bat_msas/399693_NT_AL_AA,
	SEED: 1745477272464604251, NUM_SIMS: 100000,
	LENGTH_DISTRIBUTION: zipf, INDEL_MODEL rim
2025-04-24 09:49:00,402[INFO][simulate_data.py][main]: 
	MAIN_PATH: /groups/pupko/elyawygoda/simulator_paper/bat_analysis/bat_msas/399693_NT_AL_AA,
	SEED: 1745477272464604249, NUM_SIMS: 100000,
	LENGTH_DISTRIBUTION: zipf, INDEL_MODEL sim
2025-04-24 09:49:00,508[INFO][simulate_data.py][simulate_data]: Starting msa simulation
2025-04-24 09:49:00,599[INFO][simulate_data.py][simulate_data]: Starting msa simulation
2025-04-24 09:49:03,461[INFO][correction.py][main]: 
	MAIN_PATH: /groups/pupko/elyawygoda/simulator_paper/bat_analysis/bat_msas/399693_NT_AL_AA,
	SEED: 1745477272464604252, NUM_SIMS: 200, SEQUENCE_TYPE: AA,
	LENGTH_DISTRIBUTION: zipf, INDEL_MODEL rim
2025-04-24 09:49:03,539[INFO][correction.py][main]: 
	MAIN_PATH: /groups/pupko/elyawygoda/simulator_paper/bat_analysis/bat_msas/399693_NT_AL_AA,
	SEED: 1745477272464604250, NUM_SIMS: 200, SEQUENCE_TYPE: AA,
	LENGTH_DISTRIBUTION: zipf, INDEL_MODEL sim
2025-04-24 09:49:03,686[INFO][correction.py][simulate_data]: Starting msa simulation
2025-04-24 09:49:03,724[INFO][correction.py][simulate_data]: Starting msa simulation
2025-04-24 09:49:04,331[INFO][correction.py][simulate_data]: Done with 200 msa simulations
2025-04-24 09:49:04,339[INFO][correction.py][compute_realigned_stats]: Realigning MSAs and recomputing stats
2025-04-24 09:49:04,413[INFO][correction.py][simulate_data]: Done with 200 msa simulations
2025-04-24 09:49:04,419[INFO][correction.py][compute_realigned_stats]: Realigning MSAs and recomputing stats
2025-04-24 09:52:01,341[INFO][simulate_data.py][simulate_data]: Done with 100000 msa simulations
2025-04-24 09:52:19,736[INFO][simulate_data.py][simulate_data]: Done with 100000 msa simulations
2025-04-24 09:55:48,616[INFO][correction.py][compute_realigned_stats]: Done recomputing stats
2025-04-24 09:55:48,631[INFO][correction.py][compute_regressors]: Performing regression on all realigned stats
2025-04-24 09:55:53,132[INFO][correction.py][compute_regressors]: Done with regression
2025-04-24 09:56:25,139[INFO][correction.py][compute_realigned_stats]: Done recomputing stats
2025-04-24 09:56:25,141[INFO][correction.py][compute_regressors]: Performing regression on all realigned stats
2025-04-24 09:56:29,695[INFO][correction.py][compute_regressors]: Done with regression
2025-04-24 09:57:03,973[INFO][abc_inference.py][main]: 
	MAIN_PATH: /groups/pupko/elyawygoda/simulator_paper/bat_analysis/bat_msas/399693_NT_AL_AA
