2025-09-01 12:35:40,099[INFO][main.py][main]: 
	MAIN_PATH: /groups/pupko/elyawygoda/simulator_paper/bat_analysis/other_msas/26153_NT_AL_AA,
	SEED: 1756719340068650366, NUM_SIMS: 100000, NUM_SIMS_CORRECTION: 200, SEQUENCE_TYPE: AA, PRIOR: /groups/pupko/elyawygoda/simulator_paper/.venv/lib/python3.11/site-packages/spartaabc/default_prior.json
2025-09-01 12:35:40,099[INFO][main.py][main]: {'fasta_file': PosixPath('/groups/pupko/elyawygoda/simulator_paper/bat_analysis/other_msas/26153_NT_AL_AA/alignment.fasta'), 'tree_file': PosixPath('/groups/pupko/elyawygoda/simulator_paper/bat_analysis/other_msas/26153_NT_AL_AA/alignment.tree'), 'model_file': PosixPath('/groups/pupko/elyawygoda/simulator_paper/bat_analysis/other_msas/26153_NT_AL_AA/alignment.fasta.raxml.bestModel'), 'correction_recommended': True}
2025-09-01 12:36:20,954[INFO][simulate_data.py][main]: 
	MAIN_PATH: /groups/pupko/elyawygoda/simulator_paper/bat_analysis/other_msas/26153_NT_AL_AA,
	SEED: 1756719340068650368, NUM_SIMS: 100000,
	INDEL_MODEL rim
2025-09-01 12:36:21,159[INFO][simulate_data.py][main]: 
	MAIN_PATH: /groups/pupko/elyawygoda/simulator_paper/bat_analysis/other_msas/26153_NT_AL_AA,
	SEED: 1756719340068650366, NUM_SIMS: 100000,
	INDEL_MODEL sim
2025-09-01 12:36:21,275[INFO][simulate_data.py][main]: 
Loaded prior configuration from file /groups/pupko/elyawygoda/simulator_paper/.venv/lib/python3.11/site-packages/spartaabc/default_prior.json is:
	PriorSampler(seed=1756719340068650366)
  Indel Model: sim
  Sequence Length: [177, 2027]
  Indel Rates:
    Sum Rates: method=uniform, range=[0.0, 0.05]
    Ratio Rates: method=log_uniform, range=[-1.0, 1.0]
  Length Distribution Parameters:
    Length Distribution: zipf
    Truncation: 50
    Length Parameter: method=uniform, range=[1.01, 2.0]
2025-09-01 12:36:21,275[INFO][simulate_data.py][main]: 
Loaded prior configuration from file /groups/pupko/elyawygoda/simulator_paper/.venv/lib/python3.11/site-packages/spartaabc/default_prior.json is:
	PriorSampler(seed=1756719340068650368)
  Indel Model: rim
  Sequence Length: [177, 2027]
  Indel Rates:
    Sum Rates: method=uniform, range=[0.0, 0.05]
    Ratio Rates: method=log_uniform, range=[-1.0, 1.0]
  Length Distribution Parameters:
    Length Distribution: zipf
    Truncation: 50
    Length Parameter: method=uniform, range=[1.01, 2.0]
2025-09-01 12:36:21,305[INFO][simulate_data.py][simulate_data]: Starting msa simulation
2025-09-01 12:36:21,306[INFO][simulate_data.py][simulate_data]: Starting msa simulation
2025-09-01 12:37:06,176[INFO][correction.py][main]: 
	MAIN_PATH: /groups/pupko/elyawygoda/simulator_paper/bat_analysis/other_msas/26153_NT_AL_AA,
	SEED: 1756719340068650367, NUM_SIMS: 200, SEQUENCE_TYPE: AA,
	INDEL_MODEL: sim,
	ALIGNER: MAFFT
2025-09-01 12:37:06,207[INFO][correction.py][main]: 
	MAIN_PATH: /groups/pupko/elyawygoda/simulator_paper/bat_analysis/other_msas/26153_NT_AL_AA,
	SEED: 1756719340068650369, NUM_SIMS: 200, SEQUENCE_TYPE: AA,
	INDEL_MODEL: rim,
	ALIGNER: MAFFT
2025-09-01 12:37:06,287[INFO][correction.py][main]: 
Loaded prior configuration from file /groups/pupko/elyawygoda/simulator_paper/.venv/lib/python3.11/site-packages/spartaabc/default_prior.json is:
	PriorSampler(seed=1756719340068650367)
  Indel Model: sim
  Sequence Length: [177, 2027]
  Indel Rates:
    Sum Rates: method=uniform, range=[0.0, 0.05]
    Ratio Rates: method=log_uniform, range=[-1.0, 1.0]
  Length Distribution Parameters:
    Length Distribution: zipf
    Truncation: 50
    Length Parameter: method=uniform, range=[1.01, 2.0]
2025-09-01 12:37:06,287[INFO][correction.py][main]: 
Loaded prior configuration from file /groups/pupko/elyawygoda/simulator_paper/.venv/lib/python3.11/site-packages/spartaabc/default_prior.json is:
	PriorSampler(seed=1756719340068650369)
  Indel Model: rim
  Sequence Length: [177, 2027]
  Indel Rates:
    Sum Rates: method=uniform, range=[0.0, 0.05]
    Ratio Rates: method=log_uniform, range=[-1.0, 1.0]
  Length Distribution Parameters:
    Length Distribution: zipf
    Truncation: 50
    Length Parameter: method=uniform, range=[1.01, 2.0]
2025-09-01 12:37:06,289[INFO][correction.py][main]: Loaded substitution model:
('submodel', <modelCode.WAG: 10>)
('empirical_frequencies', False)
('gamma_cats', 4)
('gamma_shape', 0.68292)
('partition', 'noname = 1-1916')
('mode', 'PROTEIN')
2025-09-01 12:37:06,289[INFO][correction.py][main]: Loaded substitution model:
('submodel', <modelCode.WAG: 10>)
('empirical_frequencies', False)
('gamma_cats', 4)
('gamma_shape', 0.68292)
('partition', 'noname = 1-1916')
('mode', 'PROTEIN')
2025-09-01 12:37:06,379[INFO][correction.py][simulate_data]: Starting msa simulation
2025-09-01 12:37:06,386[INFO][correction.py][simulate_data]: Starting msa simulation
2025-09-01 12:44:03,391[INFO][correction.py][simulate_data]: Done with 200 msa simulations
2025-09-01 12:44:03,415[INFO][correction.py][compute_realigned_stats]: Realigning MSAs and recomputing stats
2025-09-01 12:45:00,022[INFO][correction.py][simulate_data]: Done with 200 msa simulations
2025-09-01 12:45:00,043[INFO][correction.py][compute_realigned_stats]: Realigning MSAs and recomputing stats
2025-09-01 13:59:06,911[INFO][correction.py][compute_realigned_stats]: Realignment progress (rim): 20/200 (10.0%)
2025-09-01 14:06:58,923[INFO][correction.py][compute_realigned_stats]: Realignment progress (sim): 20/200 (10.0%)
2025-09-01 14:16:34,504[INFO][simulate_data.py][simulate_data]: Simulation progress (rim): 5000/100000 (5.0%)
2025-09-01 14:33:13,101[INFO][simulate_data.py][simulate_data]: Simulation progress (sim): 5000/100000 (5.0%)
2025-09-01 15:04:59,536[INFO][correction.py][compute_realigned_stats]: Realignment progress (sim): 40/200 (20.0%)
2025-09-01 15:22:14,215[INFO][correction.py][compute_realigned_stats]: Realignment progress (rim): 40/200 (20.0%)
2025-09-01 15:46:04,997[INFO][simulate_data.py][simulate_data]: Simulation progress (rim): 10000/100000 (10.0%)
2025-09-01 15:58:12,782[INFO][simulate_data.py][simulate_data]: Simulation progress (sim): 10000/100000 (10.0%)
2025-09-01 16:13:56,253[INFO][correction.py][compute_realigned_stats]: Realignment progress (rim): 60/200 (30.0%)
2025-09-01 16:20:14,111[INFO][correction.py][compute_realigned_stats]: Realignment progress (sim): 60/200 (30.0%)
2025-09-01 17:02:20,533[INFO][simulate_data.py][simulate_data]: Simulation progress (rim): 15000/100000 (15.0%)
2025-09-01 17:12:43,309[INFO][simulate_data.py][simulate_data]: Simulation progress (sim): 15000/100000 (15.0%)
2025-09-01 17:31:51,237[INFO][correction.py][compute_realigned_stats]: Realignment progress (sim): 80/200 (40.0%)
2025-09-01 17:48:02,737[INFO][correction.py][compute_realigned_stats]: Realignment progress (rim): 80/200 (40.0%)
2025-09-01 18:17:33,148[INFO][simulate_data.py][simulate_data]: Simulation progress (rim): 20000/100000 (20.0%)
2025-09-01 18:31:06,247[INFO][correction.py][compute_realigned_stats]: Realignment progress (rim): 100/200 (50.0%)
2025-09-01 18:31:06,284[INFO][simulate_data.py][simulate_data]: Simulation progress (sim): 20000/100000 (20.0%)
2025-09-01 19:02:55,883[INFO][correction.py][compute_realigned_stats]: Realignment progress (sim): 100/200 (50.0%)
2025-09-01 19:32:17,301[INFO][correction.py][compute_realigned_stats]: Realignment progress (rim): 120/200 (60.0%)
2025-09-01 19:36:59,976[INFO][simulate_data.py][simulate_data]: Simulation progress (rim): 25000/100000 (25.0%)
2025-09-01 19:48:16,564[INFO][correction.py][compute_realigned_stats]: Realignment progress (sim): 120/200 (60.0%)
2025-09-01 19:49:44,661[INFO][simulate_data.py][simulate_data]: Simulation progress (sim): 25000/100000 (25.0%)
2025-09-01 20:37:06,709[INFO][correction.py][compute_realigned_stats]: Realignment progress (sim): 140/200 (70.0%)
2025-09-01 20:56:35,412[INFO][simulate_data.py][simulate_data]: Simulation progress (rim): 30000/100000 (30.0%)
2025-09-01 20:58:41,493[INFO][correction.py][compute_realigned_stats]: Realignment progress (rim): 140/200 (70.0%)
2025-09-01 21:06:43,443[INFO][simulate_data.py][simulate_data]: Simulation progress (sim): 30000/100000 (30.0%)
2025-09-01 21:59:08,371[INFO][correction.py][compute_realigned_stats]: Realignment progress (sim): 160/200 (80.0%)
2025-09-01 22:07:50,770[INFO][correction.py][compute_realigned_stats]: Realignment progress (rim): 160/200 (80.0%)
2025-09-01 22:12:06,388[INFO][simulate_data.py][simulate_data]: Simulation progress (rim): 35000/100000 (35.0%)
2025-09-01 22:24:32,504[INFO][simulate_data.py][simulate_data]: Simulation progress (sim): 35000/100000 (35.0%)
2025-09-01 23:08:23,736[INFO][correction.py][compute_realigned_stats]: Realignment progress (rim): 180/200 (90.0%)
2025-09-01 23:31:44,038[INFO][simulate_data.py][simulate_data]: Simulation progress (rim): 40000/100000 (40.0%)
2025-09-01 23:44:24,248[INFO][correction.py][compute_realigned_stats]: Realignment progress (sim): 180/200 (90.0%)
2025-09-01 23:44:27,127[INFO][simulate_data.py][simulate_data]: Simulation progress (sim): 40000/100000 (40.0%)
2025-09-02 00:12:15,269[INFO][correction.py][compute_realigned_stats]: Realignment progress (rim): 199/200 (99.5%)
2025-09-02 00:12:39,749[INFO][correction.py][compute_realigned_stats]: Done recomputing stats
2025-09-02 00:12:39,750[INFO][correction.py][compute_regressors]: Performing regression on all realigned stats
2025-09-02 00:12:44,985[INFO][correction.py][compute_regressors]: Done with regression
2025-09-02 00:49:33,567[INFO][simulate_data.py][simulate_data]: Simulation progress (rim): 45000/100000 (45.0%)
2025-09-02 00:58:16,849[INFO][correction.py][compute_realigned_stats]: Realignment progress (sim): 199/200 (99.5%)
2025-09-02 00:59:07,902[INFO][correction.py][compute_realigned_stats]: Done recomputing stats
2025-09-02 00:59:07,903[INFO][correction.py][compute_regressors]: Performing regression on all realigned stats
2025-09-02 00:59:12,762[INFO][correction.py][compute_regressors]: Done with regression
2025-09-02 01:02:04,353[INFO][simulate_data.py][simulate_data]: Simulation progress (sim): 45000/100000 (45.0%)
2025-09-02 01:57:36,537[INFO][simulate_data.py][simulate_data]: Simulation progress (rim): 50000/100000 (50.0%)
2025-09-02 02:12:04,846[INFO][simulate_data.py][simulate_data]: Simulation progress (sim): 50000/100000 (50.0%)
2025-09-02 03:09:34,103[INFO][simulate_data.py][simulate_data]: Simulation progress (rim): 55000/100000 (55.0%)
2025-09-02 03:20:40,727[INFO][simulate_data.py][simulate_data]: Simulation progress (sim): 55000/100000 (55.0%)
2025-09-02 04:19:53,186[INFO][simulate_data.py][simulate_data]: Simulation progress (rim): 60000/100000 (60.0%)
2025-09-02 04:30:13,868[INFO][simulate_data.py][simulate_data]: Simulation progress (sim): 60000/100000 (60.0%)
2025-09-02 05:37:04,360[INFO][simulate_data.py][simulate_data]: Simulation progress (rim): 65000/100000 (65.0%)
2025-09-02 05:39:08,160[INFO][simulate_data.py][simulate_data]: Simulation progress (sim): 65000/100000 (65.0%)
2025-09-02 06:44:34,584[INFO][simulate_data.py][simulate_data]: Simulation progress (rim): 70000/100000 (70.0%)
2025-09-02 06:46:53,960[INFO][simulate_data.py][simulate_data]: Simulation progress (sim): 70000/100000 (70.0%)
2025-09-02 07:42:41,374[INFO][simulate_data.py][simulate_data]: Simulation progress (rim): 75000/100000 (75.0%)
2025-09-02 07:46:01,371[INFO][simulate_data.py][simulate_data]: Simulation progress (sim): 75000/100000 (75.0%)
2025-09-02 08:41:19,324[INFO][simulate_data.py][simulate_data]: Simulation progress (rim): 80000/100000 (80.0%)
2025-09-02 08:42:52,519[INFO][simulate_data.py][simulate_data]: Simulation progress (sim): 80000/100000 (80.0%)
2025-09-02 09:37:40,346[INFO][simulate_data.py][simulate_data]: Simulation progress (rim): 85000/100000 (85.0%)
2025-09-02 09:39:12,180[INFO][simulate_data.py][simulate_data]: Simulation progress (sim): 85000/100000 (85.0%)
2025-09-02 10:31:34,768[INFO][simulate_data.py][simulate_data]: Simulation progress (rim): 90000/100000 (90.0%)
2025-09-02 10:32:18,689[INFO][simulate_data.py][simulate_data]: Simulation progress (sim): 90000/100000 (90.0%)
2025-09-02 11:18:55,828[INFO][simulate_data.py][simulate_data]: Simulation progress (rim): 95000/100000 (95.0%)
2025-09-02 11:19:18,205[INFO][simulate_data.py][simulate_data]: Simulation progress (sim): 95000/100000 (95.0%)
2025-09-02 12:00:00,832[INFO][simulate_data.py][simulate_data]: Simulation progress (sim): 99999/100000 (100.0%)
2025-09-02 12:00:01,418[INFO][simulate_data.py][simulate_data]: Done with 100000 msa simulations
2025-09-02 12:01:10,756[INFO][simulate_data.py][simulate_data]: Simulation progress (rim): 99999/100000 (100.0%)
2025-09-02 12:01:11,179[INFO][simulate_data.py][simulate_data]: Done with 100000 msa simulations
2025-09-02 12:01:14,705[INFO][abc_inference.py][main]: 
	MAIN_PATH: /groups/pupko/elyawygoda/simulator_paper/bat_analysis/other_msas/26153_NT_AL_AA
