2025-04-24 09:47:48,225[INFO][main.py][main]: 
	MAIN_PATH: /groups/pupko/elyawygoda/simulator_paper/bat_analysis/bat_msas/151649_NT_AL_AA,
	SEED: 1745477268208188076, NUM_SIMS: 100000, NUM_SIMS_CORRECTION: 200, SEQUENCE_TYPE: AA
2025-04-24 09:48:39,106[INFO][simulate_data.py][main]: 
	MAIN_PATH: /groups/pupko/elyawygoda/simulator_paper/bat_analysis/bat_msas/151649_NT_AL_AA,
	SEED: 1745477268208188076, NUM_SIMS: 100000,
	LENGTH_DISTRIBUTION: zipf, INDEL_MODEL sim
2025-04-24 09:48:39,661[INFO][simulate_data.py][simulate_data]: Starting msa simulation
2025-04-24 09:48:40,048[INFO][simulate_data.py][main]: 
	MAIN_PATH: /groups/pupko/elyawygoda/simulator_paper/bat_analysis/bat_msas/151649_NT_AL_AA,
	SEED: 1745477268208188078, NUM_SIMS: 100000,
	LENGTH_DISTRIBUTION: zipf, INDEL_MODEL rim
2025-04-24 09:48:40,316[INFO][simulate_data.py][simulate_data]: Starting msa simulation
2025-04-24 09:48:45,639[INFO][correction.py][main]: 
	MAIN_PATH: /groups/pupko/elyawygoda/simulator_paper/bat_analysis/bat_msas/151649_NT_AL_AA,
	SEED: 1745477268208188079, NUM_SIMS: 200, SEQUENCE_TYPE: AA,
	LENGTH_DISTRIBUTION: zipf, INDEL_MODEL rim
2025-04-24 09:48:45,639[INFO][correction.py][main]: 
	MAIN_PATH: /groups/pupko/elyawygoda/simulator_paper/bat_analysis/bat_msas/151649_NT_AL_AA,
	SEED: 1745477268208188077, NUM_SIMS: 200, SEQUENCE_TYPE: AA,
	LENGTH_DISTRIBUTION: zipf, INDEL_MODEL sim
2025-04-24 09:48:45,884[INFO][correction.py][simulate_data]: Starting msa simulation
2025-04-24 09:48:45,893[INFO][correction.py][simulate_data]: Starting msa simulation
2025-04-24 09:49:32,181[INFO][correction.py][simulate_data]: Done with 200 msa simulations
2025-04-24 09:49:32,185[INFO][correction.py][compute_realigned_stats]: Realigning MSAs and recomputing stats
2025-04-24 09:49:32,187[INFO][correction.py][simulate_data]: Done with 200 msa simulations
2025-04-24 09:49:32,191[INFO][correction.py][compute_realigned_stats]: Realigning MSAs and recomputing stats
2025-04-24 09:53:02,244[INFO][correction.py][compute_realigned_stats]: Done recomputing stats
2025-04-24 09:53:02,299[INFO][correction.py][compute_regressors]: Performing regression on all realigned stats
2025-04-24 09:53:07,640[INFO][correction.py][compute_regressors]: Done with regression
2025-04-24 09:53:13,024[INFO][correction.py][compute_realigned_stats]: Done recomputing stats
2025-04-24 09:53:13,025[INFO][correction.py][compute_regressors]: Performing regression on all realigned stats
2025-04-24 09:53:18,599[INFO][correction.py][compute_regressors]: Done with regression
2025-04-24 10:30:28,583[INFO][simulate_data.py][simulate_data]: Done with 100000 msa simulations
2025-04-24 10:31:41,687[INFO][simulate_data.py][simulate_data]: Done with 100000 msa simulations
2025-04-24 10:31:53,301[INFO][abc_inference.py][main]: 
	MAIN_PATH: /groups/pupko/elyawygoda/simulator_paper/bat_analysis/bat_msas/151649_NT_AL_AA
