2025-09-01 12:35:39,854[INFO][main.py][main]: 
	MAIN_PATH: /groups/pupko/elyawygoda/simulator_paper/bat_analysis/other_msas/51252_NT_AL_AA,
	SEED: 1756719339843086308, NUM_SIMS: 100000, NUM_SIMS_CORRECTION: 200, SEQUENCE_TYPE: AA, PRIOR: /groups/pupko/elyawygoda/simulator_paper/.venv/lib/python3.11/site-packages/spartaabc/default_prior.json
2025-09-01 12:35:39,855[INFO][main.py][main]: {'fasta_file': PosixPath('/groups/pupko/elyawygoda/simulator_paper/bat_analysis/other_msas/51252_NT_AL_AA/alignment.fasta'), 'tree_file': PosixPath('/groups/pupko/elyawygoda/simulator_paper/bat_analysis/other_msas/51252_NT_AL_AA/alignment.tree'), 'model_file': PosixPath('/groups/pupko/elyawygoda/simulator_paper/bat_analysis/other_msas/51252_NT_AL_AA/alignment.fasta.raxml.bestModel'), 'correction_recommended': True}
2025-09-01 12:36:21,044[INFO][simulate_data.py][main]: 
	MAIN_PATH: /groups/pupko/elyawygoda/simulator_paper/bat_analysis/other_msas/51252_NT_AL_AA,
	SEED: 1756719339843086308, NUM_SIMS: 100000,
	INDEL_MODEL sim
2025-09-01 12:36:21,240[INFO][simulate_data.py][main]: 
	MAIN_PATH: /groups/pupko/elyawygoda/simulator_paper/bat_analysis/other_msas/51252_NT_AL_AA,
	SEED: 1756719339843086310, NUM_SIMS: 100000,
	INDEL_MODEL rim
2025-09-01 12:36:21,414[INFO][simulate_data.py][main]: 
Loaded prior configuration from file /groups/pupko/elyawygoda/simulator_paper/.venv/lib/python3.11/site-packages/spartaabc/default_prior.json is:
	PriorSampler(seed=1756719339843086308)
  Indel Model: sim
  Sequence Length: [65, 629]
  Indel Rates:
    Sum Rates: method=uniform, range=[0.0, 0.05]
    Ratio Rates: method=log_uniform, range=[-1.0, 1.0]
  Length Distribution Parameters:
    Length Distribution: zipf
    Truncation: 50
    Length Parameter: method=uniform, range=[1.01, 2.0]
2025-09-01 12:36:21,414[INFO][simulate_data.py][main]: 
Loaded prior configuration from file /groups/pupko/elyawygoda/simulator_paper/.venv/lib/python3.11/site-packages/spartaabc/default_prior.json is:
	PriorSampler(seed=1756719339843086310)
  Indel Model: rim
  Sequence Length: [65, 629]
  Indel Rates:
    Sum Rates: method=uniform, range=[0.0, 0.05]
    Ratio Rates: method=log_uniform, range=[-1.0, 1.0]
  Length Distribution Parameters:
    Length Distribution: zipf
    Truncation: 50
    Length Parameter: method=uniform, range=[1.01, 2.0]
2025-09-01 12:36:21,453[INFO][simulate_data.py][simulate_data]: Starting msa simulation
2025-09-01 12:36:21,463[INFO][simulate_data.py][simulate_data]: Starting msa simulation
2025-09-01 12:37:06,139[INFO][correction.py][main]: 
	MAIN_PATH: /groups/pupko/elyawygoda/simulator_paper/bat_analysis/other_msas/51252_NT_AL_AA,
	SEED: 1756719339843086311, NUM_SIMS: 200, SEQUENCE_TYPE: AA,
	INDEL_MODEL: rim,
	ALIGNER: MAFFT
2025-09-01 12:37:06,164[INFO][correction.py][main]: 
Loaded prior configuration from file /groups/pupko/elyawygoda/simulator_paper/.venv/lib/python3.11/site-packages/spartaabc/default_prior.json is:
	PriorSampler(seed=1756719339843086311)
  Indel Model: rim
  Sequence Length: [65, 629]
  Indel Rates:
    Sum Rates: method=uniform, range=[0.0, 0.05]
    Ratio Rates: method=log_uniform, range=[-1.0, 1.0]
  Length Distribution Parameters:
    Length Distribution: zipf
    Truncation: 50
    Length Parameter: method=uniform, range=[1.01, 2.0]
2025-09-01 12:37:06,196[INFO][correction.py][main]: Loaded substitution model:
('submodel', <modelCode.WAG: 10>)
('empirical_frequencies', False)
('gamma_cats', 4)
('gamma_shape', 0.935296)
('partition', 'noname = 1-589')
('mode', 'PROTEIN')
2025-09-01 12:37:06,269[INFO][correction.py][main]: 
	MAIN_PATH: /groups/pupko/elyawygoda/simulator_paper/bat_analysis/other_msas/51252_NT_AL_AA,
	SEED: 1756719339843086309, NUM_SIMS: 200, SEQUENCE_TYPE: AA,
	INDEL_MODEL: sim,
	ALIGNER: MAFFT
2025-09-01 12:37:06,284[INFO][correction.py][simulate_data]: Starting msa simulation
2025-09-01 12:37:06,326[INFO][correction.py][main]: 
Loaded prior configuration from file /groups/pupko/elyawygoda/simulator_paper/.venv/lib/python3.11/site-packages/spartaabc/default_prior.json is:
	PriorSampler(seed=1756719339843086309)
  Indel Model: sim
  Sequence Length: [65, 629]
  Indel Rates:
    Sum Rates: method=uniform, range=[0.0, 0.05]
    Ratio Rates: method=log_uniform, range=[-1.0, 1.0]
  Length Distribution Parameters:
    Length Distribution: zipf
    Truncation: 50
    Length Parameter: method=uniform, range=[1.01, 2.0]
2025-09-01 12:37:06,327[INFO][correction.py][main]: Loaded substitution model:
('submodel', <modelCode.WAG: 10>)
('empirical_frequencies', False)
('gamma_cats', 4)
('gamma_shape', 0.935296)
('partition', 'noname = 1-589')
('mode', 'PROTEIN')
2025-09-01 12:37:06,428[INFO][correction.py][simulate_data]: Starting msa simulation
2025-09-01 12:39:00,658[INFO][correction.py][simulate_data]: Done with 200 msa simulations
2025-09-01 12:39:00,675[INFO][correction.py][compute_realigned_stats]: Realigning MSAs and recomputing stats
2025-09-01 12:41:13,781[INFO][correction.py][simulate_data]: Done with 200 msa simulations
2025-09-01 12:41:13,789[INFO][correction.py][compute_realigned_stats]: Realigning MSAs and recomputing stats
2025-09-01 12:50:35,911[INFO][correction.py][compute_realigned_stats]: Realignment progress (sim): 20/200 (10.0%)
2025-09-01 12:57:08,848[INFO][correction.py][compute_realigned_stats]: Realignment progress (rim): 20/200 (10.0%)
2025-09-01 13:00:38,112[INFO][correction.py][compute_realigned_stats]: Realignment progress (sim): 40/200 (20.0%)
2025-09-01 13:08:48,873[INFO][correction.py][compute_realigned_stats]: Realignment progress (rim): 40/200 (20.0%)
2025-09-01 13:12:31,869[INFO][correction.py][compute_realigned_stats]: Realignment progress (sim): 60/200 (30.0%)
2025-09-01 13:20:31,889[INFO][correction.py][compute_realigned_stats]: Realignment progress (rim): 60/200 (30.0%)
2025-09-01 13:23:38,829[INFO][correction.py][compute_realigned_stats]: Realignment progress (sim): 80/200 (40.0%)
2025-09-01 13:33:17,315[INFO][correction.py][compute_realigned_stats]: Realignment progress (rim): 80/200 (40.0%)
2025-09-01 13:37:22,004[INFO][correction.py][compute_realigned_stats]: Realignment progress (sim): 100/200 (50.0%)
2025-09-01 13:44:21,937[INFO][correction.py][compute_realigned_stats]: Realignment progress (sim): 120/200 (60.0%)
2025-09-01 13:47:11,033[INFO][correction.py][compute_realigned_stats]: Realignment progress (rim): 100/200 (50.0%)
2025-09-01 13:52:54,690[INFO][correction.py][compute_realigned_stats]: Realignment progress (sim): 140/200 (70.0%)
2025-09-01 14:03:51,510[INFO][correction.py][compute_realigned_stats]: Realignment progress (sim): 160/200 (80.0%)
2025-09-01 14:06:36,843[INFO][correction.py][compute_realigned_stats]: Realignment progress (rim): 120/200 (60.0%)
2025-09-01 14:13:50,964[INFO][correction.py][compute_realigned_stats]: Realignment progress (sim): 180/200 (90.0%)
2025-09-01 14:20:40,345[INFO][simulate_data.py][simulate_data]: Simulation progress (rim): 5000/100000 (5.0%)
2025-09-01 14:22:14,741[INFO][simulate_data.py][simulate_data]: Simulation progress (sim): 5000/100000 (5.0%)
2025-09-01 14:22:30,292[INFO][correction.py][compute_realigned_stats]: Realignment progress (rim): 140/200 (70.0%)
2025-09-01 14:26:17,734[INFO][correction.py][compute_realigned_stats]: Realignment progress (sim): 199/200 (99.5%)
2025-09-01 14:27:56,546[INFO][correction.py][compute_realigned_stats]: Done recomputing stats
2025-09-01 14:27:56,548[INFO][correction.py][compute_regressors]: Performing regression on all realigned stats
2025-09-01 14:28:03,885[INFO][correction.py][compute_regressors]: Done with regression
2025-09-01 14:29:46,054[INFO][correction.py][compute_realigned_stats]: Realignment progress (rim): 160/200 (80.0%)
2025-09-01 14:40:48,378[INFO][correction.py][compute_realigned_stats]: Realignment progress (rim): 180/200 (90.0%)
2025-09-01 14:47:34,814[INFO][correction.py][compute_realigned_stats]: Realignment progress (rim): 199/200 (99.5%)
2025-09-01 14:47:44,289[INFO][correction.py][compute_realigned_stats]: Done recomputing stats
2025-09-01 14:47:44,290[INFO][correction.py][compute_regressors]: Performing regression on all realigned stats
2025-09-01 14:47:48,331[INFO][correction.py][compute_regressors]: Done with regression
2025-09-01 15:28:36,468[INFO][simulate_data.py][simulate_data]: Simulation progress (rim): 10000/100000 (10.0%)
2025-09-01 15:32:13,772[INFO][simulate_data.py][simulate_data]: Simulation progress (sim): 10000/100000 (10.0%)
2025-09-01 15:54:52,980[INFO][simulate_data.py][simulate_data]: Simulation progress (rim): 15000/100000 (15.0%)
2025-09-01 15:58:23,631[INFO][simulate_data.py][simulate_data]: Simulation progress (sim): 15000/100000 (15.0%)
2025-09-01 16:19:38,507[INFO][simulate_data.py][simulate_data]: Simulation progress (rim): 20000/100000 (20.0%)
2025-09-01 16:23:05,172[INFO][simulate_data.py][simulate_data]: Simulation progress (sim): 20000/100000 (20.0%)
2025-09-01 16:43:40,881[INFO][simulate_data.py][simulate_data]: Simulation progress (rim): 25000/100000 (25.0%)
2025-09-01 16:46:52,822[INFO][simulate_data.py][simulate_data]: Simulation progress (sim): 25000/100000 (25.0%)
2025-09-01 17:07:42,929[INFO][simulate_data.py][simulate_data]: Simulation progress (rim): 30000/100000 (30.0%)
2025-09-01 17:10:56,298[INFO][simulate_data.py][simulate_data]: Simulation progress (sim): 30000/100000 (30.0%)
2025-09-01 17:30:50,830[INFO][simulate_data.py][simulate_data]: Simulation progress (rim): 35000/100000 (35.0%)
2025-09-01 17:33:44,439[INFO][simulate_data.py][simulate_data]: Simulation progress (sim): 35000/100000 (35.0%)
2025-09-01 17:54:27,538[INFO][simulate_data.py][simulate_data]: Simulation progress (rim): 40000/100000 (40.0%)
2025-09-01 17:57:11,329[INFO][simulate_data.py][simulate_data]: Simulation progress (sim): 40000/100000 (40.0%)
2025-09-01 18:18:41,516[INFO][simulate_data.py][simulate_data]: Simulation progress (rim): 45000/100000 (45.0%)
2025-09-01 18:20:50,232[INFO][simulate_data.py][simulate_data]: Simulation progress (sim): 45000/100000 (45.0%)
2025-09-01 18:42:22,369[INFO][simulate_data.py][simulate_data]: Simulation progress (rim): 50000/100000 (50.0%)
2025-09-01 18:44:12,538[INFO][simulate_data.py][simulate_data]: Simulation progress (sim): 50000/100000 (50.0%)
2025-09-01 19:06:00,478[INFO][simulate_data.py][simulate_data]: Simulation progress (rim): 55000/100000 (55.0%)
2025-09-01 19:08:00,449[INFO][simulate_data.py][simulate_data]: Simulation progress (sim): 55000/100000 (55.0%)
2025-09-01 19:30:13,929[INFO][simulate_data.py][simulate_data]: Simulation progress (rim): 60000/100000 (60.0%)
2025-09-01 19:32:07,690[INFO][simulate_data.py][simulate_data]: Simulation progress (sim): 60000/100000 (60.0%)
2025-09-01 19:55:00,797[INFO][simulate_data.py][simulate_data]: Simulation progress (sim): 65000/100000 (65.0%)
2025-09-01 19:55:08,461[INFO][simulate_data.py][simulate_data]: Simulation progress (rim): 65000/100000 (65.0%)
2025-09-01 20:18:04,216[INFO][simulate_data.py][simulate_data]: Simulation progress (sim): 70000/100000 (70.0%)
2025-09-01 20:19:39,666[INFO][simulate_data.py][simulate_data]: Simulation progress (rim): 70000/100000 (70.0%)
2025-09-01 20:41:34,572[INFO][simulate_data.py][simulate_data]: Simulation progress (sim): 75000/100000 (75.0%)
2025-09-01 20:44:04,944[INFO][simulate_data.py][simulate_data]: Simulation progress (rim): 75000/100000 (75.0%)
2025-09-01 21:04:58,292[INFO][simulate_data.py][simulate_data]: Simulation progress (sim): 80000/100000 (80.0%)
2025-09-01 21:08:16,687[INFO][simulate_data.py][simulate_data]: Simulation progress (rim): 80000/100000 (80.0%)
2025-09-01 21:27:56,072[INFO][simulate_data.py][simulate_data]: Simulation progress (sim): 85000/100000 (85.0%)
2025-09-01 21:31:02,576[INFO][simulate_data.py][simulate_data]: Simulation progress (rim): 85000/100000 (85.0%)
2025-09-01 21:51:00,608[INFO][simulate_data.py][simulate_data]: Simulation progress (sim): 90000/100000 (90.0%)
2025-09-01 21:54:52,582[INFO][simulate_data.py][simulate_data]: Simulation progress (rim): 90000/100000 (90.0%)
2025-09-01 22:13:58,579[INFO][simulate_data.py][simulate_data]: Simulation progress (sim): 95000/100000 (95.0%)
2025-09-01 22:18:49,295[INFO][simulate_data.py][simulate_data]: Simulation progress (rim): 95000/100000 (95.0%)
2025-09-01 22:36:01,366[INFO][simulate_data.py][simulate_data]: Simulation progress (sim): 99999/100000 (100.0%)
2025-09-01 22:36:01,550[INFO][simulate_data.py][simulate_data]: Done with 100000 msa simulations
2025-09-01 22:39:44,576[INFO][simulate_data.py][simulate_data]: Simulation progress (rim): 99999/100000 (100.0%)
2025-09-01 22:39:44,796[INFO][simulate_data.py][simulate_data]: Done with 100000 msa simulations
2025-09-01 22:39:53,294[INFO][abc_inference.py][main]: 
	MAIN_PATH: /groups/pupko/elyawygoda/simulator_paper/bat_analysis/other_msas/51252_NT_AL_AA
