2025-04-24 09:47:48,272[INFO][main.py][main]: 
	MAIN_PATH: /groups/pupko/elyawygoda/simulator_paper/bat_analysis/bat_msas/164592_NT_AL_AA,
	SEED: 1745477268216237333, NUM_SIMS: 100000, NUM_SIMS_CORRECTION: 200, SEQUENCE_TYPE: AA
2025-04-24 09:48:37,145[INFO][simulate_data.py][main]: 
	MAIN_PATH: /groups/pupko/elyawygoda/simulator_paper/bat_analysis/bat_msas/164592_NT_AL_AA,
	SEED: 1745477268216237333, NUM_SIMS: 100000,
	LENGTH_DISTRIBUTION: zipf, INDEL_MODEL sim
2025-04-24 09:48:37,888[INFO][simulate_data.py][simulate_data]: Starting msa simulation
2025-04-24 09:48:39,986[INFO][simulate_data.py][main]: 
	MAIN_PATH: /groups/pupko/elyawygoda/simulator_paper/bat_analysis/bat_msas/164592_NT_AL_AA,
	SEED: 1745477268216237335, NUM_SIMS: 100000,
	LENGTH_DISTRIBUTION: zipf, INDEL_MODEL rim
2025-04-24 09:48:40,225[INFO][simulate_data.py][simulate_data]: Starting msa simulation
2025-04-24 09:48:45,673[INFO][correction.py][main]: 
	MAIN_PATH: /groups/pupko/elyawygoda/simulator_paper/bat_analysis/bat_msas/164592_NT_AL_AA,
	SEED: 1745477268216237336, NUM_SIMS: 200, SEQUENCE_TYPE: AA,
	LENGTH_DISTRIBUTION: zipf, INDEL_MODEL rim
2025-04-24 09:48:45,673[INFO][correction.py][main]: 
	MAIN_PATH: /groups/pupko/elyawygoda/simulator_paper/bat_analysis/bat_msas/164592_NT_AL_AA,
	SEED: 1745477268216237334, NUM_SIMS: 200, SEQUENCE_TYPE: AA,
	LENGTH_DISTRIBUTION: zipf, INDEL_MODEL sim
2025-04-24 09:48:45,943[INFO][correction.py][simulate_data]: Starting msa simulation
2025-04-24 09:48:45,956[INFO][correction.py][simulate_data]: Starting msa simulation
2025-04-24 09:49:23,026[INFO][correction.py][simulate_data]: Done with 200 msa simulations
2025-04-24 09:49:23,030[INFO][correction.py][compute_realigned_stats]: Realigning MSAs and recomputing stats
2025-04-24 09:49:24,881[INFO][correction.py][simulate_data]: Done with 200 msa simulations
2025-04-24 09:49:24,885[INFO][correction.py][compute_realigned_stats]: Realigning MSAs and recomputing stats
2025-04-24 09:52:14,442[INFO][correction.py][compute_realigned_stats]: Done recomputing stats
2025-04-24 09:52:14,460[INFO][correction.py][compute_regressors]: Performing regression on all realigned stats
2025-04-24 09:52:20,135[INFO][correction.py][compute_regressors]: Done with regression
2025-04-24 09:52:21,929[INFO][correction.py][compute_realigned_stats]: Done recomputing stats
2025-04-24 09:52:21,930[INFO][correction.py][compute_regressors]: Performing regression on all realigned stats
2025-04-24 09:52:27,665[INFO][correction.py][compute_regressors]: Done with regression
2025-04-24 10:28:16,801[INFO][simulate_data.py][simulate_data]: Done with 100000 msa simulations
2025-04-24 10:28:21,674[INFO][simulate_data.py][simulate_data]: Done with 100000 msa simulations
2025-04-24 10:28:41,244[INFO][abc_inference.py][main]: 
	MAIN_PATH: /groups/pupko/elyawygoda/simulator_paper/bat_analysis/bat_msas/164592_NT_AL_AA
