2025-04-24 09:47:52,547[INFO][main.py][main]: 
	MAIN_PATH: /groups/pupko/elyawygoda/simulator_paper/bat_analysis/bat_msas/83987_NT_AL_AA,
	SEED: 1745477272363406270, NUM_SIMS: 100000, NUM_SIMS_CORRECTION: 200, SEQUENCE_TYPE: AA
2025-04-24 09:49:00,314[INFO][simulate_data.py][main]: 
	MAIN_PATH: /groups/pupko/elyawygoda/simulator_paper/bat_analysis/bat_msas/83987_NT_AL_AA,
	SEED: 1745477272363406270, NUM_SIMS: 100000,
	LENGTH_DISTRIBUTION: zipf, INDEL_MODEL sim
2025-04-24 09:49:00,337[INFO][simulate_data.py][main]: 
	MAIN_PATH: /groups/pupko/elyawygoda/simulator_paper/bat_analysis/bat_msas/83987_NT_AL_AA,
	SEED: 1745477272363406272, NUM_SIMS: 100000,
	LENGTH_DISTRIBUTION: zipf, INDEL_MODEL rim
2025-04-24 09:49:00,499[INFO][simulate_data.py][simulate_data]: Starting msa simulation
2025-04-24 09:49:00,499[INFO][simulate_data.py][simulate_data]: Starting msa simulation
2025-04-24 09:49:03,447[INFO][correction.py][main]: 
	MAIN_PATH: /groups/pupko/elyawygoda/simulator_paper/bat_analysis/bat_msas/83987_NT_AL_AA,
	SEED: 1745477272363406273, NUM_SIMS: 200, SEQUENCE_TYPE: AA,
	LENGTH_DISTRIBUTION: zipf, INDEL_MODEL rim
2025-04-24 09:49:03,473[INFO][correction.py][main]: 
	MAIN_PATH: /groups/pupko/elyawygoda/simulator_paper/bat_analysis/bat_msas/83987_NT_AL_AA,
	SEED: 1745477272363406271, NUM_SIMS: 200, SEQUENCE_TYPE: AA,
	LENGTH_DISTRIBUTION: zipf, INDEL_MODEL sim
2025-04-24 09:49:03,669[INFO][correction.py][simulate_data]: Starting msa simulation
2025-04-24 09:49:03,691[INFO][correction.py][simulate_data]: Starting msa simulation
2025-04-24 09:50:05,096[INFO][correction.py][simulate_data]: Done with 200 msa simulations
2025-04-24 09:50:05,154[INFO][correction.py][compute_realigned_stats]: Realigning MSAs and recomputing stats
2025-04-24 09:50:11,332[INFO][correction.py][simulate_data]: Done with 200 msa simulations
2025-04-24 09:50:11,336[INFO][correction.py][compute_realigned_stats]: Realigning MSAs and recomputing stats
2025-04-24 09:54:12,913[INFO][correction.py][compute_realigned_stats]: Done recomputing stats
2025-04-24 09:54:12,935[INFO][correction.py][compute_regressors]: Performing regression on all realigned stats
2025-04-24 09:54:19,504[INFO][correction.py][compute_regressors]: Done with regression
2025-04-24 09:54:38,465[INFO][correction.py][compute_realigned_stats]: Done recomputing stats
2025-04-24 09:54:38,465[INFO][correction.py][compute_regressors]: Performing regression on all realigned stats
2025-04-24 09:54:42,810[INFO][correction.py][compute_regressors]: Done with regression
2025-04-24 12:45:19,187[INFO][simulate_data.py][simulate_data]: Done with 100000 msa simulations
2025-04-24 12:47:34,248[INFO][simulate_data.py][simulate_data]: Done with 100000 msa simulations
2025-04-24 12:48:02,199[INFO][abc_inference.py][main]: 
	MAIN_PATH: /groups/pupko/elyawygoda/simulator_paper/bat_analysis/bat_msas/83987_NT_AL_AA
