2025-04-24 09:47:48,298[INFO][main.py][main]: 
	MAIN_PATH: /groups/pupko/elyawygoda/simulator_paper/bat_analysis/bat_msas/11173_NT_AL_AA,
	SEED: 1745477268261069116, NUM_SIMS: 100000, NUM_SIMS_CORRECTION: 200, SEQUENCE_TYPE: AA
2025-04-24 09:48:41,921[INFO][simulate_data.py][main]: 
	MAIN_PATH: /groups/pupko/elyawygoda/simulator_paper/bat_analysis/bat_msas/11173_NT_AL_AA,
	SEED: 1745477268261069116, NUM_SIMS: 100000,
	LENGTH_DISTRIBUTION: zipf, INDEL_MODEL sim
2025-04-24 09:48:41,998[INFO][simulate_data.py][main]: 
	MAIN_PATH: /groups/pupko/elyawygoda/simulator_paper/bat_analysis/bat_msas/11173_NT_AL_AA,
	SEED: 1745477268261069118, NUM_SIMS: 100000,
	LENGTH_DISTRIBUTION: zipf, INDEL_MODEL rim
2025-04-24 09:48:42,191[INFO][simulate_data.py][simulate_data]: Starting msa simulation
2025-04-24 09:48:42,201[INFO][simulate_data.py][simulate_data]: Starting msa simulation
2025-04-24 09:48:45,683[INFO][correction.py][main]: 
	MAIN_PATH: /groups/pupko/elyawygoda/simulator_paper/bat_analysis/bat_msas/11173_NT_AL_AA,
	SEED: 1745477268261069119, NUM_SIMS: 200, SEQUENCE_TYPE: AA,
	LENGTH_DISTRIBUTION: zipf, INDEL_MODEL rim
2025-04-24 09:48:45,683[INFO][correction.py][main]: 
	MAIN_PATH: /groups/pupko/elyawygoda/simulator_paper/bat_analysis/bat_msas/11173_NT_AL_AA,
	SEED: 1745477268261069117, NUM_SIMS: 200, SEQUENCE_TYPE: AA,
	LENGTH_DISTRIBUTION: zipf, INDEL_MODEL sim
2025-04-24 09:48:45,997[INFO][correction.py][simulate_data]: Starting msa simulation
2025-04-24 09:48:46,043[INFO][correction.py][simulate_data]: Starting msa simulation
2025-04-24 09:49:19,329[INFO][correction.py][simulate_data]: Done with 200 msa simulations
2025-04-24 09:49:19,333[INFO][correction.py][compute_realigned_stats]: Realigning MSAs and recomputing stats
2025-04-24 09:49:26,858[INFO][correction.py][simulate_data]: Done with 200 msa simulations
2025-04-24 09:49:26,861[INFO][correction.py][compute_realigned_stats]: Realigning MSAs and recomputing stats
2025-04-24 09:59:02,717[INFO][correction.py][compute_realigned_stats]: Done recomputing stats
2025-04-24 09:59:02,787[INFO][correction.py][compute_regressors]: Performing regression on all realigned stats
2025-04-24 09:59:08,785[INFO][correction.py][compute_regressors]: Done with regression
2025-04-24 09:59:47,744[INFO][correction.py][compute_realigned_stats]: Done recomputing stats
2025-04-24 09:59:47,744[INFO][correction.py][compute_regressors]: Performing regression on all realigned stats
2025-04-24 09:59:53,554[INFO][correction.py][compute_regressors]: Done with regression
2025-04-24 10:55:49,521[INFO][simulate_data.py][simulate_data]: Done with 100000 msa simulations
2025-04-24 10:58:58,786[INFO][simulate_data.py][simulate_data]: Done with 100000 msa simulations
2025-04-24 10:59:19,979[INFO][abc_inference.py][main]: 
	MAIN_PATH: /groups/pupko/elyawygoda/simulator_paper/bat_analysis/bat_msas/11173_NT_AL_AA
