2025-04-24 09:47:48,294[INFO][main.py][main]: 
	MAIN_PATH: /groups/pupko/elyawygoda/simulator_paper/bat_analysis/bat_msas/2523_NT_AL_AA,
	SEED: 1745477268197233511, NUM_SIMS: 100000, NUM_SIMS_CORRECTION: 200, SEQUENCE_TYPE: AA
2025-04-24 09:48:39,711[INFO][simulate_data.py][main]: 
	MAIN_PATH: /groups/pupko/elyawygoda/simulator_paper/bat_analysis/bat_msas/2523_NT_AL_AA,
	SEED: 1745477268197233511, NUM_SIMS: 100000,
	LENGTH_DISTRIBUTION: zipf, INDEL_MODEL sim
2025-04-24 09:48:39,751[INFO][simulate_data.py][main]: 
	MAIN_PATH: /groups/pupko/elyawygoda/simulator_paper/bat_analysis/bat_msas/2523_NT_AL_AA,
	SEED: 1745477268197233513, NUM_SIMS: 100000,
	LENGTH_DISTRIBUTION: zipf, INDEL_MODEL rim
2025-04-24 09:48:39,931[INFO][simulate_data.py][simulate_data]: Starting msa simulation
2025-04-24 09:48:39,931[INFO][simulate_data.py][simulate_data]: Starting msa simulation
2025-04-24 09:48:45,663[INFO][correction.py][main]: 
	MAIN_PATH: /groups/pupko/elyawygoda/simulator_paper/bat_analysis/bat_msas/2523_NT_AL_AA,
	SEED: 1745477268197233512, NUM_SIMS: 200, SEQUENCE_TYPE: AA,
	LENGTH_DISTRIBUTION: zipf, INDEL_MODEL sim
2025-04-24 09:48:45,693[INFO][correction.py][main]: 
	MAIN_PATH: /groups/pupko/elyawygoda/simulator_paper/bat_analysis/bat_msas/2523_NT_AL_AA,
	SEED: 1745477268197233514, NUM_SIMS: 200, SEQUENCE_TYPE: AA,
	LENGTH_DISTRIBUTION: zipf, INDEL_MODEL rim
2025-04-24 09:48:45,905[INFO][correction.py][simulate_data]: Starting msa simulation
2025-04-24 09:48:45,913[INFO][correction.py][simulate_data]: Starting msa simulation
2025-04-24 09:49:26,308[INFO][correction.py][simulate_data]: Done with 200 msa simulations
2025-04-24 09:49:26,335[INFO][correction.py][compute_realigned_stats]: Realigning MSAs and recomputing stats
2025-04-24 09:49:30,700[INFO][correction.py][simulate_data]: Done with 200 msa simulations
2025-04-24 09:49:30,703[INFO][correction.py][compute_realigned_stats]: Realigning MSAs and recomputing stats
2025-04-24 09:51:39,884[INFO][correction.py][compute_realigned_stats]: Done recomputing stats
2025-04-24 09:51:39,900[INFO][correction.py][compute_regressors]: Performing regression on all realigned stats
2025-04-24 09:51:41,434[INFO][correction.py][compute_realigned_stats]: Done recomputing stats
2025-04-24 09:51:41,435[INFO][correction.py][compute_regressors]: Performing regression on all realigned stats
2025-04-24 09:51:44,957[INFO][correction.py][compute_regressors]: Done with regression
2025-04-24 09:51:46,424[INFO][correction.py][compute_regressors]: Done with regression
2025-04-24 10:23:45,684[INFO][simulate_data.py][simulate_data]: Done with 100000 msa simulations
2025-04-24 10:26:42,144[INFO][simulate_data.py][simulate_data]: Done with 100000 msa simulations
2025-04-24 10:26:52,119[INFO][abc_inference.py][main]: 
	MAIN_PATH: /groups/pupko/elyawygoda/simulator_paper/bat_analysis/bat_msas/2523_NT_AL_AA
