2025-04-24 10:06:14,996[INFO][main.py][main]: 
	MAIN_PATH: /groups/pupko/elyawygoda/simulator_paper/bat_analysis/other_msas/11095_NT_AL_AA,
	SEED: 1745478374970654587, NUM_SIMS: 100000, NUM_SIMS_CORRECTION: 200, SEQUENCE_TYPE: AA
2025-04-24 10:06:44,222[INFO][simulate_data.py][main]: 
	MAIN_PATH: /groups/pupko/elyawygoda/simulator_paper/bat_analysis/other_msas/11095_NT_AL_AA,
	SEED: 1745478374970654589, NUM_SIMS: 100000,
	LENGTH_DISTRIBUTION: zipf, INDEL_MODEL rim
2025-04-24 10:06:44,585[INFO][simulate_data.py][simulate_data]: Starting msa simulation
2025-04-24 10:06:44,590[INFO][simulate_data.py][main]: 
	MAIN_PATH: /groups/pupko/elyawygoda/simulator_paper/bat_analysis/other_msas/11095_NT_AL_AA,
	SEED: 1745478374970654587, NUM_SIMS: 100000,
	LENGTH_DISTRIBUTION: zipf, INDEL_MODEL sim
2025-04-24 10:06:44,685[INFO][simulate_data.py][simulate_data]: Starting msa simulation
2025-04-24 10:06:48,576[INFO][correction.py][main]: 
	MAIN_PATH: /groups/pupko/elyawygoda/simulator_paper/bat_analysis/other_msas/11095_NT_AL_AA,
	SEED: 1745478374970654590, NUM_SIMS: 200, SEQUENCE_TYPE: AA,
	LENGTH_DISTRIBUTION: zipf, INDEL_MODEL rim
2025-04-24 10:06:48,576[INFO][correction.py][main]: 
	MAIN_PATH: /groups/pupko/elyawygoda/simulator_paper/bat_analysis/other_msas/11095_NT_AL_AA,
	SEED: 1745478374970654588, NUM_SIMS: 200, SEQUENCE_TYPE: AA,
	LENGTH_DISTRIBUTION: zipf, INDEL_MODEL sim
2025-04-24 10:06:48,859[INFO][correction.py][simulate_data]: Starting msa simulation
2025-04-24 10:06:48,867[INFO][correction.py][simulate_data]: Starting msa simulation
2025-04-24 10:06:57,876[INFO][correction.py][simulate_data]: Done with 200 msa simulations
2025-04-24 10:06:57,960[INFO][correction.py][compute_realigned_stats]: Realigning MSAs and recomputing stats
2025-04-24 10:06:59,349[INFO][correction.py][simulate_data]: Done with 200 msa simulations
2025-04-24 10:06:59,406[INFO][correction.py][compute_realigned_stats]: Realigning MSAs and recomputing stats
2025-04-24 10:42:27,955[INFO][simulate_data.py][simulate_data]: Done with 100000 msa simulations
2025-04-24 10:47:36,269[INFO][simulate_data.py][simulate_data]: Done with 100000 msa simulations
2025-04-24 14:48:55,362[INFO][correction.py][compute_realigned_stats]: Done recomputing stats
2025-04-24 14:48:55,390[INFO][correction.py][compute_regressors]: Performing regression on all realigned stats
2025-04-24 14:48:59,502[INFO][correction.py][compute_regressors]: Done with regression
2025-04-24 15:06:04,098[INFO][correction.py][compute_realigned_stats]: Done recomputing stats
2025-04-24 15:06:04,165[INFO][correction.py][compute_regressors]: Performing regression on all realigned stats
2025-04-24 15:06:08,277[INFO][correction.py][compute_regressors]: Done with regression
2025-04-24 15:07:00,258[INFO][abc_inference.py][main]: 
	MAIN_PATH: /groups/pupko/elyawygoda/simulator_paper/bat_analysis/other_msas/11095_NT_AL_AA
