2025-04-24 10:06:00,985[INFO][main.py][main]: 
	MAIN_PATH: /groups/pupko/elyawygoda/simulator_paper/bat_analysis/other_msas/238_NT_AL_AA,
	SEED: 1745478360961572980, NUM_SIMS: 100000, NUM_SIMS_CORRECTION: 200, SEQUENCE_TYPE: AA
2025-04-24 10:06:43,195[INFO][simulate_data.py][main]: 
	MAIN_PATH: /groups/pupko/elyawygoda/simulator_paper/bat_analysis/other_msas/238_NT_AL_AA,
	SEED: 1745478360961572980, NUM_SIMS: 100000,
	LENGTH_DISTRIBUTION: zipf, INDEL_MODEL sim
2025-04-24 10:06:43,715[INFO][simulate_data.py][simulate_data]: Starting msa simulation
2025-04-24 10:06:45,059[INFO][simulate_data.py][main]: 
	MAIN_PATH: /groups/pupko/elyawygoda/simulator_paper/bat_analysis/other_msas/238_NT_AL_AA,
	SEED: 1745478360961572982, NUM_SIMS: 100000,
	LENGTH_DISTRIBUTION: zipf, INDEL_MODEL rim
2025-04-24 10:06:45,302[INFO][simulate_data.py][simulate_data]: Starting msa simulation
2025-04-24 10:06:49,520[INFO][correction.py][main]: 
	MAIN_PATH: /groups/pupko/elyawygoda/simulator_paper/bat_analysis/other_msas/238_NT_AL_AA,
	SEED: 1745478360961572983, NUM_SIMS: 200, SEQUENCE_TYPE: AA,
	LENGTH_DISTRIBUTION: zipf, INDEL_MODEL rim
2025-04-24 10:06:49,709[INFO][correction.py][main]: 
	MAIN_PATH: /groups/pupko/elyawygoda/simulator_paper/bat_analysis/other_msas/238_NT_AL_AA,
	SEED: 1745478360961572981, NUM_SIMS: 200, SEQUENCE_TYPE: AA,
	LENGTH_DISTRIBUTION: zipf, INDEL_MODEL sim
2025-04-24 10:06:49,718[INFO][correction.py][simulate_data]: Starting msa simulation
2025-04-24 10:06:49,923[INFO][correction.py][simulate_data]: Starting msa simulation
2025-04-24 10:14:47,471[INFO][correction.py][simulate_data]: Done with 200 msa simulations
2025-04-24 10:14:47,516[INFO][correction.py][compute_realigned_stats]: Realigning MSAs and recomputing stats
2025-04-24 10:14:47,616[INFO][correction.py][simulate_data]: Done with 200 msa simulations
2025-04-24 10:14:47,639[INFO][correction.py][compute_realigned_stats]: Realigning MSAs and recomputing stats
2025-04-24 22:01:44,881[INFO][correction.py][compute_realigned_stats]: Done recomputing stats
2025-04-24 22:01:44,896[INFO][correction.py][compute_regressors]: Performing regression on all realigned stats
2025-04-24 22:01:50,025[INFO][correction.py][compute_regressors]: Done with regression
2025-04-24 22:27:48,502[INFO][correction.py][compute_realigned_stats]: Done recomputing stats
2025-04-24 22:27:48,523[INFO][correction.py][compute_regressors]: Performing regression on all realigned stats
2025-04-24 22:27:53,401[INFO][correction.py][compute_regressors]: Done with regression
2025-04-25 14:11:47,710[INFO][simulate_data.py][simulate_data]: Done with 100000 msa simulations
2025-04-25 14:14:24,446[INFO][simulate_data.py][simulate_data]: Done with 100000 msa simulations
2025-04-25 14:14:46,263[INFO][abc_inference.py][main]: 
	MAIN_PATH: /groups/pupko/elyawygoda/simulator_paper/bat_analysis/other_msas/238_NT_AL_AA
