2025-04-24 10:06:00,992[INFO][main.py][main]: 
	MAIN_PATH: /groups/pupko/elyawygoda/simulator_paper/bat_analysis/other_msas/256815_NT_AL_AA,
	SEED: 1745478360960253163, NUM_SIMS: 100000, NUM_SIMS_CORRECTION: 200, SEQUENCE_TYPE: AA
2025-04-24 10:06:43,350[INFO][simulate_data.py][main]: 
	MAIN_PATH: /groups/pupko/elyawygoda/simulator_paper/bat_analysis/other_msas/256815_NT_AL_AA,
	SEED: 1745478360960253165, NUM_SIMS: 100000,
	LENGTH_DISTRIBUTION: zipf, INDEL_MODEL rim
2025-04-24 10:06:43,868[INFO][simulate_data.py][simulate_data]: Starting msa simulation
2025-04-24 10:06:45,205[INFO][simulate_data.py][main]: 
	MAIN_PATH: /groups/pupko/elyawygoda/simulator_paper/bat_analysis/other_msas/256815_NT_AL_AA,
	SEED: 1745478360960253163, NUM_SIMS: 100000,
	LENGTH_DISTRIBUTION: zipf, INDEL_MODEL sim
2025-04-24 10:06:45,357[INFO][simulate_data.py][simulate_data]: Starting msa simulation
2025-04-24 10:06:49,529[INFO][correction.py][main]: 
	MAIN_PATH: /groups/pupko/elyawygoda/simulator_paper/bat_analysis/other_msas/256815_NT_AL_AA,
	SEED: 1745478360960253166, NUM_SIMS: 200, SEQUENCE_TYPE: AA,
	LENGTH_DISTRIBUTION: zipf, INDEL_MODEL rim
2025-04-24 10:06:49,614[INFO][correction.py][main]: 
	MAIN_PATH: /groups/pupko/elyawygoda/simulator_paper/bat_analysis/other_msas/256815_NT_AL_AA,
	SEED: 1745478360960253164, NUM_SIMS: 200, SEQUENCE_TYPE: AA,
	LENGTH_DISTRIBUTION: zipf, INDEL_MODEL sim
2025-04-24 10:06:49,783[INFO][correction.py][simulate_data]: Starting msa simulation
2025-04-24 10:06:49,825[INFO][correction.py][simulate_data]: Starting msa simulation
2025-04-24 10:13:38,716[INFO][correction.py][simulate_data]: Done with 200 msa simulations
2025-04-24 10:13:38,770[INFO][correction.py][compute_realigned_stats]: Realigning MSAs and recomputing stats
2025-04-24 10:14:05,896[INFO][correction.py][simulate_data]: Done with 200 msa simulations
2025-04-24 10:14:05,917[INFO][correction.py][compute_realigned_stats]: Realigning MSAs and recomputing stats
2025-04-24 11:18:31,976[INFO][correction.py][compute_realigned_stats]: Done recomputing stats
2025-04-24 11:18:31,999[INFO][correction.py][compute_regressors]: Performing regression on all realigned stats
2025-04-24 11:18:37,678[INFO][correction.py][compute_regressors]: Done with regression
2025-04-24 11:37:49,202[INFO][correction.py][compute_realigned_stats]: Done recomputing stats
2025-04-24 11:37:49,244[INFO][correction.py][compute_regressors]: Performing regression on all realigned stats
2025-04-24 11:37:55,455[INFO][correction.py][compute_regressors]: Done with regression
2025-04-25 10:08:41,501[INFO][simulate_data.py][simulate_data]: Done with 100000 msa simulations
2025-04-25 11:44:42,369[INFO][simulate_data.py][simulate_data]: Done with 100000 msa simulations
2025-04-25 11:45:00,065[INFO][abc_inference.py][main]: 
	MAIN_PATH: /groups/pupko/elyawygoda/simulator_paper/bat_analysis/other_msas/256815_NT_AL_AA
