2025-04-24 10:06:00,986[INFO][main.py][main]: 
	MAIN_PATH: /groups/pupko/elyawygoda/simulator_paper/bat_analysis/other_msas/26153_NT_AL_AA,
	SEED: 1745478360962302866, NUM_SIMS: 100000, NUM_SIMS_CORRECTION: 200, SEQUENCE_TYPE: AA
2025-04-24 10:06:44,734[INFO][simulate_data.py][main]: 
	MAIN_PATH: /groups/pupko/elyawygoda/simulator_paper/bat_analysis/other_msas/26153_NT_AL_AA,
	SEED: 1745478360962302868, NUM_SIMS: 100000,
	LENGTH_DISTRIBUTION: zipf, INDEL_MODEL rim
2025-04-24 10:06:44,966[INFO][simulate_data.py][simulate_data]: Starting msa simulation
2025-04-24 10:06:45,281[INFO][simulate_data.py][main]: 
	MAIN_PATH: /groups/pupko/elyawygoda/simulator_paper/bat_analysis/other_msas/26153_NT_AL_AA,
	SEED: 1745478360962302866, NUM_SIMS: 100000,
	LENGTH_DISTRIBUTION: zipf, INDEL_MODEL sim
2025-04-24 10:06:45,395[INFO][simulate_data.py][simulate_data]: Starting msa simulation
2025-04-24 10:06:49,526[INFO][correction.py][main]: 
	MAIN_PATH: /groups/pupko/elyawygoda/simulator_paper/bat_analysis/other_msas/26153_NT_AL_AA,
	SEED: 1745478360962302869, NUM_SIMS: 200, SEQUENCE_TYPE: AA,
	LENGTH_DISTRIBUTION: zipf, INDEL_MODEL rim
2025-04-24 10:06:49,563[INFO][correction.py][main]: 
	MAIN_PATH: /groups/pupko/elyawygoda/simulator_paper/bat_analysis/other_msas/26153_NT_AL_AA,
	SEED: 1745478360962302867, NUM_SIMS: 200, SEQUENCE_TYPE: AA,
	LENGTH_DISTRIBUTION: zipf, INDEL_MODEL sim
2025-04-24 10:06:49,760[INFO][correction.py][simulate_data]: Starting msa simulation
2025-04-24 10:06:49,767[INFO][correction.py][simulate_data]: Starting msa simulation
2025-04-24 10:14:43,901[INFO][correction.py][simulate_data]: Done with 200 msa simulations
2025-04-24 10:14:43,924[INFO][correction.py][compute_realigned_stats]: Realigning MSAs and recomputing stats
2025-04-24 10:15:41,682[INFO][correction.py][simulate_data]: Done with 200 msa simulations
2025-04-24 10:15:41,704[INFO][correction.py][compute_realigned_stats]: Realigning MSAs and recomputing stats
2025-04-25 01:19:10,105[INFO][correction.py][compute_realigned_stats]: Done recomputing stats
2025-04-25 01:19:10,106[INFO][correction.py][compute_regressors]: Performing regression on all realigned stats
2025-04-25 01:19:15,289[INFO][correction.py][compute_regressors]: Done with regression
2025-04-25 06:06:38,717[INFO][correction.py][compute_realigned_stats]: Done recomputing stats
2025-04-25 06:06:38,719[INFO][correction.py][compute_regressors]: Performing regression on all realigned stats
2025-04-25 06:06:44,222[INFO][correction.py][compute_regressors]: Done with regression
2025-04-25 13:27:10,254[INFO][simulate_data.py][simulate_data]: Done with 100000 msa simulations
2025-04-25 13:35:04,471[INFO][simulate_data.py][simulate_data]: Done with 100000 msa simulations
2025-04-25 13:35:32,476[INFO][abc_inference.py][main]: 
	MAIN_PATH: /groups/pupko/elyawygoda/simulator_paper/bat_analysis/other_msas/26153_NT_AL_AA
