2025-04-24 10:06:00,987[INFO][main.py][main]: 
	MAIN_PATH: /groups/pupko/elyawygoda/simulator_paper/bat_analysis/other_msas/319089_NT_AL_AA,
	SEED: 1745478360962352096, NUM_SIMS: 100000, NUM_SIMS_CORRECTION: 200, SEQUENCE_TYPE: AA
2025-04-24 10:06:44,742[INFO][simulate_data.py][main]: 
	MAIN_PATH: /groups/pupko/elyawygoda/simulator_paper/bat_analysis/other_msas/319089_NT_AL_AA,
	SEED: 1745478360962352096, NUM_SIMS: 100000,
	LENGTH_DISTRIBUTION: zipf, INDEL_MODEL sim
2025-04-24 10:06:45,045[INFO][simulate_data.py][simulate_data]: Starting msa simulation
2025-04-24 10:06:45,752[INFO][simulate_data.py][main]: 
	MAIN_PATH: /groups/pupko/elyawygoda/simulator_paper/bat_analysis/other_msas/319089_NT_AL_AA,
	SEED: 1745478360962352098, NUM_SIMS: 100000,
	LENGTH_DISTRIBUTION: zipf, INDEL_MODEL rim
2025-04-24 10:06:45,867[INFO][simulate_data.py][simulate_data]: Starting msa simulation
2025-04-24 10:06:49,526[INFO][correction.py][main]: 
	MAIN_PATH: /groups/pupko/elyawygoda/simulator_paper/bat_analysis/other_msas/319089_NT_AL_AA,
	SEED: 1745478360962352097, NUM_SIMS: 200, SEQUENCE_TYPE: AA,
	LENGTH_DISTRIBUTION: zipf, INDEL_MODEL sim
2025-04-24 10:06:49,538[INFO][correction.py][main]: 
	MAIN_PATH: /groups/pupko/elyawygoda/simulator_paper/bat_analysis/other_msas/319089_NT_AL_AA,
	SEED: 1745478360962352099, NUM_SIMS: 200, SEQUENCE_TYPE: AA,
	LENGTH_DISTRIBUTION: zipf, INDEL_MODEL rim
2025-04-24 10:06:49,717[INFO][correction.py][simulate_data]: Starting msa simulation
2025-04-24 10:06:49,858[INFO][correction.py][simulate_data]: Starting msa simulation
2025-04-24 10:14:06,084[INFO][correction.py][simulate_data]: Done with 200 msa simulations
2025-04-24 10:14:06,122[INFO][correction.py][compute_realigned_stats]: Realigning MSAs and recomputing stats
2025-04-24 10:14:40,658[INFO][correction.py][simulate_data]: Done with 200 msa simulations
2025-04-24 10:14:40,686[INFO][correction.py][compute_realigned_stats]: Realigning MSAs and recomputing stats
2025-04-25 02:41:45,762[INFO][correction.py][compute_realigned_stats]: Done recomputing stats
2025-04-25 02:41:45,784[INFO][correction.py][compute_regressors]: Performing regression on all realigned stats
2025-04-25 02:41:50,723[INFO][correction.py][compute_regressors]: Done with regression
2025-04-25 04:45:32,987[INFO][correction.py][compute_realigned_stats]: Done recomputing stats
2025-04-25 04:45:33,018[INFO][correction.py][compute_regressors]: Performing regression on all realigned stats
2025-04-25 04:45:38,232[INFO][correction.py][compute_regressors]: Done with regression
2025-04-25 11:13:21,881[INFO][simulate_data.py][simulate_data]: Done with 100000 msa simulations
2025-04-25 11:18:16,310[INFO][simulate_data.py][simulate_data]: Done with 100000 msa simulations
2025-04-25 11:18:32,737[INFO][abc_inference.py][main]: 
	MAIN_PATH: /groups/pupko/elyawygoda/simulator_paper/bat_analysis/other_msas/319089_NT_AL_AA
