2025-04-24 10:06:00,987[INFO][main.py][main]: 
	MAIN_PATH: /groups/pupko/elyawygoda/simulator_paper/bat_analysis/other_msas/342125_NT_AL_AA,
	SEED: 1745478360962292787, NUM_SIMS: 100000, NUM_SIMS_CORRECTION: 200, SEQUENCE_TYPE: AA
2025-04-24 10:06:44,520[INFO][simulate_data.py][main]: 
	MAIN_PATH: /groups/pupko/elyawygoda/simulator_paper/bat_analysis/other_msas/342125_NT_AL_AA,
	SEED: 1745478360962292789, NUM_SIMS: 100000,
	LENGTH_DISTRIBUTION: zipf, INDEL_MODEL rim
2025-04-24 10:06:44,549[INFO][simulate_data.py][main]: 
	MAIN_PATH: /groups/pupko/elyawygoda/simulator_paper/bat_analysis/other_msas/342125_NT_AL_AA,
	SEED: 1745478360962292787, NUM_SIMS: 100000,
	LENGTH_DISTRIBUTION: zipf, INDEL_MODEL sim
2025-04-24 10:06:44,733[INFO][simulate_data.py][simulate_data]: Starting msa simulation
2025-04-24 10:06:44,745[INFO][simulate_data.py][simulate_data]: Starting msa simulation
2025-04-24 10:06:49,523[INFO][correction.py][main]: 
	MAIN_PATH: /groups/pupko/elyawygoda/simulator_paper/bat_analysis/other_msas/342125_NT_AL_AA,
	SEED: 1745478360962292790, NUM_SIMS: 200, SEQUENCE_TYPE: AA,
	LENGTH_DISTRIBUTION: zipf, INDEL_MODEL rim
2025-04-24 10:06:49,554[INFO][correction.py][main]: 
	MAIN_PATH: /groups/pupko/elyawygoda/simulator_paper/bat_analysis/other_msas/342125_NT_AL_AA,
	SEED: 1745478360962292788, NUM_SIMS: 200, SEQUENCE_TYPE: AA,
	LENGTH_DISTRIBUTION: zipf, INDEL_MODEL sim
2025-04-24 10:06:49,731[INFO][correction.py][simulate_data]: Starting msa simulation
2025-04-24 10:06:49,735[INFO][correction.py][simulate_data]: Starting msa simulation
2025-04-24 10:14:05,616[INFO][correction.py][simulate_data]: Done with 200 msa simulations
2025-04-24 10:14:05,657[INFO][correction.py][compute_realigned_stats]: Realigning MSAs and recomputing stats
2025-04-24 10:14:08,073[INFO][correction.py][simulate_data]: Done with 200 msa simulations
2025-04-24 10:14:08,097[INFO][correction.py][compute_realigned_stats]: Realigning MSAs and recomputing stats
2025-04-24 18:17:52,994[INFO][correction.py][compute_realigned_stats]: Done recomputing stats
2025-04-24 18:17:53,008[INFO][correction.py][compute_regressors]: Performing regression on all realigned stats
2025-04-24 18:18:00,968[INFO][correction.py][compute_regressors]: Done with regression
2025-04-24 18:42:34,937[INFO][correction.py][compute_realigned_stats]: Done recomputing stats
2025-04-24 18:42:34,999[INFO][correction.py][compute_regressors]: Performing regression on all realigned stats
2025-04-24 18:42:40,174[INFO][correction.py][compute_regressors]: Done with regression
2025-04-25 14:25:23,351[INFO][simulate_data.py][simulate_data]: Done with 100000 msa simulations
2025-04-25 14:42:58,327[INFO][simulate_data.py][simulate_data]: Done with 100000 msa simulations
2025-04-25 14:43:15,201[INFO][abc_inference.py][main]: 
	MAIN_PATH: /groups/pupko/elyawygoda/simulator_paper/bat_analysis/other_msas/342125_NT_AL_AA
