2025-04-24 10:06:00,992[INFO][main.py][main]: 
	MAIN_PATH: /groups/pupko/elyawygoda/simulator_paper/bat_analysis/other_msas/374654_NT_AL_AA,
	SEED: 1745478360960396241, NUM_SIMS: 100000, NUM_SIMS_CORRECTION: 200, SEQUENCE_TYPE: AA
2025-04-24 10:06:44,766[INFO][simulate_data.py][main]: 
	MAIN_PATH: /groups/pupko/elyawygoda/simulator_paper/bat_analysis/other_msas/374654_NT_AL_AA,
	SEED: 1745478360960396243, NUM_SIMS: 100000,
	LENGTH_DISTRIBUTION: zipf, INDEL_MODEL rim
2025-04-24 10:06:45,059[INFO][simulate_data.py][simulate_data]: Starting msa simulation
2025-04-24 10:06:45,173[INFO][simulate_data.py][main]: 
	MAIN_PATH: /groups/pupko/elyawygoda/simulator_paper/bat_analysis/other_msas/374654_NT_AL_AA,
	SEED: 1745478360960396241, NUM_SIMS: 100000,
	LENGTH_DISTRIBUTION: zipf, INDEL_MODEL sim
2025-04-24 10:06:45,298[INFO][simulate_data.py][simulate_data]: Starting msa simulation
2025-04-24 10:06:49,528[INFO][correction.py][main]: 
	MAIN_PATH: /groups/pupko/elyawygoda/simulator_paper/bat_analysis/other_msas/374654_NT_AL_AA,
	SEED: 1745478360960396244, NUM_SIMS: 200, SEQUENCE_TYPE: AA,
	LENGTH_DISTRIBUTION: zipf, INDEL_MODEL rim
2025-04-24 10:06:49,569[INFO][correction.py][main]: 
	MAIN_PATH: /groups/pupko/elyawygoda/simulator_paper/bat_analysis/other_msas/374654_NT_AL_AA,
	SEED: 1745478360960396242, NUM_SIMS: 200, SEQUENCE_TYPE: AA,
	LENGTH_DISTRIBUTION: zipf, INDEL_MODEL sim
2025-04-24 10:06:49,703[INFO][correction.py][simulate_data]: Starting msa simulation
2025-04-24 10:06:49,756[INFO][correction.py][simulate_data]: Starting msa simulation
2025-04-24 10:13:01,687[INFO][correction.py][simulate_data]: Done with 200 msa simulations
2025-04-24 10:13:01,745[INFO][correction.py][compute_realigned_stats]: Realigning MSAs and recomputing stats
2025-04-24 10:13:55,305[INFO][correction.py][simulate_data]: Done with 200 msa simulations
2025-04-24 10:13:55,345[INFO][correction.py][compute_realigned_stats]: Realigning MSAs and recomputing stats
2025-04-24 20:00:37,919[INFO][correction.py][compute_realigned_stats]: Done recomputing stats
2025-04-24 20:00:37,935[INFO][correction.py][compute_regressors]: Performing regression on all realigned stats
2025-04-24 20:00:42,524[INFO][correction.py][compute_regressors]: Done with regression
2025-04-24 20:55:31,807[INFO][correction.py][compute_realigned_stats]: Done recomputing stats
2025-04-24 20:55:31,831[INFO][correction.py][compute_regressors]: Performing regression on all realigned stats
2025-04-24 20:55:36,177[INFO][correction.py][compute_regressors]: Done with regression
2025-04-25 14:22:25,710[INFO][simulate_data.py][simulate_data]: Done with 100000 msa simulations
2025-04-25 14:22:49,397[INFO][simulate_data.py][simulate_data]: Done with 100000 msa simulations
2025-04-25 14:23:01,147[INFO][abc_inference.py][main]: 
	MAIN_PATH: /groups/pupko/elyawygoda/simulator_paper/bat_analysis/other_msas/374654_NT_AL_AA
