2025-04-24 10:06:01,026[INFO][main.py][main]: 
	MAIN_PATH: /groups/pupko/elyawygoda/simulator_paper/bat_analysis/other_msas/4851_NT_AL_AA,
	SEED: 1745478361001606380, NUM_SIMS: 100000, NUM_SIMS_CORRECTION: 200, SEQUENCE_TYPE: AA
2025-04-24 10:06:45,154[INFO][simulate_data.py][main]: 
	MAIN_PATH: /groups/pupko/elyawygoda/simulator_paper/bat_analysis/other_msas/4851_NT_AL_AA,
	SEED: 1745478361001606380, NUM_SIMS: 100000,
	LENGTH_DISTRIBUTION: zipf, INDEL_MODEL sim
2025-04-24 10:06:45,430[INFO][simulate_data.py][simulate_data]: Starting msa simulation
2025-04-24 10:06:45,467[INFO][simulate_data.py][main]: 
	MAIN_PATH: /groups/pupko/elyawygoda/simulator_paper/bat_analysis/other_msas/4851_NT_AL_AA,
	SEED: 1745478361001606382, NUM_SIMS: 100000,
	LENGTH_DISTRIBUTION: zipf, INDEL_MODEL rim
2025-04-24 10:06:45,570[INFO][simulate_data.py][simulate_data]: Starting msa simulation
2025-04-24 10:06:49,564[INFO][correction.py][main]: 
	MAIN_PATH: /groups/pupko/elyawygoda/simulator_paper/bat_analysis/other_msas/4851_NT_AL_AA,
	SEED: 1745478361001606381, NUM_SIMS: 200, SEQUENCE_TYPE: AA,
	LENGTH_DISTRIBUTION: zipf, INDEL_MODEL sim
2025-04-24 10:06:49,564[INFO][correction.py][main]: 
	MAIN_PATH: /groups/pupko/elyawygoda/simulator_paper/bat_analysis/other_msas/4851_NT_AL_AA,
	SEED: 1745478361001606383, NUM_SIMS: 200, SEQUENCE_TYPE: AA,
	LENGTH_DISTRIBUTION: zipf, INDEL_MODEL rim
2025-04-24 10:06:49,803[INFO][correction.py][simulate_data]: Starting msa simulation
2025-04-24 10:06:49,810[INFO][correction.py][simulate_data]: Starting msa simulation
2025-04-24 10:15:36,786[INFO][correction.py][simulate_data]: Done with 200 msa simulations
2025-04-24 10:15:36,841[INFO][correction.py][compute_realigned_stats]: Realigning MSAs and recomputing stats
2025-04-24 10:15:44,334[INFO][correction.py][simulate_data]: Done with 200 msa simulations
2025-04-24 10:15:44,352[INFO][correction.py][compute_realigned_stats]: Realigning MSAs and recomputing stats
2025-04-25 09:15:36,695[INFO][simulate_data.py][simulate_data]: Done with 100000 msa simulations
2025-04-25 10:48:59,412[INFO][simulate_data.py][simulate_data]: Done with 100000 msa simulations
2025-04-26 02:03:53,512[INFO][correction.py][compute_realigned_stats]: Done recomputing stats
2025-04-26 02:03:53,516[INFO][correction.py][compute_regressors]: Performing regression on all realigned stats
2025-04-26 02:03:57,770[INFO][correction.py][compute_regressors]: Done with regression
2025-04-26 02:37:15,921[INFO][correction.py][compute_realigned_stats]: Done recomputing stats
2025-04-26 02:37:15,962[INFO][correction.py][compute_regressors]: Performing regression on all realigned stats
2025-04-26 02:37:20,206[INFO][correction.py][compute_regressors]: Done with regression
2025-04-26 02:37:41,419[INFO][abc_inference.py][main]: 
	MAIN_PATH: /groups/pupko/elyawygoda/simulator_paper/bat_analysis/other_msas/4851_NT_AL_AA
