2025-04-24 10:06:00,992[INFO][main.py][main]: 
	MAIN_PATH: /groups/pupko/elyawygoda/simulator_paper/bat_analysis/other_msas/51252_NT_AL_AA,
	SEED: 1745478360960401451, NUM_SIMS: 100000, NUM_SIMS_CORRECTION: 200, SEQUENCE_TYPE: AA
2025-04-24 10:06:44,713[INFO][simulate_data.py][main]: 
	MAIN_PATH: /groups/pupko/elyawygoda/simulator_paper/bat_analysis/other_msas/51252_NT_AL_AA,
	SEED: 1745478360960401453, NUM_SIMS: 100000,
	LENGTH_DISTRIBUTION: zipf, INDEL_MODEL rim
2025-04-24 10:06:44,991[INFO][simulate_data.py][simulate_data]: Starting msa simulation
2025-04-24 10:06:45,656[INFO][simulate_data.py][main]: 
	MAIN_PATH: /groups/pupko/elyawygoda/simulator_paper/bat_analysis/other_msas/51252_NT_AL_AA,
	SEED: 1745478360960401451, NUM_SIMS: 100000,
	LENGTH_DISTRIBUTION: zipf, INDEL_MODEL sim
2025-04-24 10:06:45,769[INFO][simulate_data.py][simulate_data]: Starting msa simulation
2025-04-24 10:06:49,551[INFO][correction.py][main]: 
	MAIN_PATH: /groups/pupko/elyawygoda/simulator_paper/bat_analysis/other_msas/51252_NT_AL_AA,
	SEED: 1745478360960401452, NUM_SIMS: 200, SEQUENCE_TYPE: AA,
	LENGTH_DISTRIBUTION: zipf, INDEL_MODEL sim
2025-04-24 10:06:49,573[INFO][correction.py][main]: 
	MAIN_PATH: /groups/pupko/elyawygoda/simulator_paper/bat_analysis/other_msas/51252_NT_AL_AA,
	SEED: 1745478360960401454, NUM_SIMS: 200, SEQUENCE_TYPE: AA,
	LENGTH_DISTRIBUTION: zipf, INDEL_MODEL rim
2025-04-24 10:06:49,921[INFO][correction.py][simulate_data]: Starting msa simulation
2025-04-24 10:06:49,964[INFO][correction.py][simulate_data]: Starting msa simulation
2025-04-24 10:15:26,497[INFO][correction.py][simulate_data]: Done with 200 msa simulations
2025-04-24 10:15:26,544[INFO][correction.py][compute_realigned_stats]: Realigning MSAs and recomputing stats
2025-04-24 10:16:20,286[INFO][correction.py][simulate_data]: Done with 200 msa simulations
2025-04-24 10:16:20,307[INFO][correction.py][compute_realigned_stats]: Realigning MSAs and recomputing stats
2025-04-24 12:22:28,259[INFO][correction.py][compute_realigned_stats]: Done recomputing stats
2025-04-24 12:22:28,280[INFO][correction.py][compute_regressors]: Performing regression on all realigned stats
2025-04-24 12:22:33,443[INFO][correction.py][compute_regressors]: Done with regression
2025-04-24 12:41:23,501[INFO][correction.py][compute_realigned_stats]: Done recomputing stats
2025-04-24 12:41:23,517[INFO][correction.py][compute_regressors]: Performing regression on all realigned stats
2025-04-24 12:41:28,408[INFO][correction.py][compute_regressors]: Done with regression
2025-04-25 05:35:54,634[INFO][simulate_data.py][simulate_data]: Done with 100000 msa simulations
2025-04-25 06:34:27,179[INFO][simulate_data.py][simulate_data]: Done with 100000 msa simulations
2025-04-25 06:34:52,146[INFO][abc_inference.py][main]: 
	MAIN_PATH: /groups/pupko/elyawygoda/simulator_paper/bat_analysis/other_msas/51252_NT_AL_AA
