2025-04-24 10:27:23,146[INFO][main.py][main]: 
	MAIN_PATH: /groups/pupko/elyawygoda/simulator_paper/bat_analysis/other_msas/64759_NT_AL_AA,
	SEED: 1745479643144345617, NUM_SIMS: 100000, NUM_SIMS_CORRECTION: 200, SEQUENCE_TYPE: AA
2025-04-24 10:27:28,828[INFO][simulate_data.py][main]: 
	MAIN_PATH: /groups/pupko/elyawygoda/simulator_paper/bat_analysis/other_msas/64759_NT_AL_AA,
	SEED: 1745479643144345617, NUM_SIMS: 100000,
	LENGTH_DISTRIBUTION: zipf, INDEL_MODEL sim
2025-04-24 10:27:28,943[INFO][simulate_data.py][simulate_data]: Starting msa simulation
2025-04-24 10:27:29,284[INFO][simulate_data.py][main]: 
	MAIN_PATH: /groups/pupko/elyawygoda/simulator_paper/bat_analysis/other_msas/64759_NT_AL_AA,
	SEED: 1745479643144345619, NUM_SIMS: 100000,
	LENGTH_DISTRIBUTION: zipf, INDEL_MODEL rim
2025-04-24 10:27:29,307[INFO][simulate_data.py][simulate_data]: Starting msa simulation
2025-04-24 10:27:29,522[INFO][correction.py][main]: 
	MAIN_PATH: /groups/pupko/elyawygoda/simulator_paper/bat_analysis/other_msas/64759_NT_AL_AA,
	SEED: 1745479643144345620, NUM_SIMS: 200, SEQUENCE_TYPE: AA,
	LENGTH_DISTRIBUTION: zipf, INDEL_MODEL rim
2025-04-24 10:27:29,645[INFO][correction.py][simulate_data]: Starting msa simulation
2025-04-24 10:27:29,745[INFO][correction.py][main]: 
	MAIN_PATH: /groups/pupko/elyawygoda/simulator_paper/bat_analysis/other_msas/64759_NT_AL_AA,
	SEED: 1745479643144345618, NUM_SIMS: 200, SEQUENCE_TYPE: AA,
	LENGTH_DISTRIBUTION: zipf, INDEL_MODEL sim
2025-04-24 10:27:29,864[INFO][correction.py][simulate_data]: Starting msa simulation
2025-04-24 10:31:53,651[INFO][correction.py][simulate_data]: Done with 200 msa simulations
2025-04-24 10:31:53,685[INFO][correction.py][compute_realigned_stats]: Realigning MSAs and recomputing stats
2025-04-24 10:32:08,094[INFO][correction.py][simulate_data]: Done with 200 msa simulations
2025-04-24 10:32:08,121[INFO][correction.py][compute_realigned_stats]: Realigning MSAs and recomputing stats
2025-04-24 16:57:18,230[INFO][simulate_data.py][simulate_data]: Done with 100000 msa simulations
2025-04-24 17:03:38,811[INFO][simulate_data.py][simulate_data]: Done with 100000 msa simulations
2025-04-24 20:15:23,832[INFO][correction.py][compute_realigned_stats]: Done recomputing stats
2025-04-24 20:15:23,893[INFO][correction.py][compute_regressors]: Performing regression on all realigned stats
2025-04-24 20:15:28,209[INFO][correction.py][compute_regressors]: Done with regression
2025-04-24 20:52:35,056[INFO][correction.py][compute_realigned_stats]: Done recomputing stats
2025-04-24 20:52:35,057[INFO][correction.py][compute_regressors]: Performing regression on all realigned stats
2025-04-24 20:52:39,313[INFO][correction.py][compute_regressors]: Done with regression
2025-04-24 20:53:04,947[INFO][abc_inference.py][main]: 
	MAIN_PATH: /groups/pupko/elyawygoda/simulator_paper/bat_analysis/other_msas/64759_NT_AL_AA
