2025-04-24 10:28:57,629[INFO][main.py][main]: 
	MAIN_PATH: /groups/pupko/elyawygoda/simulator_paper/bat_analysis/other_msas/7984_NT_AL_AA,
	SEED: 1745479737610616169, NUM_SIMS: 100000, NUM_SIMS_CORRECTION: 200, SEQUENCE_TYPE: AA
2025-04-24 10:29:19,935[INFO][simulate_data.py][main]: 
	MAIN_PATH: /groups/pupko/elyawygoda/simulator_paper/bat_analysis/other_msas/7984_NT_AL_AA,
	SEED: 1745479737610616169, NUM_SIMS: 100000,
	LENGTH_DISTRIBUTION: zipf, INDEL_MODEL sim
2025-04-24 10:29:20,010[INFO][simulate_data.py][main]: 
	MAIN_PATH: /groups/pupko/elyawygoda/simulator_paper/bat_analysis/other_msas/7984_NT_AL_AA,
	SEED: 1745479737610616171, NUM_SIMS: 100000,
	LENGTH_DISTRIBUTION: zipf, INDEL_MODEL rim
2025-04-24 10:29:20,048[INFO][simulate_data.py][simulate_data]: Starting msa simulation
2025-04-24 10:29:20,048[INFO][simulate_data.py][simulate_data]: Starting msa simulation
2025-04-24 10:29:23,229[INFO][correction.py][main]: 
	MAIN_PATH: /groups/pupko/elyawygoda/simulator_paper/bat_analysis/other_msas/7984_NT_AL_AA,
	SEED: 1745479737610616170, NUM_SIMS: 200, SEQUENCE_TYPE: AA,
	LENGTH_DISTRIBUTION: zipf, INDEL_MODEL sim
2025-04-24 10:29:23,248[INFO][correction.py][main]: 
	MAIN_PATH: /groups/pupko/elyawygoda/simulator_paper/bat_analysis/other_msas/7984_NT_AL_AA,
	SEED: 1745479737610616172, NUM_SIMS: 200, SEQUENCE_TYPE: AA,
	LENGTH_DISTRIBUTION: zipf, INDEL_MODEL rim
2025-04-24 10:29:23,407[INFO][correction.py][simulate_data]: Starting msa simulation
2025-04-24 10:29:23,474[INFO][correction.py][simulate_data]: Starting msa simulation
2025-04-24 10:34:27,054[INFO][correction.py][simulate_data]: Done with 200 msa simulations
2025-04-24 10:34:27,129[INFO][correction.py][compute_realigned_stats]: Realigning MSAs and recomputing stats
2025-04-24 10:34:46,473[INFO][correction.py][simulate_data]: Done with 200 msa simulations
2025-04-24 10:34:46,496[INFO][correction.py][compute_realigned_stats]: Realigning MSAs and recomputing stats
2025-04-24 19:08:25,169[INFO][simulate_data.py][simulate_data]: Done with 100000 msa simulations
2025-04-24 19:15:05,984[INFO][simulate_data.py][simulate_data]: Done with 100000 msa simulations
2025-04-24 23:22:48,494[INFO][correction.py][compute_realigned_stats]: Done recomputing stats
2025-04-24 23:22:48,502[INFO][correction.py][compute_regressors]: Performing regression on all realigned stats
2025-04-24 23:22:52,824[INFO][correction.py][compute_regressors]: Done with regression
2025-04-25 02:00:02,141[INFO][correction.py][compute_realigned_stats]: Done recomputing stats
2025-04-25 02:00:02,158[INFO][correction.py][compute_regressors]: Performing regression on all realigned stats
2025-04-25 02:00:06,571[INFO][correction.py][compute_regressors]: Done with regression
2025-04-25 02:00:18,741[INFO][abc_inference.py][main]: 
	MAIN_PATH: /groups/pupko/elyawygoda/simulator_paper/bat_analysis/other_msas/7984_NT_AL_AA
