2025-04-24 10:32:09,674[INFO][main.py][main]: 
	MAIN_PATH: /groups/pupko/elyawygoda/simulator_paper/bat_analysis/other_msas/84886_NT_AL_AA,
	SEED: 1745479929648251491, NUM_SIMS: 100000, NUM_SIMS_CORRECTION: 200, SEQUENCE_TYPE: AA
2025-04-24 10:32:23,594[INFO][simulate_data.py][main]: 
	MAIN_PATH: /groups/pupko/elyawygoda/simulator_paper/bat_analysis/other_msas/84886_NT_AL_AA,
	SEED: 1745479929648251491, NUM_SIMS: 100000,
	LENGTH_DISTRIBUTION: zipf, INDEL_MODEL sim
2025-04-24 10:32:23,651[INFO][simulate_data.py][main]: 
	MAIN_PATH: /groups/pupko/elyawygoda/simulator_paper/bat_analysis/other_msas/84886_NT_AL_AA,
	SEED: 1745479929648251493, NUM_SIMS: 100000,
	LENGTH_DISTRIBUTION: zipf, INDEL_MODEL rim
2025-04-24 10:32:23,837[INFO][simulate_data.py][simulate_data]: Starting msa simulation
2025-04-24 10:32:23,837[INFO][simulate_data.py][simulate_data]: Starting msa simulation
2025-04-24 10:32:24,662[INFO][correction.py][main]: 
	MAIN_PATH: /groups/pupko/elyawygoda/simulator_paper/bat_analysis/other_msas/84886_NT_AL_AA,
	SEED: 1745479929648251494, NUM_SIMS: 200, SEQUENCE_TYPE: AA,
	LENGTH_DISTRIBUTION: zipf, INDEL_MODEL rim
2025-04-24 10:32:24,690[INFO][correction.py][main]: 
	MAIN_PATH: /groups/pupko/elyawygoda/simulator_paper/bat_analysis/other_msas/84886_NT_AL_AA,
	SEED: 1745479929648251492, NUM_SIMS: 200, SEQUENCE_TYPE: AA,
	LENGTH_DISTRIBUTION: zipf, INDEL_MODEL sim
2025-04-24 10:32:24,831[INFO][correction.py][simulate_data]: Starting msa simulation
2025-04-24 10:32:24,842[INFO][correction.py][simulate_data]: Starting msa simulation
2025-04-24 10:34:55,033[INFO][correction.py][simulate_data]: Done with 200 msa simulations
2025-04-24 10:34:55,092[INFO][correction.py][compute_realigned_stats]: Realigning MSAs and recomputing stats
2025-04-24 10:35:09,832[INFO][correction.py][simulate_data]: Done with 200 msa simulations
2025-04-24 10:35:09,859[INFO][correction.py][compute_realigned_stats]: Realigning MSAs and recomputing stats
2025-04-24 11:14:08,997[INFO][correction.py][compute_realigned_stats]: Done recomputing stats
2025-04-24 11:14:09,020[INFO][correction.py][compute_regressors]: Performing regression on all realigned stats
2025-04-24 11:14:13,561[INFO][correction.py][compute_regressors]: Done with regression
2025-04-24 11:23:06,897[INFO][correction.py][compute_realigned_stats]: Done recomputing stats
2025-04-24 11:23:06,935[INFO][correction.py][compute_regressors]: Performing regression on all realigned stats
2025-04-24 11:23:11,132[INFO][correction.py][compute_regressors]: Done with regression
2025-04-24 14:51:24,194[INFO][simulate_data.py][simulate_data]: Done with 100000 msa simulations
2025-04-24 15:42:44,635[INFO][simulate_data.py][simulate_data]: Done with 100000 msa simulations
2025-04-24 15:43:20,081[INFO][abc_inference.py][main]: 
	MAIN_PATH: /groups/pupko/elyawygoda/simulator_paper/bat_analysis/other_msas/84886_NT_AL_AA
